\BOOKMARK [1][-]{section.1}{\376\377\000C\000a\000l\000c\000u\000l\000a\000t\000o\000r\000/\000A\000c\000e\000o\000f\000B\000a\000s\000e\000s\000/\000i\000n\000d\000e\000x\000.\000h\000t\000m\000l}{}% 1
\BOOKMARK [1][-]{section.2}{\376\377\000C\000a\000l\000c\000u\000l\000a\000t\000o\000r\000/\000A\000c\000e\000o\000f\000B\000a\000s\000e\000s\000/\000s\000c\000r\000i\000p\000t\000.\000j\000s}{}% 2
\BOOKMARK [1][-]{section.3}{\376\377\000C\000a\000l\000c\000u\000l\000a\000t\000o\000r\000/\000E\000m\000e\000r\000g\000e\000n\000t\000\137\000B\000e\000h\000a\000v\000i\000o\000r\000.\000h\000t\000m\000l}{}% 3
\BOOKMARK [1][-]{section.4}{\376\377\000C\000a\000l\000c\000u\000l\000a\000t\000o\000r\000/\000I\000n\000c\000o\000m\000p\000a\000t\000i\000b\000i\000l\000i\000t\000y\000\137\000S\000e\000m\000a\000n\000t\000i\000c\000s\000.\000h\000t\000m\000l}{}% 4
\BOOKMARK [1][-]{section.5}{\376\377\000C\000a\000l\000c\000u\000l\000a\000t\000o\000r\000/\000L\000K\000\137\000R\000B\000\137\000S\000y\000n\000t\000h\000e\000s\000i\000s\000/\000C\000H\000A\000N\000G\000E\000L\000O\000G\000.\000m\000d}{}% 5
\BOOKMARK [1][-]{section.6}{\376\377\000C\000a\000l\000c\000u\000l\000a\000t\000o\000r\000/\000L\000K\000\137\000R\000B\000\137\000S\000y\000n\000t\000h\000e\000s\000i\000s\000/\000E\000N\000H\000A\000N\000C\000E\000M\000E\000N\000T\000\137\000P\000R\000O\000P\000O\000S\000A\000L\000S\000.\000m\000d}{}% 6
\BOOKMARK [1][-]{section.7}{\376\377\000C\000a\000l\000c\000u\000l\000a\000t\000o\000r\000/\000L\000K\000\137\000R\000B\000\137\000S\000y\000n\000t\000h\000e\000s\000i\000s\000/\000P\000A\000C\000K\000A\000G\000I\000N\000G\000\137\000C\000O\000M\000P\000L\000E\000T\000E\000.\000m\000d}{}% 7
\BOOKMARK [1][-]{section.8}{\376\377\000C\000a\000l\000c\000u\000l\000a\000t\000o\000r\000/\000L\000K\000\137\000R\000B\000\137\000S\000y\000n\000t\000h\000e\000s\000i\000s\000/\000P\000y\000t\000h\000o\000n\000\137\000T\000e\000s\000t\000s\000/\000G\000E\000M\000I\000N\000I\000\137\000H\000e\000r\000m\000e\000n\000e\000u\000t\000i\000c\000\137\000C\000a\000l\000c\000u\000l\000a\000t\000o\000r\000.\000m\000d}{}% 8
\BOOKMARK [1][-]{section.9}{\376\377\000C\000a\000l\000c\000u\000l\000a\000t\000o\000r\000/\000L\000K\000\137\000R\000B\000\137\000S\000y\000n\000t\000h\000e\000s\000i\000s\000/\000P\000y\000t\000h\000o\000n\000\137\000T\000e\000s\000t\000s\000/\000H\000e\000r\000m\000e\000n\000e\000u\000t\000i\000c\000\137\000C\000a\000l\000c\000u\000l\000a\000t\000o\000r\000\137\000C\000l\000e\000a\000n\000\137\000D\000r\000a\000f\000t\000.\000m\000d}{}% 9
\BOOKMARK [1][-]{section.10}{\376\377\000C\000a\000l\000c\000u\000l\000a\000t\000o\000r\000/\000L\000K\000\137\000R\000B\000\137\000S\000y\000n\000t\000h\000e\000s\000i\000s\000/\000P\000y\000t\000h\000o\000n\000\137\000T\000e\000s\000t\000s\000/\000S\000A\000R\000\137\000A\000D\000D\000\137\000R\000o\000u\000n\000d\000i\000n\000g\000.\000p\000y}{}% 10
\BOOKMARK [1][-]{section.11}{\376\377\000C\000a\000l\000c\000u\000l\000a\000t\000o\000r\000/\000L\000K\000\137\000R\000B\000\137\000S\000y\000n\000t\000h\000e\000s\000i\000s\000/\000P\000y\000t\000h\000o\000n\000\137\000T\000e\000s\000t\000s\000/\000S\000A\000R\000\137\000S\000U\000B\000\137\000R\000o\000u\000n\000d\000i\000n\000g\000.\000p\000y}{}% 11
\BOOKMARK [1][-]{section.12}{\376\377\000C\000a\000l\000c\000u\000l\000a\000t\000o\000r\000/\000L\000K\000\137\000R\000B\000\137\000S\000y\000n\000t\000h\000e\000s\000i\000s\000/\000P\000y\000t\000h\000o\000n\000\137\000T\000e\000s\000t\000s\000/\000S\000M\000R\000\137\000D\000I\000V\000\137\000C\000o\000n\000v\000e\000r\000t\000i\000n\000g\000\137\000T\000o\000\137\000G\000r\000o\000u\000p\000s\000\137\000O\000t\000h\000e\000r\000\137\000T\000h\000a\000n\000\137\000B\000a\000s\000e\000s\000.\000p\000y}{}% 12
\BOOKMARK [1][-]{section.13}{\376\377\000C\000a\000l\000c\000u\000l\000a\000t\000o\000r\000/\000L\000K\000\137\000R\000B\000\137\000S\000y\000n\000t\000h\000e\000s\000i\000s\000/\000P\000y\000t\000h\000o\000n\000\137\000T\000e\000s\000t\000s\000/\000S\000M\000R\000\137\000D\000I\000V\000\137\000D\000e\000a\000l\000i\000n\000g\000\137\000b\000y\000\137\000O\000n\000e\000s\000.\000p\000y}{}% 13
\BOOKMARK [1][-]{section.14}{\376\377\000C\000a\000l\000c\000u\000l\000a\000t\000o\000r\000/\000L\000K\000\137\000R\000B\000\137\000S\000y\000n\000t\000h\000e\000s\000i\000s\000/\000P\000y\000t\000h\000o\000n\000\137\000T\000e\000s\000t\000s\000/\000S\000M\000R\000\137\000D\000I\000V\000\137\000I\000D\000P\000.\000p\000y}{}% 14
\BOOKMARK [1][-]{section.15}{\376\377\000C\000a\000l\000c\000u\000l\000a\000t\000o\000r\000/\000L\000K\000\137\000R\000B\000\137\000S\000y\000n\000t\000h\000e\000s\000i\000s\000/\000P\000y\000t\000h\000o\000n\000\137\000T\000e\000s\000t\000s\000/\000S\000M\000R\000\137\000D\000I\000V\000\137\000U\000C\000R\000.\000p\000y}{}% 15
\BOOKMARK [1][-]{section.16}{\376\377\000C\000a\000l\000c\000u\000l\000a\000t\000o\000r\000/\000L\000K\000\137\000R\000B\000\137\000S\000y\000n\000t\000h\000e\000s\000i\000s\000/\000P\000y\000t\000h\000o\000n\000\137\000T\000e\000s\000t\000s\000/\000S\000M\000R\000\137\000M\000U\000L\000T\000\137\000C\0002\000C\000.\000p\000y}{}% 16
\BOOKMARK [1][-]{section.17}{\376\377\000C\000a\000l\000c\000u\000l\000a\000t\000o\000r\000/\000L\000K\000\137\000R\000B\000\137\000S\000y\000n\000t\000h\000e\000s\000i\000s\000/\000P\000y\000t\000h\000o\000n\000\137\000T\000e\000s\000t\000s\000/\000S\000M\000R\000\137\000M\000U\000L\000T\000\137\000C\000B\000O\000.\000p\000y}{}% 17
\BOOKMARK [1][-]{section.18}{\376\377\000C\000a\000l\000c\000u\000l\000a\000t\000o\000r\000/\000L\000K\000\137\000R\000B\000\137\000S\000y\000n\000t\000h\000e\000s\000i\000s\000/\000P\000y\000t\000h\000o\000n\000\137\000T\000e\000s\000t\000s\000/\000S\000M\000R\000\137\000M\000U\000L\000T\000\137\000C\000O\000M\000M\000U\000T\000A\000T\000I\000V\000E\000\137\000R\000E\000A\000S\000O\000N\000I\000N\000G\000.\000p\000y}{}% 18
\BOOKMARK [1][-]{section.19}{\376\377\000C\000a\000l\000c\000u\000l\000a\000t\000o\000r\000/\000L\000K\000\137\000R\000B\000\137\000S\000y\000n\000t\000h\000e\000s\000i\000s\000/\000P\000y\000t\000h\000o\000n\000\137\000T\000e\000s\000t\000s\000/\000S\000M\000R\000\137\000M\000U\000L\000T\000\137\000D\000R\000.\000p\000y}{}% 19
\BOOKMARK [1][-]{section.20}{\376\377\000C\000a\000l\000c\000u\000l\000a\000t\000o\000r\000/\000L\000K\000\137\000R\000B\000\137\000S\000y\000n\000t\000h\000e\000s\000i\000s\000/\000P\000y\000t\000h\000o\000n\000\137\000T\000e\000s\000t\000s\000/\000c\000o\000u\000n\000t\000i\000n\000g\0002\000.\000p\000y}{}% 20
\BOOKMARK [1][-]{section.21}{\376\377\000C\000a\000l\000c\000u\000l\000a\000t\000o\000r\000/\000L\000K\000\137\000R\000B\000\137\000S\000y\000n\000t\000h\000e\000s\000i\000s\000/\000P\000y\000t\000h\000o\000n\000\137\000T\000e\000s\000t\000s\000/\000c\000o\000u\000n\000t\000i\000n\000g\000\137\000o\000n\000\137\000b\000a\000c\000k\000.\000p\000y}{}% 21
\BOOKMARK [1][-]{section.22}{\376\377\000C\000a\000l\000c\000u\000l\000a\000t\000o\000r\000/\000L\000K\000\137\000R\000B\000\137\000S\000y\000n\000t\000h\000e\000s\000i\000s\000/\000P\000y\000t\000h\000o\000n\000\137\000T\000e\000s\000t\000s\000/\000h\000e\000r\000m\000e\000n\000e\000u\000t\000i\000c\000\137\000C\000o\000u\000n\000t\000\137\000T\000h\000r\000o\000u\000g\000h\000\137\000S\000u\000b\000t\000r\000a\000c\000t\000i\000o\000n\000.\000p\000y}{}% 22
\BOOKMARK [1][-]{section.23}{\376\377\000C\000a\000l\000c\000u\000l\000a\000t\000o\000r\000/\000L\000K\000\137\000R\000B\000\137\000S\000y\000n\000t\000h\000e\000s\000i\000s\000/\000P\000y\000t\000h\000o\000n\000\137\000T\000e\000s\000t\000s\000/\000j\000a\000s\000o\000n\000.\000p\000y}{}% 23
\BOOKMARK [1][-]{section.24}{\376\377\000C\000a\000l\000c\000u\000l\000a\000t\000o\000r\000/\000L\000K\000\137\000R\000B\000\137\000S\000y\000n\000t\000h\000e\000s\000i\000s\000/\000P\000y\000t\000h\000o\000n\000\137\000T\000e\000s\000t\000s\000/\000m\000i\000n\000i\000m\000a\000l\000.\000m\000d}{}% 24
\BOOKMARK [1][-]{section.25}{\376\377\000C\000a\000l\000c\000u\000l\000a\000t\000o\000r\000/\000L\000K\000\137\000R\000B\000\137\000S\000y\000n\000t\000h\000e\000s\000i\000s\000/\000R\000E\000A\000D\000M\000E\000.\000m\000d}{}% 25
\BOOKMARK [1][-]{section.26}{\376\377\000C\000a\000l\000c\000u\000l\000a\000t\000o\000r\000/\000L\000K\000\137\000R\000B\000\137\000S\000y\000n\000t\000h\000e\000s\000i\000s\000/\000d\000a\000t\000a\000/\000s\000t\000r\000a\000t\000e\000g\000y\000\137\000m\000e\000t\000a\000d\000a\000t\000a\000.\000j\000s\000o\000n}{}% 26
\BOOKMARK [1][-]{section.27}{\376\377\000C\000a\000l\000c\000u\000l\000a\000t\000o\000r\000/\000L\000K\000\137\000R\000B\000\137\000S\000y\000n\000t\000h\000e\000s\000i\000s\000/\000m\000a\000i\000n\000.\000p\000y}{}% 27
\BOOKMARK [1][-]{section.28}{\376\377\000C\000a\000l\000c\000u\000l\000a\000t\000o\000r\000/\000L\000K\000\137\000R\000B\000\137\000S\000y\000n\000t\000h\000e\000s\000i\000s\000/\000m\000u\000a\000\137\000r\000e\000p\000o\000r\000t\000\137\000g\000e\000n\000e\000r\000a\000t\000o\000r\000.\000p\000y}{}% 28
\BOOKMARK [1][-]{section.29}{\376\377\000C\000a\000l\000c\000u\000l\000a\000t\000o\000r\000/\000L\000K\000\137\000R\000B\000\137\000S\000y\000n\000t\000h\000e\000s\000i\000s\000/\000m\000u\000d\000\137\000g\000e\000n\000e\000r\000a\000t\000o\000r\000.\000p\000y}{}% 29
\BOOKMARK [1][-]{section.30}{\376\377\000C\000a\000l\000c\000u\000l\000a\000t\000o\000r\000/\000L\000K\000\137\000R\000B\000\137\000S\000y\000n\000t\000h\000e\000s\000i\000s\000/\000o\000u\000t\000p\000u\000t\000/\000a\000n\000a\000l\000y\000s\000i\000s\000\137\000r\000e\000s\000u\000l\000t\000s\000.\000j\000s\000o\000n}{}% 30
\BOOKMARK [1][-]{section.31}{\376\377\000C\000a\000l\000c\000u\000l\000a\000t\000o\000r\000/\000L\000K\000\137\000R\000B\000\137\000S\000y\000n\000t\000h\000e\000s\000i\000s\000/\000o\000u\000t\000p\000u\000t\000/\000e\000p\000l\000e\000\137\000r\000e\000s\000u\000l\000t\000s\000.\000j\000s\000o\000n}{}% 31
\BOOKMARK [1][-]{section.32}{\376\377\000C\000a\000l\000c\000u\000l\000a\000t\000o\000r\000/\000L\000K\000\137\000R\000B\000\137\000S\000y\000n\000t\000h\000e\000s\000i\000s\000/\000o\000u\000t\000p\000u\000t\000/\000m\000u\000a\000\137\000f\000u\000l\000l\000\137\000r\000e\000p\000o\000r\000t\000.\000m\000d}{}% 32
\BOOKMARK [1][-]{section.33}{\376\377\000C\000a\000l\000c\000u\000l\000a\000t\000o\000r\000/\000L\000K\000\137\000R\000B\000\137\000S\000y\000n\000t\000h\000e\000s\000i\000s\000/\000o\000u\000t\000p\000u\000t\000/\000m\000u\000a\000\137\000s\000t\000r\000a\000t\000e\000g\000y\000\137\000A\000D\000D\000\137\000C\000O\000B\000O\000.\000m\000d}{}% 33
\BOOKMARK [1][-]{section.34}{\376\377\000C\000a\000l\000c\000u\000l\000a\000t\000o\000r\000/\000L\000K\000\137\000R\000B\000\137\000S\000y\000n\000t\000h\000e\000s\000i\000s\000/\000o\000u\000t\000p\000u\000t\000/\000m\000u\000d\000\137\000d\000i\000a\000g\000r\000a\000m\000s\000.\000j\000s\000o\000n}{}% 34
\BOOKMARK [1][-]{section.35}{\376\377\000C\000a\000l\000c\000u\000l\000a\000t\000o\000r\000/\000L\000K\000\137\000R\000B\000\137\000S\000y\000n\000t\000h\000e\000s\000i\000s\000/\000r\000e\000q\000u\000i\000r\000e\000m\000e\000n\000t\000s\000.\000t\000x\000t}{}% 35
\BOOKMARK [1][-]{section.36}{\376\377\000C\000a\000l\000c\000u\000l\000a\000t\000o\000r\000/\000L\000K\000\137\000R\000B\000\137\000S\000y\000n\000t\000h\000e\000s\000i\000s\000/\000s\000c\000r\000i\000p\000t\000s\000/\000p\000a\000r\000s\000e\000\137\000j\000u\000l\000e\000s\000\137\000a\000n\000a\000l\000y\000s\000i\000s\000.\000p\000y}{}% 36
\BOOKMARK [1][-]{section.37}{\376\377\000C\000a\000l\000c\000u\000l\000a\000t\000o\000r\000/\000L\000K\000\137\000R\000B\000\137\000S\000y\000n\000t\000h\000e\000s\000i\000s\000/\000s\000c\000r\000i\000p\000t\000s\000/\000p\000a\000r\000s\000e\000\137\000m\000e\000t\000a\000p\000h\000o\000r\000\137\000k\000b\000.\000p\000y}{}% 37
\BOOKMARK [1][-]{section.38}{\376\377\000C\000a\000l\000c\000u\000l\000a\000t\000o\000r\000/\000L\000K\000\137\000R\000B\000\137\000S\000y\000n\000t\000h\000e\000s\000i\000s\000/\000s\000c\000r\000i\000p\000t\000s\000/\000r\000u\000n\000\137\000f\000u\000l\000l\000\137\000a\000n\000a\000l\000y\000s\000i\000s\000.\000p\000y}{}% 38
\BOOKMARK [1][-]{section.39}{\376\377\000C\000a\000l\000c\000u\000l\000a\000t\000o\000r\000/\000L\000K\000\137\000R\000B\000\137\000S\000y\000n\000t\000h\000e\000s\000i\000s\000/\000s\000c\000r\000i\000p\000t\000s\000/\000r\000u\000n\000\137\000l\000x\000\137\000a\000n\000a\000l\000y\000s\000i\000s\000.\000p\000y}{}% 39
\BOOKMARK [1][-]{section.40}{\376\377\000C\000a\000l\000c\000u\000l\000a\000t\000o\000r\000/\000L\000K\000\137\000R\000B\000\137\000S\000y\000n\000t\000h\000e\000s\000i\000s\000/\000s\000c\000r\000i\000p\000t\000s\000/\000r\000u\000n\000\137\000v\000i\000s\000u\000a\000l\000i\000z\000a\000t\000i\000o\000n\000.\000p\000y}{}% 40
\BOOKMARK [1][-]{section.41}{\376\377\000C\000a\000l\000c\000u\000l\000a\000t\000o\000r\000/\000L\000K\000\137\000R\000B\000\137\000S\000y\000n\000t\000h\000e\000s\000i\000s\000/\000s\000r\000c\000/\000a\000n\000a\000l\000y\000s\000i\000s\000/\000M\000U\000A\000\137\000M\000e\000t\000a\000d\000a\000t\000a\000.\000p\000y}{}% 41
\BOOKMARK [1][-]{section.42}{\376\377\000C\000a\000l\000c\000u\000l\000a\000t\000o\000r\000/\000L\000K\000\137\000R\000B\000\137\000S\000y\000n\000t\000h\000e\000s\000i\000s\000/\000s\000r\000c\000/\000a\000n\000a\000l\000y\000s\000i\000s\000/\000M\000U\000D\000\137\000G\000e\000n\000e\000r\000a\000t\000o\000r\000.\000p\000y}{}% 42
\BOOKMARK [1][-]{section.43}{\376\377\000C\000a\000l\000c\000u\000l\000a\000t\000o\000r\000/\000L\000K\000\137\000R\000B\000\137\000S\000y\000n\000t\000h\000e\000s\000i\000s\000/\000s\000r\000c\000/\000a\000u\000t\000o\000m\000a\000t\000a\000/\000B\000a\000s\000e\000A\000u\000t\000o\000m\000a\000t\000o\000n\000.\000p\000y}{}% 43
\BOOKMARK [1][-]{section.44}{\376\377\000C\000a\000l\000c\000u\000l\000a\000t\000o\000r\000/\000L\000K\000\137\000R\000B\000\137\000S\000y\000n\000t\000h\000e\000s\000i\000s\000/\000s\000r\000c\000/\000a\000u\000t\000o\000m\000a\000t\000a\000/\000a\000d\000d\000i\000t\000i\000o\000n\000/\000C\000B\000B\000O\000.\000p\000y}{}% 44
\BOOKMARK [1][-]{section.45}{\376\377\000C\000a\000l\000c\000u\000l\000a\000t\000o\000r\000/\000L\000K\000\137\000R\000B\000\137\000S\000y\000n\000t\000h\000e\000s\000i\000s\000/\000s\000r\000c\000/\000a\000u\000t\000o\000m\000a\000t\000a\000/\000a\000d\000d\000i\000t\000i\000o\000n\000/\000S\000A\000R\000\137\000A\000D\000D\000\137\000C\000O\000B\000O\000.\000p\000y}{}% 45
\BOOKMARK [1][-]{section.46}{\376\377\000C\000a\000l\000c\000u\000l\000a\000t\000o\000r\000/\000L\000K\000\137\000R\000B\000\137\000S\000y\000n\000t\000h\000e\000s\000i\000s\000/\000s\000r\000c\000/\000a\000u\000t\000o\000m\000a\000t\000a\000/\000a\000d\000d\000i\000t\000i\000o\000n\000/\000S\000A\000R\000\137\000A\000D\000D\000\137\000C\000h\000u\000n\000k\000i\000n\000g\000.\000p\000y}{}% 46
\BOOKMARK [1][-]{section.47}{\376\377\000C\000a\000l\000c\000u\000l\000a\000t\000o\000r\000/\000L\000K\000\137\000R\000B\000\137\000S\000y\000n\000t\000h\000e\000s\000i\000s\000/\000s\000r\000c\000/\000a\000u\000t\000o\000m\000a\000t\000a\000/\000a\000d\000d\000i\000t\000i\000o\000n\000/\000S\000A\000R\000\137\000A\000D\000D\000\137\000C\000o\000u\000n\000t\000i\000n\000g\000.\000p\000y}{}% 47
\BOOKMARK [1][-]{section.48}{\376\377\000C\000a\000l\000c\000u\000l\000a\000t\000o\000r\000/\000L\000K\000\137\000R\000B\000\137\000S\000y\000n\000t\000h\000e\000s\000i\000s\000/\000s\000r\000c\000/\000a\000u\000t\000o\000m\000a\000t\000a\000/\000a\000d\000d\000i\000t\000i\000o\000n\000/\000S\000A\000R\000\137\000A\000D\000D\000\137\000R\000M\000B\000.\000p\000y}{}% 48
\BOOKMARK [1][-]{section.49}{\376\377\000C\000a\000l\000c\000u\000l\000a\000t\000o\000r\000/\000L\000K\000\137\000R\000B\000\137\000S\000y\000n\000t\000h\000e\000s\000i\000s\000/\000s\000r\000c\000/\000a\000u\000t\000o\000m\000a\000t\000a\000/\000a\000d\000d\000i\000t\000i\000o\000n\000/\000S\000A\000R\000\137\000A\000D\000D\000\137\000R\000o\000u\000n\000d\000i\000n\000g\000.\000p\000y}{}% 49
\BOOKMARK [1][-]{section.50}{\376\377\000C\000a\000l\000c\000u\000l\000a\000t\000o\000r\000/\000L\000K\000\137\000R\000B\000\137\000S\000y\000n\000t\000h\000e\000s\000i\000s\000/\000s\000r\000c\000/\000a\000u\000t\000o\000m\000a\000t\000a\000/\000d\000i\000v\000i\000s\000i\000o\000n\000/\000S\000M\000R\000\137\000D\000I\000V\000\137\000C\000G\000O\000B\000.\000p\000y}{}% 50
\BOOKMARK [1][-]{section.51}{\376\377\000C\000a\000l\000c\000u\000l\000a\000t\000o\000r\000/\000L\000K\000\137\000R\000B\000\137\000S\000y\000n\000t\000h\000e\000s\000i\000s\000/\000s\000r\000c\000/\000a\000u\000t\000o\000m\000a\000t\000a\000/\000d\000i\000v\000i\000s\000i\000o\000n\000/\000S\000M\000R\000\137\000D\000I\000V\000\137\000D\000e\000a\000l\000i\000n\000g\000B\000y\000O\000n\000e\000s\000.\000p\000y}{}% 51
\BOOKMARK [1][-]{section.52}{\376\377\000C\000a\000l\000c\000u\000l\000a\000t\000o\000r\000/\000L\000K\000\137\000R\000B\000\137\000S\000y\000n\000t\000h\000e\000s\000i\000s\000/\000s\000r\000c\000/\000a\000u\000t\000o\000m\000a\000t\000a\000/\000d\000i\000v\000i\000s\000i\000o\000n\000/\000S\000M\000R\000\137\000D\000I\000V\000\137\000I\000D\000R\000.\000p\000y}{}% 52
\BOOKMARK [1][-]{section.53}{\376\377\000C\000a\000l\000c\000u\000l\000a\000t\000o\000r\000/\000L\000K\000\137\000R\000B\000\137\000S\000y\000n\000t\000h\000e\000s\000i\000s\000/\000s\000r\000c\000/\000a\000u\000t\000o\000m\000a\000t\000a\000/\000d\000i\000v\000i\000s\000i\000o\000n\000/\000S\000M\000R\000\137\000D\000I\000V\000\137\000U\000C\000R\000.\000p\000y}{}% 53
\BOOKMARK [1][-]{section.54}{\376\377\000C\000a\000l\000c\000u\000l\000a\000t\000o\000r\000/\000L\000K\000\137\000R\000B\000\137\000S\000y\000n\000t\000h\000e\000s\000i\000s\000/\000s\000r\000c\000/\000a\000u\000t\000o\000m\000a\000t\000a\000/\000m\000u\000l\000t\000i\000p\000l\000i\000c\000a\000t\000i\000o\000n\000/\000S\000M\000R\000\137\000M\000U\000L\000T\000\137\000C\0002\000C\000.\000p\000y}{}% 54
\BOOKMARK [1][-]{section.55}{\376\377\000C\000a\000l\000c\000u\000l\000a\000t\000o\000r\000/\000L\000K\000\137\000R\000B\000\137\000S\000y\000n\000t\000h\000e\000s\000i\000s\000/\000s\000r\000c\000/\000a\000u\000t\000o\000m\000a\000t\000a\000/\000m\000u\000l\000t\000i\000p\000l\000i\000c\000a\000t\000i\000o\000n\000/\000S\000M\000R\000\137\000M\000U\000L\000T\000\137\000C\000B\000O\000.\000p\000y}{}% 55
\BOOKMARK [1][-]{section.56}{\376\377\000C\000a\000l\000c\000u\000l\000a\000t\000o\000r\000/\000L\000K\000\137\000R\000B\000\137\000S\000y\000n\000t\000h\000e\000s\000i\000s\000/\000s\000r\000c\000/\000a\000u\000t\000o\000m\000a\000t\000a\000/\000m\000u\000l\000t\000i\000p\000l\000i\000c\000a\000t\000i\000o\000n\000/\000S\000M\000R\000\137\000M\000U\000L\000T\000\137\000C\000o\000m\000m\000u\000t\000a\000t\000i\000v\000e\000\137\000R\000e\000a\000s\000o\000n\000i\000n\000g\000.\000p\000y}{}% 56
\BOOKMARK [1][-]{section.57}{\376\377\000C\000a\000l\000c\000u\000l\000a\000t\000o\000r\000/\000L\000K\000\137\000R\000B\000\137\000S\000y\000n\000t\000h\000e\000s\000i\000s\000/\000s\000r\000c\000/\000a\000u\000t\000o\000m\000a\000t\000a\000/\000m\000u\000l\000t\000i\000p\000l\000i\000c\000a\000t\000i\000o\000n\000/\000S\000M\000R\000\137\000M\000U\000L\000T\000\137\000D\000R\000.\000p\000y}{}% 57
\BOOKMARK [1][-]{section.58}{\376\377\000C\000a\000l\000c\000u\000l\000a\000t\000o\000r\000/\000L\000K\000\137\000R\000B\000\137\000S\000y\000n\000t\000h\000e\000s\000i\000s\000/\000s\000r\000c\000/\000a\000u\000t\000o\000m\000a\000t\000a\000/\000s\000u\000b\000t\000r\000a\000c\000t\000i\000o\000n\000/\000C\000B\000B\000O\000.\000p\000y}{}% 58
\BOOKMARK [1][-]{section.59}{\376\377\000C\000a\000l\000c\000u\000l\000a\000t\000o\000r\000/\000L\000K\000\137\000R\000B\000\137\000S\000y\000n\000t\000h\000e\000s\000i\000s\000/\000s\000r\000c\000/\000a\000u\000t\000o\000m\000a\000t\000a\000/\000s\000u\000b\000t\000r\000a\000c\000t\000i\000o\000n\000/\000C\000O\000B\000O\000.\000p\000y}{}% 59
\BOOKMARK [1][-]{section.60}{\376\377\000C\000a\000l\000c\000u\000l\000a\000t\000o\000r\000/\000L\000K\000\137\000R\000B\000\137\000S\000y\000n\000t\000h\000e\000s\000i\000s\000/\000s\000r\000c\000/\000a\000u\000t\000o\000m\000a\000t\000a\000/\000s\000u\000b\000t\000r\000a\000c\000t\000i\000o\000n\000/\000C\000h\000u\000n\000k\000i\000n\000g\000A\000.\000p\000y}{}% 60
\BOOKMARK [1][-]{section.61}{\376\377\000C\000a\000l\000c\000u\000l\000a\000t\000o\000r\000/\000L\000K\000\137\000R\000B\000\137\000S\000y\000n\000t\000h\000e\000s\000i\000s\000/\000s\000r\000c\000/\000a\000u\000t\000o\000m\000a\000t\000a\000/\000s\000u\000b\000t\000r\000a\000c\000t\000i\000o\000n\000/\000C\000h\000u\000n\000k\000i\000n\000g\000B\000.\000p\000y}{}% 61
\BOOKMARK [1][-]{section.62}{\376\377\000C\000a\000l\000c\000u\000l\000a\000t\000o\000r\000/\000L\000K\000\137\000R\000B\000\137\000S\000y\000n\000t\000h\000e\000s\000i\000s\000/\000s\000r\000c\000/\000a\000u\000t\000o\000m\000a\000t\000a\000/\000s\000u\000b\000t\000r\000a\000c\000t\000i\000o\000n\000/\000C\000h\000u\000n\000k\000i\000n\000g\000C\000.\000p\000y}{}% 62
\BOOKMARK [1][-]{section.63}{\376\377\000C\000a\000l\000c\000u\000l\000a\000t\000o\000r\000/\000L\000K\000\137\000R\000B\000\137\000S\000y\000n\000t\000h\000e\000s\000i\000s\000/\000s\000r\000c\000/\000a\000u\000t\000o\000m\000a\000t\000a\000/\000s\000u\000b\000t\000r\000a\000c\000t\000i\000o\000n\000/\000S\000A\000R\000\137\000S\000U\000B\000\137\000D\000e\000c\000o\000m\000p\000o\000s\000i\000t\000i\000o\000n\000.\000p\000y}{}% 63
\BOOKMARK [1][-]{section.64}{\376\377\000C\000a\000l\000c\000u\000l\000a\000t\000o\000r\000/\000L\000K\000\137\000R\000B\000\137\000S\000y\000n\000t\000h\000e\000s\000i\000s\000/\000s\000r\000c\000/\000a\000u\000t\000o\000m\000a\000t\000a\000/\000s\000u\000b\000t\000r\000a\000c\000t\000i\000o\000n\000/\000S\000A\000R\000\137\000S\000U\000B\000\137\000R\000o\000u\000n\000d\000i\000n\000g\000.\000p\000y}{}% 64
\BOOKMARK [1][-]{section.65}{\376\377\000C\000a\000l\000c\000u\000l\000a\000t\000o\000r\000/\000L\000K\000\137\000R\000B\000\137\000S\000y\000n\000t\000h\000e\000s\000i\000s\000/\000s\000r\000c\000/\000a\000u\000t\000o\000m\000a\000t\000a\000/\000s\000u\000b\000t\000r\000a\000c\000t\000i\000o\000n\000/\000S\000A\000R\000\137\000S\000U\000B\000\137\000S\000l\000i\000d\000i\000n\000g\000.\000p\000y}{}% 65
\BOOKMARK [1][-]{section.66}{\376\377\000C\000a\000l\000c\000u\000l\000a\000t\000o\000r\000/\000P\000r\000e\000s\000e\000n\000t\000a\000t\000i\000o\000n\000\137\000N\000e\000x\000t\000\137\000S\000t\000e\000p\000s\000.\000h\000t\000m\000l}{}% 66
\BOOKMARK [1][-]{section.67}{\376\377\000C\000a\000l\000c\000u\000l\000a\000t\000o\000r\000/\000P\000r\000o\000l\000o\000g\000/\000C\000O\000N\000S\000I\000S\000T\000E\000N\000C\000Y\000\137\000A\000R\000G\000U\000M\000E\000N\000T\000S\000.\000m\000d}{}% 67
\BOOKMARK [1][-]{section.68}{\376\377\000C\000a\000l\000c\000u\000l\000a\000t\000o\000r\000/\000P\000r\000o\000l\000o\000g\000/\000C\000o\000d\000e\000\040\000C\000r\000i\000t\000i\000q\000u\000e\000\040\000f\000o\000r\000\040\000E\000m\000e\000r\000g\000e\000n\000t\000\040\000L\000e\000a\000r\000n\000i\000n\000g\000.\000m\000d}{}% 68
\BOOKMARK [1][-]{section.69}{\376\377\000C\000a\000l\000c\000u\000l\000a\000t\000o\000r\000/\000P\000r\000o\000l\000o\000g\000/\000D\000E\000E\000P\000\137\000T\000H\000I\000N\000K\000\137\000T\000A\000S\000K\000S\000\137\000C\000O\000M\000P\000L\000E\000T\000I\000O\000N\000\137\000S\000U\000M\000M\000A\000R\000Y\000.\000m\000d}{}% 69
\BOOKMARK [1][-]{section.70}{\376\377\000C\000a\000l\000c\000u\000l\000a\000t\000o\000r\000/\000P\000r\000o\000l\000o\000g\000/\000H\000O\000M\000O\000I\000C\000O\000N\000I\000C\000I\000T\000Y\000\137\000T\000E\000C\000H\000N\000I\000C\000A\000L\000\137\000N\000O\000T\000E\000.\000m\000d}{}% 70
\BOOKMARK [1][-]{section.71}{\376\377\000C\000a\000l\000c\000u\000l\000a\000t\000o\000r\000/\000P\000r\000o\000l\000o\000g\000/\000L\000E\000A\000R\000N\000I\000N\000G\000\137\000S\000Y\000S\000T\000E\000M\000\137\000R\000E\000P\000O\000R\000T\000.\000m\000d}{}% 71
\BOOKMARK [1][-]{section.72}{\376\377\000C\000a\000l\000c\000u\000l\000a\000t\000o\000r\000/\000P\000r\000o\000l\000o\000g\000/\000M\000A\000N\000U\000S\000C\000R\000I\000P\000T\000\137\000W\000R\000I\000T\000I\000N\000G\000\137\000G\000U\000I\000D\000E\000.\000m\000d}{}% 72
\BOOKMARK [1][-]{section.73}{\376\377\000C\000a\000l\000c\000u\000l\000a\000t\000o\000r\000/\000P\000r\000o\000l\000o\000g\000/\000N\000O\000R\000M\000A\000T\000I\000V\000E\000\137\000C\000R\000I\000S\000I\000S\000\137\000A\000N\000D\000\137\000T\000R\000A\000N\000S\000C\000E\000N\000D\000E\000N\000C\000E\000.\000m\000d}{}% 73
\BOOKMARK [1][-]{section.74}{\376\377\000C\000a\000l\000c\000u\000l\000a\000t\000o\000r\000/\000P\000r\000o\000l\000o\000g\000/\000P\000R\000I\000M\000I\000T\000I\000V\000E\000\137\000R\000E\000C\000U\000R\000S\000I\000O\000N\000\137\000P\000R\000O\000O\000F\000.\000m\000d}{}% 74
\BOOKMARK [1][-]{section.75}{\376\377\000C\000a\000l\000c\000u\000l\000a\000t\000o\000r\000/\000P\000r\000o\000l\000o\000g\000/\000P\000R\000O\000L\000O\000G\000\137\000C\000O\000M\000P\000L\000E\000T\000I\000O\000N\000\137\000S\000U\000M\000M\000A\000R\000Y\000.\000m\000d}{}% 75
\BOOKMARK [1][-]{section.76}{\376\377\000C\000a\000l\000c\000u\000l\000a\000t\000o\000r\000/\000P\000r\000o\000l\000o\000g\000/\000P\000R\000O\000L\000O\000G\000\137\000T\000E\000S\000T\000I\000N\000G\000\137\000R\000E\000P\000O\000R\000T\000.\000m\000d}{}% 76
\BOOKMARK [1][-]{section.77}{\376\377\000C\000a\000l\000c\000u\000l\000a\000t\000o\000r\000/\000P\000r\000o\000l\000o\000g\000/\000P\000r\000o\000l\000o\000g\000.\000c\000o\000d\000e\000-\000w\000o\000r\000k\000s\000p\000a\000c\000e}{}% 77
\BOOKMARK [1][-]{section.78}{\376\377\000C\000a\000l\000c\000u\000l\000a\000t\000o\000r\000/\000P\000r\000o\000l\000o\000g\000/\000R\000E\000P\000O\000S\000I\000T\000O\000R\000Y\000\137\000C\000L\000E\000A\000N\000U\000P\000\137\000S\000U\000M\000M\000A\000R\000Y\000.\000m\000d}{}% 78
\BOOKMARK [1][-]{section.79}{\376\377\000C\000a\000l\000c\000u\000l\000a\000t\000o\000r\000/\000P\000r\000o\000l\000o\000g\000/\000R\000O\000B\000I\000N\000S\000O\000N\000\137\000A\000R\000I\000T\000H\000M\000E\000T\000I\000C\000\137\000I\000N\000T\000E\000R\000P\000R\000E\000T\000A\000T\000I\000O\000N\000.\000m\000d}{}% 79
\BOOKMARK [1][-]{section.80}{\376\377\000C\000a\000l\000c\000u\000l\000a\000t\000o\000r\000/\000P\000r\000o\000l\000o\000g\000/\000V\000E\000R\000I\000F\000I\000C\000A\000T\000I\000O\000N\000\137\000R\000E\000P\000O\000R\000T\000.\000m\000d}{}% 80
\BOOKMARK [1][-]{section.81}{\376\377\000C\000a\000l\000c\000u\000l\000a\000t\000o\000r\000/\000P\000r\000o\000l\000o\000g\000/\000c\000o\000g\000n\000i\000t\000i\000o\000n\000\137\000v\000i\000z\000.\000h\000t\000m\000l}{}% 81
\BOOKMARK [1][-]{section.82}{\376\377\000C\000a\000l\000c\000u\000l\000a\000t\000o\000r\000/\000P\000r\000o\000l\000o\000g\000/\000c\000o\000m\000p\000o\000s\000i\000t\000i\000o\000n\000\137\000e\000n\000g\000i\000n\000e\000.\000p\000l}{}% 82
\BOOKMARK [1][-]{section.83}{\376\377\000C\000a\000l\000c\000u\000l\000a\000t\000o\000r\000/\000P\000r\000o\000l\000o\000g\000/\000c\000o\000n\000f\000i\000g\000.\000p\000l}{}% 83
\BOOKMARK [1][-]{section.84}{\376\377\000C\000a\000l\000c\000u\000l\000a\000t\000o\000r\000/\000P\000r\000o\000l\000o\000g\000/\000c\000o\000u\000n\000t\000i\000n\000g\0002\000.\000p\000l}{}% 84
\BOOKMARK [1][-]{section.85}{\376\377\000C\000a\000l\000c\000u\000l\000a\000t\000o\000r\000/\000P\000r\000o\000l\000o\000g\000/\000c\000o\000u\000n\000t\000i\000n\000g\0002\000.\000p\000y}{}% 85
\BOOKMARK [1][-]{section.86}{\376\377\000C\000a\000l\000c\000u\000l\000a\000t\000o\000r\000/\000P\000r\000o\000l\000o\000g\000/\000c\000o\000u\000n\000t\000i\000n\000g\000\137\000o\000n\000\137\000b\000a\000c\000k\000.\000p\000l}{}% 86
\BOOKMARK [1][-]{section.87}{\376\377\000C\000a\000l\000c\000u\000l\000a\000t\000o\000r\000/\000P\000r\000o\000l\000o\000g\000/\000c\000o\000u\000n\000t\000i\000n\000g\000\137\000o\000n\000\137\000b\000a\000c\000k\000.\000p\000y}{}% 87
\BOOKMARK [1][-]{section.88}{\376\377\000C\000a\000l\000c\000u\000l\000a\000t\000o\000r\000/\000P\000r\000o\000l\000o\000g\000/\000c\000r\000i\000s\000i\000s\000\137\000c\000u\000r\000r\000i\000c\000u\000l\000u\000m\000.\000t\000x\000t}{}% 88
\BOOKMARK [1][-]{section.89}{\376\377\000C\000a\000l\000c\000u\000l\000a\000t\000o\000r\000/\000P\000r\000o\000l\000o\000g\000/\000c\000r\000i\000s\000i\000s\000\137\000p\000r\000o\000c\000e\000s\000s\000o\000r\000.\000p\000l}{}% 89
\BOOKMARK [1][-]{section.90}{\376\377\000C\000a\000l\000c\000u\000l\000a\000t\000o\000r\000/\000P\000r\000o\000l\000o\000g\000/\000c\000u\000r\000r\000i\000c\000u\000l\000u\000m\000\137\000p\000r\000o\000c\000e\000s\000s\000o\000r\000.\000p\000l}{}% 90
\BOOKMARK [1][-]{section.91}{\376\377\000C\000a\000l\000c\000u\000l\000a\000t\000o\000r\000/\000P\000r\000o\000l\000o\000g\000/\000d\000e\000m\000o\000\137\000r\000e\000v\000o\000l\000u\000t\000i\000o\000n\000a\000r\000y\000\137\000s\000y\000s\000t\000e\000m\000.\000p\000l}{}% 91
\BOOKMARK [1][-]{section.92}{\376\377\000C\000a\000l\000c\000u\000l\000a\000t\000o\000r\000/\000P\000r\000o\000l\000o\000g\000/\000e\000d\000i\000t\000i\000n\000g\000\137\000g\000u\000i\000d\000e\000\137\000f\000r\000a\000c\000t\000i\000o\000n\000s\000.\000m\000d}{}% 92
\BOOKMARK [1][-]{section.93}{\376\377\000C\000a\000l\000c\000u\000l\000a\000t\000o\000r\000/\000P\000r\000o\000l\000o\000g\000/\000e\000x\000e\000c\000u\000t\000i\000o\000n\000\137\000h\000a\000n\000d\000l\000e\000r\000.\000p\000l}{}% 93
\BOOKMARK [1][-]{section.94}{\376\377\000C\000a\000l\000c\000u\000l\000a\000t\000o\000r\000/\000P\000r\000o\000l\000o\000g\000/\000f\000i\000n\000a\000l\000\137\000d\000e\000m\000o\000.\000p\000l}{}% 94
\BOOKMARK [1][-]{section.95}{\376\377\000C\000a\000l\000c\000u\000l\000a\000t\000o\000r\000/\000P\000r\000o\000l\000o\000g\000/\000f\000r\000a\000c\000t\000i\000o\000n\000\137\000s\000e\000m\000a\000n\000t\000i\000c\000s\000.\000p\000l}{}% 95
\BOOKMARK [1][-]{section.96}{\376\377\000C\000a\000l\000c\000u\000l\000a\000t\000o\000r\000/\000P\000r\000o\000l\000o\000g\000/\000f\000s\000m\000\137\000e\000n\000g\000i\000n\000e\000.\000p\000l}{}% 96
\BOOKMARK [1][-]{section.97}{\376\377\000C\000a\000l\000c\000u\000l\000a\000t\000o\000r\000/\000P\000r\000o\000l\000o\000g\000/\000g\000o\000d\000e\000l\000\137\000e\000x\000a\000m\000p\000l\000e\000s\000.\000p\000l}{}% 97
\BOOKMARK [1][-]{section.98}{\376\377\000C\000a\000l\000c\000u\000l\000a\000t\000o\000r\000/\000P\000r\000o\000l\000o\000g\000/\000g\000o\000d\000e\000l\000\137\000n\000u\000m\000b\000e\000r\000i\000n\000g\000.\000p\000l}{}% 98
\BOOKMARK [1][-]{section.99}{\376\377\000C\000a\000l\000c\000u\000l\000a\000t\000o\000r\000/\000P\000r\000o\000l\000o\000g\000/\000g\000r\000o\000u\000n\000d\000e\000d\000\137\000a\000r\000i\000t\000h\000m\000e\000t\000i\000c\000.\000p\000l}{}% 99
\BOOKMARK [1][-]{section.100}{\376\377\000C\000a\000l\000c\000u\000l\000a\000t\000o\000r\000/\000P\000r\000o\000l\000o\000g\000/\000g\000r\000o\000u\000n\000d\000e\000d\000\137\000e\000n\000s\000\137\000o\000p\000e\000r\000a\000t\000i\000o\000n\000s\000.\000p\000l}{}% 100
\BOOKMARK [1][-]{section.101}{\376\377\000C\000a\000l\000c\000u\000l\000a\000t\000o\000r\000/\000P\000r\000o\000l\000o\000g\000/\000g\000r\000o\000u\000n\000d\000e\000d\000\137\000u\000t\000i\000l\000s\000.\000p\000l}{}% 101
\BOOKMARK [1][-]{section.102}{\376\377\000C\000a\000l\000c\000u\000l\000a\000t\000o\000r\000/\000P\000r\000o\000l\000o\000g\000/\000h\000e\000r\000m\000e\000n\000e\000u\000t\000i\000c\000\137\000c\000a\000l\000c\000u\000l\000a\000t\000o\000r\000.\000p\000l}{}% 102
\BOOKMARK [1][-]{section.103}{\376\377\000C\000a\000l\000c\000u\000l\000a\000t\000o\000r\000/\000P\000r\000o\000l\000o\000g\000/\000i\000n\000c\000o\000m\000p\000a\000t\000i\000b\000i\000l\000i\000t\000y\000\137\000s\000e\000m\000a\000n\000t\000i\000c\000s\000.\000p\000l}{}% 103
\BOOKMARK [1][-]{section.104}{\376\377\000C\000a\000l\000c\000u\000l\000a\000t\000o\000r\000/\000P\000r\000o\000l\000o\000g\000/\000i\000n\000d\000e\000x\000.\000h\000t\000m\000l}{}% 104
\BOOKMARK [1][-]{section.105}{\376\377\000C\000a\000l\000c\000u\000l\000a\000t\000o\000r\000/\000P\000r\000o\000l\000o\000g\000/\000i\000n\000t\000e\000r\000a\000c\000t\000i\000v\000e\000\137\000u\000i\000.\000p\000l}{}% 105
\BOOKMARK [1][-]{section.106}{\376\377\000C\000a\000l\000c\000u\000l\000a\000t\000o\000r\000/\000P\000r\000o\000l\000o\000g\000/\000j\000a\000s\000o\000n\000.\000p\000l}{}% 106
\BOOKMARK [1][-]{section.107}{\376\377\000C\000a\000l\000c\000u\000l\000a\000t\000o\000r\000/\000P\000r\000o\000l\000o\000g\000/\000l\000e\000a\000r\000n\000e\000d\000\137\000k\000n\000o\000w\000l\000e\000d\000g\000e\000.\000p\000l}{}% 107
\BOOKMARK [1][-]{section.108}{\376\377\000C\000a\000l\000c\000u\000l\000a\000t\000o\000r\000/\000P\000r\000o\000l\000o\000g\000/\000m\000a\000i\000n\000.\000p\000l}{}% 108
\BOOKMARK [1][-]{section.109}{\376\377\000C\000a\000l\000c\000u\000l\000a\000t\000o\000r\000/\000P\000r\000o\000l\000o\000g\000/\000m\000a\000t\000h\000\137\000b\000e\000n\000c\000h\000m\000a\000r\000k\000.\000p\000l}{}% 109
\BOOKMARK [1][-]{section.110}{\376\377\000C\000a\000l\000c\000u\000l\000a\000t\000o\000r\000/\000P\000r\000o\000l\000o\000g\000/\000m\000a\000t\000h\000e\000m\000a\000t\000i\000c\000a\000l\000\137\000c\000u\000r\000r\000i\000c\000u\000l\000u\000m\000.\000t\000x\000t}{}% 110
\BOOKMARK [1][-]{section.111}{\376\377\000C\000a\000l\000c\000u\000l\000a\000t\000o\000r\000/\000P\000r\000o\000l\000o\000g\000/\000m\000e\000t\000a\000\137\000i\000n\000t\000e\000r\000p\000r\000e\000t\000e\000r\000.\000p\000l}{}% 111
\BOOKMARK [1][-]{section.112}{\376\377\000C\000a\000l\000c\000u\000l\000a\000t\000o\000r\000/\000P\000r\000o\000l\000o\000g\000/\000m\000o\000r\000e\000\137\000m\000a\000c\000h\000i\000n\000e\000\137\000l\000e\000a\000r\000n\000e\000r\000.\000p\000l}{}% 112
\BOOKMARK [1][-]{section.113}{\376\377\000C\000a\000l\000c\000u\000l\000a\000t\000o\000r\000/\000P\000r\000o\000l\000o\000g\000/\000n\000e\000u\000r\000o\000/\000i\000n\000c\000o\000m\000p\000a\000t\000i\000b\000i\000l\000i\000t\000y\000\137\000s\000e\000m\000a\000n\000t\000i\000c\000s\000.\000p\000l}{}% 113
\BOOKMARK [1][-]{section.114}{\376\377\000C\000a\000l\000c\000u\000l\000a\000t\000o\000r\000/\000P\000r\000o\000l\000o\000g\000/\000n\000e\000u\000r\000o\000/\000i\000n\000c\000o\000m\000p\000a\000t\000i\000b\000i\000l\000i\000t\000y\000\137\000s\000e\000m\000a\000n\000t\000i\000c\000s\000.\000p\000y}{}% 114
\BOOKMARK [1][-]{section.115}{\376\377\000C\000a\000l\000c\000u\000l\000a\000t\000o\000r\000/\000P\000r\000o\000l\000o\000g\000/\000n\000e\000u\000r\000o\000/\000l\000e\000a\000r\000n\000e\000d\000\137\000k\000n\000o\000w\000l\000e\000d\000g\000e\000\137\000v\0002\000.\000p\000l}{}% 115
\BOOKMARK [1][-]{section.116}{\376\377\000C\000a\000l\000c\000u\000l\000a\000t\000o\000r\000/\000P\000r\000o\000l\000o\000g\000/\000n\000e\000u\000r\000o\000/\000n\000e\000u\000r\000o\000\137\000s\000y\000m\000b\000o\000l\000i\000c\000\137\000b\000r\000i\000d\000g\000e\000.\000p\000l}{}% 116
\BOOKMARK [1][-]{section.117}{\376\377\000C\000a\000l\000c\000u\000l\000a\000t\000o\000r\000/\000P\000r\000o\000l\000o\000g\000/\000n\000e\000u\000r\000o\000/\000t\000e\000s\000t\000\137\000s\000y\000n\000t\000h\000e\000s\000i\000s\000.\000p\000l}{}% 117
\BOOKMARK [1][-]{section.118}{\376\377\000C\000a\000l\000c\000u\000l\000a\000t\000o\000r\000/\000P\000r\000o\000l\000o\000g\000/\000n\000o\000r\000m\000a\000l\000i\000z\000a\000t\000i\000o\000n\000.\000p\000l}{}% 118
\BOOKMARK [1][-]{section.119}{\376\377\000C\000a\000l\000c\000u\000l\000a\000t\000o\000r\000/\000P\000r\000o\000l\000o\000g\000/\000o\000b\000j\000e\000c\000t\000\137\000l\000e\000v\000e\000l\000.\000p\000l}{}% 119
\BOOKMARK [1][-]{section.120}{\376\377\000C\000a\000l\000c\000u\000l\000a\000t\000o\000r\000/\000P\000r\000o\000l\000o\000g\000/\000r\000e\000a\000d\000m\000e\000.\000m\000d}{}% 120
\BOOKMARK [1][-]{section.121}{\376\377\000C\000a\000l\000c\000u\000l\000a\000t\000o\000r\000/\000P\000r\000o\000l\000o\000g\000/\000r\000e\000f\000l\000e\000c\000t\000i\000v\000e\000\137\000m\000o\000n\000i\000t\000o\000r\000.\000p\000l}{}% 121
\BOOKMARK [1][-]{section.122}{\376\377\000C\000a\000l\000c\000u\000l\000a\000t\000o\000r\000/\000P\000r\000o\000l\000o\000g\000/\000r\000e\000o\000r\000g\000a\000n\000i\000z\000a\000t\000i\000o\000n\000\137\000e\000n\000g\000i\000n\000e\000.\000p\000l}{}% 122
\BOOKMARK [1][-]{section.123}{\376\377\000C\000a\000l\000c\000u\000l\000a\000t\000o\000r\000/\000P\000r\000o\000l\000o\000g\000/\000r\000e\000o\000r\000g\000a\000n\000i\000z\000a\000t\000i\000o\000n\000\137\000l\000o\000g\000.\000p\000l}{}% 123
\BOOKMARK [1][-]{section.124}{\376\377\000C\000a\000l\000c\000u\000l\000a\000t\000o\000r\000/\000P\000r\000o\000l\000o\000g\000/\000s\000a\000r\000\137\000a\000d\000d\000\137\000c\000h\000u\000n\000k\000i\000n\000g\000.\000p\000l}{}% 124
\BOOKMARK [1][-]{section.125}{\376\377\000C\000a\000l\000c\000u\000l\000a\000t\000o\000r\000/\000P\000r\000o\000l\000o\000g\000/\000s\000a\000r\000\137\000a\000d\000d\000\137\000c\000o\000b\000o\000.\000p\000l}{}% 125
\BOOKMARK [1][-]{section.126}{\376\377\000C\000a\000l\000c\000u\000l\000a\000t\000o\000r\000/\000P\000r\000o\000l\000o\000g\000/\000s\000a\000r\000\137\000a\000d\000d\000\137\000r\000m\000b\000.\000p\000l}{}% 126
\BOOKMARK [1][-]{section.127}{\376\377\000C\000a\000l\000c\000u\000l\000a\000t\000o\000r\000/\000P\000r\000o\000l\000o\000g\000/\000s\000a\000r\000\137\000a\000d\000d\000\137\000r\000o\000u\000n\000d\000i\000n\000g\000.\000p\000l}{}% 127
\BOOKMARK [1][-]{section.128}{\376\377\000C\000a\000l\000c\000u\000l\000a\000t\000o\000r\000/\000P\000r\000o\000l\000o\000g\000/\000s\000a\000r\000\137\000s\000u\000b\000\137\000c\000b\000b\000o\000\137\000t\000a\000k\000e\000\137\000a\000w\000a\000y\000.\000p\000l}{}% 128
\BOOKMARK [1][-]{section.129}{\376\377\000C\000a\000l\000c\000u\000l\000a\000t\000o\000r\000/\000P\000r\000o\000l\000o\000g\000/\000s\000a\000r\000\137\000s\000u\000b\000\137\000c\000h\000u\000n\000k\000i\000n\000g\000\137\000a\000.\000p\000l}{}% 129
\BOOKMARK [1][-]{section.130}{\376\377\000C\000a\000l\000c\000u\000l\000a\000t\000o\000r\000/\000P\000r\000o\000l\000o\000g\000/\000s\000a\000r\000\137\000s\000u\000b\000\137\000c\000h\000u\000n\000k\000i\000n\000g\000\137\000b\000.\000p\000l}{}% 130
\BOOKMARK [1][-]{section.131}{\376\377\000C\000a\000l\000c\000u\000l\000a\000t\000o\000r\000/\000P\000r\000o\000l\000o\000g\000/\000s\000a\000r\000\137\000s\000u\000b\000\137\000c\000h\000u\000n\000k\000i\000n\000g\000\137\000c\000.\000p\000l}{}% 131
\BOOKMARK [1][-]{section.132}{\376\377\000C\000a\000l\000c\000u\000l\000a\000t\000o\000r\000/\000P\000r\000o\000l\000o\000g\000/\000s\000a\000r\000\137\000s\000u\000b\000\137\000c\000o\000b\000o\000\137\000m\000i\000s\000s\000i\000n\000g\000\137\000a\000d\000d\000e\000n\000d\000.\000p\000l}{}% 132
\BOOKMARK [1][-]{section.133}{\376\377\000C\000a\000l\000c\000u\000l\000a\000t\000o\000r\000/\000P\000r\000o\000l\000o\000g\000/\000s\000a\000r\000\137\000s\000u\000b\000\137\000d\000e\000c\000o\000m\000p\000o\000s\000i\000t\000i\000o\000n\000.\000p\000l}{}% 133
\BOOKMARK [1][-]{section.134}{\376\377\000C\000a\000l\000c\000u\000l\000a\000t\000o\000r\000/\000P\000r\000o\000l\000o\000g\000/\000s\000a\000r\000\137\000s\000u\000b\000\137\000r\000o\000u\000n\000d\000i\000n\000g\000.\000p\000l}{}% 134
\BOOKMARK [1][-]{section.135}{\376\377\000C\000a\000l\000c\000u\000l\000a\000t\000o\000r\000/\000P\000r\000o\000l\000o\000g\000/\000s\000a\000r\000\137\000s\000u\000b\000\137\000s\000l\000i\000d\000i\000n\000g\000.\000p\000l}{}% 135
\BOOKMARK [1][-]{section.136}{\376\377\000C\000a\000l\000c\000u\000l\000a\000t\000o\000r\000/\000P\000r\000o\000l\000o\000g\000/\000s\000c\000r\000i\000p\000t\000.\000j\000s}{}% 136
\BOOKMARK [1][-]{section.137}{\376\377\000C\000a\000l\000c\000u\000l\000a\000t\000o\000r\000/\000P\000r\000o\000l\000o\000g\000/\000s\000e\000r\000v\000e\000\137\000l\000o\000c\000a\000l\000.\000p\000y}{}% 137
\BOOKMARK [1][-]{section.138}{\376\377\000C\000a\000l\000c\000u\000l\000a\000t\000o\000r\000/\000P\000r\000o\000l\000o\000g\000/\000s\000h\000o\000w\000c\000a\000s\000e\000\137\000g\000r\000o\000u\000n\000d\000e\000d\000\137\000s\000y\000s\000t\000e\000m\000.\000p\000l}{}% 138
\BOOKMARK [1][-]{section.139}{\376\377\000C\000a\000l\000c\000u\000l\000a\000t\000o\000r\000/\000P\000r\000o\000l\000o\000g\000/\000s\000m\000r\000\137\000d\000i\000v\000\137\000c\000b\000o\000.\000p\000l}{}% 139
\BOOKMARK [1][-]{section.140}{\376\377\000C\000a\000l\000c\000u\000l\000a\000t\000o\000r\000/\000P\000r\000o\000l\000o\000g\000/\000s\000m\000r\000\137\000d\000i\000v\000\137\000d\000e\000a\000l\000i\000n\000g\000\137\000b\000y\000\137\000o\000n\000e\000s\000.\000p\000l}{}% 140
\BOOKMARK [1][-]{section.141}{\376\377\000C\000a\000l\000c\000u\000l\000a\000t\000o\000r\000/\000P\000r\000o\000l\000o\000g\000/\000s\000m\000r\000\137\000d\000i\000v\000\137\000i\000d\000p\000.\000p\000l}{}% 141
\BOOKMARK [1][-]{section.142}{\376\377\000C\000a\000l\000c\000u\000l\000a\000t\000o\000r\000/\000P\000r\000o\000l\000o\000g\000/\000s\000m\000r\000\137\000d\000i\000v\000\137\000u\000c\000r\000.\000p\000l}{}% 142
\BOOKMARK [1][-]{section.143}{\376\377\000C\000a\000l\000c\000u\000l\000a\000t\000o\000r\000/\000P\000r\000o\000l\000o\000g\000/\000s\000m\000r\000\137\000m\000u\000l\000t\000\137\000c\0002\000c\000.\000p\000l}{}% 143
\BOOKMARK [1][-]{section.144}{\376\377\000C\000a\000l\000c\000u\000l\000a\000t\000o\000r\000/\000P\000r\000o\000l\000o\000g\000/\000s\000m\000r\000\137\000m\000u\000l\000t\000\137\000c\000b\000o\000.\000p\000l}{}% 144
\BOOKMARK [1][-]{section.145}{\376\377\000C\000a\000l\000c\000u\000l\000a\000t\000o\000r\000/\000P\000r\000o\000l\000o\000g\000/\000s\000m\000r\000\137\000m\000u\000l\000t\000\137\000c\000o\000m\000m\000u\000t\000a\000t\000i\000v\000e\000\137\000r\000e\000a\000s\000o\000n\000i\000n\000g\000.\000p\000l}{}% 145
\BOOKMARK [1][-]{section.146}{\376\377\000C\000a\000l\000c\000u\000l\000a\000t\000o\000r\000/\000P\000r\000o\000l\000o\000g\000/\000s\000m\000r\000\137\000m\000u\000l\000t\000\137\000d\000r\000.\000p\000l}{}% 146
\BOOKMARK [1][-]{section.147}{\376\377\000C\000a\000l\000c\000u\000l\000a\000t\000o\000r\000/\000P\000r\000o\000l\000o\000g\000/\000s\000t\000a\000r\000t\000\137\000s\000y\000s\000t\000e\000m\000.\000s\000h}{}% 147
\BOOKMARK [1][-]{section.148}{\376\377\000C\000a\000l\000c\000u\000l\000a\000t\000o\000r\000/\000P\000r\000o\000l\000o\000g\000/\000s\000t\000r\000a\000t\000e\000g\000i\000e\000s\000.\000p\000l}{}% 148
\BOOKMARK [1][-]{section.149}{\376\377\000C\000a\000l\000c\000u\000l\000a\000t\000o\000r\000/\000P\000r\000o\000l\000o\000g\000/\000s\000t\000y\000l\000e\000.\000c\000s\000s}{}% 149
\BOOKMARK [1][-]{section.150}{\376\377\000C\000a\000l\000c\000u\000l\000a\000t\000o\000r\000/\000P\000r\000o\000l\000o\000g\000/\000t\000e\000s\000t\000\137\000a\000l\000l\000\137\000s\000t\000r\000a\000t\000e\000g\000i\000e\000s\000.\000p\000l}{}% 150
\BOOKMARK [1][-]{section.151}{\376\377\000C\000a\000l\000c\000u\000l\000a\000t\000o\000r\000/\000P\000r\000o\000l\000o\000g\000/\000t\000e\000s\000t\000\137\000a\000r\000i\000t\000h\000m\000e\000t\000i\000c\000\137\000o\000p\000s\000.\000p\000l}{}% 151
\BOOKMARK [1][-]{section.152}{\376\377\000C\000a\000l\000c\000u\000l\000a\000t\000o\000r\000/\000P\000r\000o\000l\000o\000g\000/\000t\000e\000s\000t\000\137\000b\000a\000s\000i\000c\000\137\000f\000u\000n\000c\000t\000i\000o\000n\000a\000l\000i\000t\000y\000.\000p\000l}{}% 152
\BOOKMARK [1][-]{section.153}{\376\377\000C\000a\000l\000c\000u\000l\000a\000t\000o\000r\000/\000P\000r\000o\000l\000o\000g\000/\000t\000e\000s\000t\000\137\000c\000o\000m\000p\000r\000e\000h\000e\000n\000s\000i\000v\000e\000.\000p\000l}{}% 153
\BOOKMARK [1][-]{section.154}{\376\377\000C\000a\000l\000c\000u\000l\000a\000t\000o\000r\000/\000P\000r\000o\000l\000o\000g\000/\000t\000e\000s\000t\000\137\000f\000r\000a\000c\000t\000i\000o\000n\000a\000l\000\137\000a\000r\000i\000t\000h\000m\000e\000t\000i\000c\000.\000p\000l}{}% 154
\BOOKMARK [1][-]{section.155}{\376\377\000C\000a\000l\000c\000u\000l\000a\000t\000o\000r\000/\000P\000r\000o\000l\000o\000g\000/\000t\000e\000s\000t\000\137\000f\000u\000l\000l\000\137\000l\000o\000o\000p\000.\000p\000l}{}% 155
\BOOKMARK [1][-]{section.156}{\376\377\000C\000a\000l\000c\000u\000l\000a\000t\000o\000r\000/\000P\000r\000o\000l\000o\000g\000/\000t\000e\000s\000t\000\137\000o\000r\000r\000\137\000c\000y\000c\000l\000e\000.\000p\000l}{}% 156
\BOOKMARK [1][-]{section.157}{\376\377\000C\000a\000l\000c\000u\000l\000a\000t\000o\000r\000/\000P\000r\000o\000l\000o\000g\000/\000t\000e\000s\000t\000\137\000s\000y\000n\000t\000h\000e\000s\000i\000s\000.\000p\000l}{}% 157
\BOOKMARK [1][-]{section.158}{\376\377\000C\000a\000l\000c\000u\000l\000a\000t\000o\000r\000/\000P\000r\000o\000l\000o\000g\000/\000w\000o\000r\000k\000i\000n\000g\000\137\000s\000e\000r\000v\000e\000r\000.\000p\000l}{}% 158
\BOOKMARK [1][-]{section.159}{\376\377\000C\000a\000l\000c\000u\000l\000a\000t\000o\000r\000/\000P\000y\000t\000h\000o\000n\000\137\000T\000e\000s\000t\000s\000/\000G\000E\000M\000I\000N\000I\000\137\000H\000e\000r\000m\000e\000n\000e\000u\000t\000i\000c\000\137\000C\000a\000l\000c\000u\000l\000a\000t\000o\000r\000.\000m\000d}{}% 159
\BOOKMARK [1][-]{section.160}{\376\377\000C\000a\000l\000c\000u\000l\000a\000t\000o\000r\000/\000P\000y\000t\000h\000o\000n\000\137\000T\000e\000s\000t\000s\000/\000H\000C\000\137\000G\000E\000M\000.\000f\000d\000b\000\137\000l\000a\000t\000e\000x\000m\000k}{}% 160
\BOOKMARK [1][-]{section.161}{\376\377\000C\000a\000l\000c\000u\000l\000a\000t\000o\000r\000/\000P\000y\000t\000h\000o\000n\000\137\000T\000e\000s\000t\000s\000/\000H\000C\000\137\000G\000E\000M\000.\000f\000l\000s}{}% 161
\BOOKMARK [1][-]{section.162}{\376\377\000C\000a\000l\000c\000u\000l\000a\000t\000o\000r\000/\000P\000y\000t\000h\000o\000n\000\137\000T\000e\000s\000t\000s\000/\000H\000e\000r\000m\000e\000n\000e\000u\000t\000i\000c\000\137\000C\000a\000l\000c\000u\000l\000a\000t\000o\000r\000\137\000C\000l\000e\000a\000n\000\137\000D\000r\000a\000f\000t\000.\000m\000d}{}% 162
\BOOKMARK [1][-]{section.163}{\376\377\000C\000a\000l\000c\000u\000l\000a\000t\000o\000r\000/\000P\000y\000t\000h\000o\000n\000\137\000T\000e\000s\000t\000s\000/\000S\000A\000R\000\137\000A\000D\000D\000\137\000C\000O\000B\000O\000.\000p\000y}{}% 163
\BOOKMARK [1][-]{section.164}{\376\377\000C\000a\000l\000c\000u\000l\000a\000t\000o\000r\000/\000P\000y\000t\000h\000o\000n\000\137\000T\000e\000s\000t\000s\000/\000S\000A\000R\000\137\000A\000D\000D\000\137\000C\000h\000u\000n\000k\000i\000n\000g\000.\000p\000y}{}% 164
\BOOKMARK [1][-]{section.165}{\376\377\000C\000a\000l\000c\000u\000l\000a\000t\000o\000r\000/\000P\000y\000t\000h\000o\000n\000\137\000T\000e\000s\000t\000s\000/\000S\000A\000R\000\137\000A\000D\000D\000\137\000R\000M\000B\000.\000p\000y}{}% 165
\BOOKMARK [1][-]{section.166}{\376\377\000C\000a\000l\000c\000u\000l\000a\000t\000o\000r\000/\000P\000y\000t\000h\000o\000n\000\137\000T\000e\000s\000t\000s\000/\000S\000A\000R\000\137\000A\000D\000D\000\137\000R\000o\000u\000n\000d\000i\000n\000g\000.\000p\000y}{}% 166
\BOOKMARK [1][-]{section.167}{\376\377\000C\000a\000l\000c\000u\000l\000a\000t\000o\000r\000/\000P\000y\000t\000h\000o\000n\000\137\000T\000e\000s\000t\000s\000/\000S\000A\000R\000\137\000S\000U\000B\000\137\000C\000O\000B\000O\000.\000p\000y}{}% 167
\BOOKMARK [1][-]{section.168}{\376\377\000C\000a\000l\000c\000u\000l\000a\000t\000o\000r\000/\000P\000y\000t\000h\000o\000n\000\137\000T\000e\000s\000t\000s\000/\000S\000A\000R\000\137\000S\000U\000B\000\137\000C\000h\000u\000n\000k\000i\000n\000g\000.\000p\000y}{}% 168
\BOOKMARK [1][-]{section.169}{\376\377\000C\000a\000l\000c\000u\000l\000a\000t\000o\000r\000/\000P\000y\000t\000h\000o\000n\000\137\000T\000e\000s\000t\000s\000/\000S\000A\000R\000\137\000S\000U\000B\000\137\000D\000e\000c\000o\000m\000p\000o\000s\000i\000t\000i\000o\000n\000.\000p\000y}{}% 169
\BOOKMARK [1][-]{section.170}{\376\377\000C\000a\000l\000c\000u\000l\000a\000t\000o\000r\000/\000P\000y\000t\000h\000o\000n\000\137\000T\000e\000s\000t\000s\000/\000S\000A\000R\000\137\000S\000U\000B\000\137\000R\000o\000u\000n\000d\000i\000n\000g\000.\000p\000y}{}% 170
\BOOKMARK [1][-]{section.171}{\376\377\000C\000a\000l\000c\000u\000l\000a\000t\000o\000r\000/\000P\000y\000t\000h\000o\000n\000\137\000T\000e\000s\000t\000s\000/\000S\000A\000R\000\137\000S\000U\000B\000\137\000S\000l\000i\000d\000i\000n\000g\000.\000p\000y}{}% 171
\BOOKMARK [1][-]{section.172}{\376\377\000C\000a\000l\000c\000u\000l\000a\000t\000o\000r\000/\000P\000y\000t\000h\000o\000n\000\137\000T\000e\000s\000t\000s\000/\000S\000M\000R\000\137\000D\000I\000V\000\137\000C\000o\000n\000v\000e\000r\000t\000i\000n\000g\000\137\000T\000o\000\137\000G\000r\000o\000u\000p\000s\000\137\000O\000t\000h\000e\000r\000\137\000T\000h\000a\000n\000\137\000B\000a\000s\000e\000s\000.\000p\000y}{}% 172
\BOOKMARK [1][-]{section.173}{\376\377\000C\000a\000l\000c\000u\000l\000a\000t\000o\000r\000/\000P\000y\000t\000h\000o\000n\000\137\000T\000e\000s\000t\000s\000/\000S\000M\000R\000\137\000D\000I\000V\000\137\000D\000e\000a\000l\000i\000n\000g\000\137\000b\000y\000\137\000O\000n\000e\000s\000.\000p\000y}{}% 173
\BOOKMARK [1][-]{section.174}{\376\377\000C\000a\000l\000c\000u\000l\000a\000t\000o\000r\000/\000P\000y\000t\000h\000o\000n\000\137\000T\000e\000s\000t\000s\000/\000S\000M\000R\000\137\000D\000I\000V\000\137\000I\000D\000P\000.\000p\000y}{}% 174
\BOOKMARK [1][-]{section.175}{\376\377\000C\000a\000l\000c\000u\000l\000a\000t\000o\000r\000/\000P\000y\000t\000h\000o\000n\000\137\000T\000e\000s\000t\000s\000/\000S\000M\000R\000\137\000D\000I\000V\000\137\000U\000C\000R\000.\000p\000y}{}% 175
\BOOKMARK [1][-]{section.176}{\376\377\000C\000a\000l\000c\000u\000l\000a\000t\000o\000r\000/\000P\000y\000t\000h\000o\000n\000\137\000T\000e\000s\000t\000s\000/\000S\000M\000R\000\137\000M\000U\000L\000T\000\137\000C\0002\000C\000.\000p\000y}{}% 176
\BOOKMARK [1][-]{section.177}{\376\377\000C\000a\000l\000c\000u\000l\000a\000t\000o\000r\000/\000P\000y\000t\000h\000o\000n\000\137\000T\000e\000s\000t\000s\000/\000S\000M\000R\000\137\000M\000U\000L\000T\000\137\000C\000B\000O\000.\000p\000y}{}% 177
\BOOKMARK [1][-]{section.178}{\376\377\000C\000a\000l\000c\000u\000l\000a\000t\000o\000r\000/\000P\000y\000t\000h\000o\000n\000\137\000T\000e\000s\000t\000s\000/\000S\000M\000R\000\137\000M\000U\000L\000T\000\137\000C\000O\000M\000M\000U\000T\000A\000T\000I\000V\000E\000\137\000R\000E\000A\000S\000O\000N\000I\000N\000G\000.\000p\000y}{}% 178
\BOOKMARK [1][-]{section.179}{\376\377\000C\000a\000l\000c\000u\000l\000a\000t\000o\000r\000/\000P\000y\000t\000h\000o\000n\000\137\000T\000e\000s\000t\000s\000/\000S\000M\000R\000\137\000M\000U\000L\000T\000\137\000D\000R\000.\000p\000y}{}% 179
\BOOKMARK [1][-]{section.180}{\376\377\000C\000a\000l\000c\000u\000l\000a\000t\000o\000r\000/\000P\000y\000t\000h\000o\000n\000\137\000T\000e\000s\000t\000s\000/\000c\000o\000u\000n\000t\000i\000n\000g\0002\000.\000p\000y}{}% 180
\BOOKMARK [1][-]{section.181}{\376\377\000C\000a\000l\000c\000u\000l\000a\000t\000o\000r\000/\000P\000y\000t\000h\000o\000n\000\137\000T\000e\000s\000t\000s\000/\000c\000o\000u\000n\000t\000i\000n\000g\000\137\000o\000n\000\137\000b\000a\000c\000k\000.\000p\000y}{}% 181
\BOOKMARK [1][-]{section.182}{\376\377\000C\000a\000l\000c\000u\000l\000a\000t\000o\000r\000/\000P\000y\000t\000h\000o\000n\000\137\000T\000e\000s\000t\000s\000/\000h\000e\000r\000m\000e\000n\000e\000u\000t\000i\000c\000\137\000C\000o\000u\000n\000t\000\137\000T\000h\000r\000o\000u\000g\000h\000\137\000S\000u\000b\000t\000r\000a\000c\000t\000i\000o\000n\000.\000p\000y}{}% 182
\BOOKMARK [1][-]{section.183}{\376\377\000C\000a\000l\000c\000u\000l\000a\000t\000o\000r\000/\000P\000y\000t\000h\000o\000n\000\137\000T\000e\000s\000t\000s\000/\000j\000a\000s\000o\000n\000.\000p\000y}{}% 183
\BOOKMARK [1][-]{section.184}{\376\377\000C\000a\000l\000c\000u\000l\000a\000t\000o\000r\000/\000P\000y\000t\000h\000o\000n\000\137\000T\000e\000s\000t\000s\000/\000m\000i\000n\000i\000m\000a\000l\000.\000m\000d}{}% 184
\BOOKMARK [1][-]{section.185}{\376\377\000C\000a\000l\000c\000u\000l\000a\000t\000o\000r\000/\000Q\000U\000I\000C\000K\000\137\000S\000T\000A\000R\000T\000.\000m\000d}{}% 185
\BOOKMARK [1][-]{section.186}{\376\377\000C\000a\000l\000c\000u\000l\000a\000t\000o\000r\000/\000S\000A\000R\000\137\000A\000D\000D\000\137\000A\000B\000A\000O\000.\000h\000t\000m\000l}{}% 186
\BOOKMARK [1][-]{section.187}{\376\377\000C\000a\000l\000c\000u\000l\000a\000t\000o\000r\000/\000S\000A\000R\000\137\000A\000D\000D\000\137\000C\000H\000U\000N\000K\000I\000N\000G\000.\000h\000t\000m\000l}{}% 187
\BOOKMARK [1][-]{section.188}{\376\377\000C\000a\000l\000c\000u\000l\000a\000t\000o\000r\000/\000S\000A\000R\000\137\000A\000D\000D\000\137\000C\000O\000B\000O\000.\000h\000t\000m\000l}{}% 188
\BOOKMARK [1][-]{section.189}{\376\377\000C\000a\000l\000c\000u\000l\000a\000t\000o\000r\000/\000S\000A\000R\000\137\000A\000D\000D\000\137\000R\000M\000B\000.\000h\000t\000m\000l}{}% 189
\BOOKMARK [1][-]{section.190}{\376\377\000C\000a\000l\000c\000u\000l\000a\000t\000o\000r\000/\000S\000A\000R\000\137\000A\000D\000D\000\137\000R\000o\000u\000n\000d\000i\000n\000g\000.\000h\000t\000m\000l}{}% 190
\BOOKMARK [1][-]{section.191}{\376\377\000C\000a\000l\000c\000u\000l\000a\000t\000o\000r\000/\000S\000A\000R\000\137\000S\000U\000B\000\137\000C\000H\000U\000N\000K\000I\000N\000G\000.\000h\000t\000m\000l}{}% 191
\BOOKMARK [1][-]{section.192}{\376\377\000C\000a\000l\000c\000u\000l\000a\000t\000o\000r\000/\000S\000A\000R\000\137\000S\000U\000B\000\137\000C\000O\000B\000O\000.\000h\000t\000m\000l}{}% 192
\BOOKMARK [1][-]{section.193}{\376\377\000C\000a\000l\000c\000u\000l\000a\000t\000o\000r\000/\000S\000A\000R\000\137\000S\000U\000B\000\137\000D\000e\000c\000o\000m\000p\000o\000s\000i\000t\000i\000o\000n\000.\000h\000t\000m\000l}{}% 193
\BOOKMARK [1][-]{section.194}{\376\377\000C\000a\000l\000c\000u\000l\000a\000t\000o\000r\000/\000S\000A\000R\000\137\000S\000U\000B\000\137\000R\000o\000u\000n\000d\000i\000n\000g\000.\000h\000t\000m\000l}{}% 194
\BOOKMARK [1][-]{section.195}{\376\377\000C\000a\000l\000c\000u\000l\000a\000t\000o\000r\000/\000S\000A\000R\000\137\000S\000U\000B\000\137\000S\000l\000i\000d\000i\000n\000g\000.\000h\000t\000m\000l}{}% 195
\BOOKMARK [1][-]{section.196}{\376\377\000C\000a\000l\000c\000u\000l\000a\000t\000o\000r\000/\000S\000M\000R\000\137\000D\000I\000V\000\137\000C\000G\000O\000B\000.\000h\000t\000m\000l}{}% 196
\BOOKMARK [1][-]{section.197}{\376\377\000C\000a\000l\000c\000u\000l\000a\000t\000o\000r\000/\000S\000M\000R\000\137\000D\000I\000V\000\137\000D\000e\000a\000l\000i\000n\000g\000\137\000B\000y\000\137\000O\000n\000e\000s\000.\000h\000t\000m\000l}{}% 197
\BOOKMARK [1][-]{section.198}{\376\377\000C\000a\000l\000c\000u\000l\000a\000t\000o\000r\000/\000S\000M\000R\000\137\000D\000I\000V\000\137\000I\000D\000P\000.\000h\000t\000m\000l}{}% 198
\BOOKMARK [1][-]{section.199}{\376\377\000C\000a\000l\000c\000u\000l\000a\000t\000o\000r\000/\000S\000M\000R\000\137\000D\000I\000V\000\137\000S\000t\000r\000a\000t\000e\000g\000i\000c\000\137\000T\000r\000i\000a\000l\000s\000.\000h\000t\000m\000l}{}% 199
\BOOKMARK [1][-]{section.200}{\376\377\000C\000a\000l\000c\000u\000l\000a\000t\000o\000r\000/\000S\000M\000R\000\137\000D\000I\000V\000\137\000U\000C\000R\000.\000h\000t\000m\000l}{}% 200
\BOOKMARK [1][-]{section.201}{\376\377\000C\000a\000l\000c\000u\000l\000a\000t\000o\000r\000/\000S\000M\000R\000\137\000M\000U\000L\000T\000I\000P\000L\000I\000C\000A\000T\000I\000O\000N\000\137\000S\000t\000r\000a\000t\000e\000g\000i\000c\000\137\000C\000o\000u\000n\000t\000i\000n\000g\000.\000h\000t\000m\000l}{}% 201
\BOOKMARK [1][-]{section.202}{\376\377\000C\000a\000l\000c\000u\000l\000a\000t\000o\000r\000/\000S\000M\000R\000\137\000M\000U\000L\000T\000\137\000C\000o\000m\000m\000u\000t\000a\000t\000i\000v\000e\000\137\000R\000e\000a\000s\000o\000n\000i\000n\000g\000.\000h\000t\000m\000l}{}% 202
\BOOKMARK [1][-]{section.203}{\376\377\000C\000a\000l\000c\000u\000l\000a\000t\000o\000r\000/\000S\000M\000R\000\137\000M\000U\000L\000T\000\137\000D\000R\000.\000h\000t\000m\000l}{}% 203
\BOOKMARK [1][-]{section.204}{\376\377\000C\000a\000l\000c\000u\000l\000a\000t\000o\000r\000/\000S\000M\000R\000\137\000M\000u\000l\000t\000i\000p\000l\000i\000c\000a\000t\000i\000o\000n\000\137\000C\000B\000O\000.\000h\000t\000m\000l}{}% 204
\BOOKMARK [1][-]{section.205}{\376\377\000C\000a\000l\000c\000u\000l\000a\000t\000o\000r\000/\000S\000M\000R\000\137\000M\000u\000l\000t\000i\000p\000l\000i\000c\000a\000t\000i\000o\000n\000\137\000C\000o\000o\000r\000d\000i\000n\000a\000t\000i\000n\000g\000\137\000T\000w\000o\000\137\000C\000o\000u\000n\000t\000s\000.\000h\000t\000m\000l}{}% 205
\BOOKMARK [1][-]{section.206}{\376\377\000C\000a\000l\000c\000u\000l\000a\000t\000o\000r\000/\000T\000e\000x\000/\000J\000a\000s\000o\000n\000.\000b\000c\000f}{}% 206
\BOOKMARK [1][-]{section.207}{\376\377\000C\000a\000l\000c\000u\000l\000a\000t\000o\000r\000/\000T\000e\000x\000/\000J\000a\000s\000o\000n\000.\000f\000d\000b\000\137\000l\000a\000t\000e\000x\000m\000k}{}% 207
\BOOKMARK [1][-]{section.208}{\376\377\000C\000a\000l\000c\000u\000l\000a\000t\000o\000r\000/\000T\000e\000x\000/\000J\000a\000s\000o\000n\000.\000f\000l\000s}{}% 208
\BOOKMARK [1][-]{section.209}{\376\377\000C\000a\000l\000c\000u\000l\000a\000t\000o\000r\000/\000T\000e\000x\000/\000J\000a\000s\000o\000n\000.\000r\000u\000n\000.\000x\000m\000l}{}% 209
\BOOKMARK [1][-]{section.210}{\376\377\000C\000a\000l\000c\000u\000l\000a\000t\000o\000r\000/\000T\000e\000x\000/\000J\000a\000s\000o\000n\000.\000t\000e\000x\000.\000b\000b\000l}{}% 210
\BOOKMARK [1][-]{section.211}{\376\377\000C\000a\000l\000c\000u\000l\000a\000t\000o\000r\000/\000T\000e\000x\000/\000J\000a\000s\000o\000n\000.\000t\000e\000x\000.\000b\000l\000g}{}% 211
\BOOKMARK [1][-]{section.212}{\376\377\000C\000a\000l\000c\000u\000l\000a\000t\000o\000r\000/\000T\000e\000x\000/\000S\000A\000R\000\137\000A\000D\000D\000\137\000A\000B\000A\000O\000.\000f\000d\000b\000\137\000l\000a\000t\000e\000x\000m\000k}{}% 212
\BOOKMARK [1][-]{section.213}{\376\377\000C\000a\000l\000c\000u\000l\000a\000t\000o\000r\000/\000T\000e\000x\000/\000S\000A\000R\000\137\000A\000D\000D\000\137\000A\000B\000A\000O\000.\000f\000l\000s}{}% 213
\BOOKMARK [1][-]{section.214}{\376\377\000C\000a\000l\000c\000u\000l\000a\000t\000o\000r\000/\000T\000e\000x\000/\000S\000A\000R\000\137\000A\000D\000D\000\137\000C\000O\000B\000O\0003\000.\000b\000c\000f}{}% 214
\BOOKMARK [1][-]{section.215}{\376\377\000C\000a\000l\000c\000u\000l\000a\000t\000o\000r\000/\000T\000e\000x\000/\000S\000A\000R\000\137\000A\000D\000D\000\137\000C\000O\000B\000O\0003\000.\000f\000d\000b\000\137\000l\000a\000t\000e\000x\000m\000k}{}% 215
\BOOKMARK [1][-]{section.216}{\376\377\000C\000a\000l\000c\000u\000l\000a\000t\000o\000r\000/\000T\000e\000x\000/\000S\000A\000R\000\137\000A\000D\000D\000\137\000C\000O\000B\000O\0003\000.\000f\000l\000s}{}% 216
\BOOKMARK [1][-]{section.217}{\376\377\000C\000a\000l\000c\000u\000l\000a\000t\000o\000r\000/\000T\000e\000x\000/\000S\000A\000R\000\137\000A\000D\000D\000\137\000C\000O\000B\000O\0003\000.\000r\000u\000n\000.\000x\000m\000l}{}% 217
\BOOKMARK [1][-]{section.218}{\376\377\000C\000a\000l\000c\000u\000l\000a\000t\000o\000r\000/\000T\000e\000x\000/\000S\000A\000R\000\137\000A\000D\000D\000\137\000R\000M\000B\000.\000b\000c\000f}{}% 218
\BOOKMARK [1][-]{section.219}{\376\377\000C\000a\000l\000c\000u\000l\000a\000t\000o\000r\000/\000T\000e\000x\000/\000S\000A\000R\000\137\000A\000D\000D\000\137\000R\000M\000B\000.\000f\000d\000b\000\137\000l\000a\000t\000e\000x\000m\000k}{}% 219
\BOOKMARK [1][-]{section.220}{\376\377\000C\000a\000l\000c\000u\000l\000a\000t\000o\000r\000/\000T\000e\000x\000/\000S\000A\000R\000\137\000A\000D\000D\000\137\000R\000M\000B\000.\000f\000l\000s}{}% 220
\BOOKMARK [1][-]{section.221}{\376\377\000C\000a\000l\000c\000u\000l\000a\000t\000o\000r\000/\000T\000e\000x\000/\000S\000A\000R\000\137\000A\000D\000D\000\137\000R\000M\000B\000.\000r\000u\000n\000.\000x\000m\000l}{}% 221
\BOOKMARK [1][-]{section.222}{\376\377\000C\000a\000l\000c\000u\000l\000a\000t\000o\000r\000/\000T\000e\000x\000/\000c\000o\000u\000n\000t\000i\000n\000g\000.\000b\000c\000f}{}% 222
\BOOKMARK [1][-]{section.223}{\376\377\000C\000a\000l\000c\000u\000l\000a\000t\000o\000r\000/\000T\000e\000x\000/\000c\000o\000u\000n\000t\000i\000n\000g\000.\000f\000d\000b\000\137\000l\000a\000t\000e\000x\000m\000k}{}% 223
\BOOKMARK [1][-]{section.224}{\376\377\000C\000a\000l\000c\000u\000l\000a\000t\000o\000r\000/\000T\000e\000x\000/\000c\000o\000u\000n\000t\000i\000n\000g\000.\000f\000l\000s}{}% 224
\BOOKMARK [1][-]{section.225}{\376\377\000C\000a\000l\000c\000u\000l\000a\000t\000o\000r\000/\000T\000e\000x\000/\000c\000o\000u\000n\000t\000i\000n\000g\000.\000r\000u\000n\000.\000x\000m\000l}{}% 225
\BOOKMARK [1][-]{section.226}{\376\377\000C\000a\000l\000c\000u\000l\000a\000t\000o\000r\000/\000T\000e\000x\000/\000j\000a\000s\000o\000n\000\137\000a\000u\000t\000o\000m\000a\000t\000o\000n\000\137\000p\000i\000c\000t\000u\000r\000e\000.\000f\000d\000b\000\137\000l\000a\000t\000e\000x\000m\000k}{}% 226
\BOOKMARK [1][-]{section.227}{\376\377\000C\000a\000l\000c\000u\000l\000a\000t\000o\000r\000/\000T\000e\000x\000/\000j\000a\000s\000o\000n\000\137\000a\000u\000t\000o\000m\000a\000t\000o\000n\000\137\000p\000i\000c\000t\000u\000r\000e\000.\000f\000l\000s}{}% 227
\BOOKMARK [1][-]{section.228}{\376\377\000C\000a\000l\000c\000u\000l\000a\000t\000o\000r\000/\000U\000M\000E\000D\000C\000T\000A\000.\000c\000o\000d\000e\000-\000w\000o\000r\000k\000s\000p\000a\000c\000e}{}% 228
\BOOKMARK [1][-]{section.229}{\376\377\000C\000a\000l\000c\000u\000l\000a\000t\000o\000r\000/\000b\000r\000a\000n\000d\000o\000m\000i\000a\000n\000\137\000a\000n\000a\000l\000y\000s\000i\000s\000.\000m\000d}{}% 229
\BOOKMARK [1][-]{section.230}{\376\377\000C\000a\000l\000c\000u\000l\000a\000t\000o\000r\000/\000c\000o\000u\000n\000t\000i\000n\000g\000.\000h\000t\000m\000l}{}% 230
\BOOKMARK [1][-]{section.231}{\376\377\000C\000a\000l\000c\000u\000l\000a\000t\000o\000r\000/\000i\000n\000d\000e\000x\000.\000h\000t\000m\000l}{}% 231
\BOOKMARK [1][-]{section.232}{\376\377\000C\000a\000l\000c\000u\000l\000a\000t\000o\000r\000/\000p\000r\000e\000s\000e\000n\000t\000a\000t\000i\000o\000n\000.\000h\000t\000m\000l}{}% 232
\BOOKMARK [1][-]{section.233}{\376\377\000C\000a\000l\000c\000u\000l\000a\000t\000o\000r\000/\000r\000e\000a\000d\000m\000e\000.\000m\000d}{}% 233
\BOOKMARK [1][-]{section.234}{\376\377\000C\000a\000l\000c\000u\000l\000a\000t\000o\000r\000/\000s\000t\000r\000a\000t\000e\000g\000y\000\137\000s\000t\000y\000l\000e\000s\000.\000c\000s\000s}{}% 234
\BOOKMARK [1][-]{section.235}{\376\377\000C\000a\000l\000c\000u\000l\000a\000t\000o\000r\000/\000s\000t\000y\000l\000e\000s\000.\000c\000s\000s}{}% 235
