\BOOKMARK [1][-]{section.1}{\376\377\000P\000r\000o\000l\000o\000g\000/\000E\000N\000H\000A\000N\000C\000E\000D\000-\000F\000E\000A\000T\000U\000R\000E\000S\000-\000R\000E\000A\000D\000M\000E\000.\000m\000d}{}% 1
\BOOKMARK [1][-]{section.2}{\376\377\000P\000r\000o\000l\000o\000g\000/\000E\000X\000A\000M\000P\000L\000E\000-\000E\000V\000O\000L\000V\000E\000D\000-\000A\000X\000I\000O\000M\000S\000.\000p\000l}{}% 2
\BOOKMARK [1][-]{section.3}{\376\377\000P\000r\000o\000l\000o\000g\000/\000Q\000U\000I\000C\000K\000-\000S\000T\000A\000R\000T\000-\000G\000U\000I\000D\000E\000.\000m\000d}{}% 3
\BOOKMARK [1][-]{section.4}{\376\377\000P\000r\000o\000l\000o\000g\000/\000R\000E\000A\000D\000M\000E\000.\000m\000d}{}% 4
\BOOKMARK [1][-]{section.5}{\376\377\000P\000r\000o\000l\000o\000g\000/\000S\000U\000M\000M\000A\000R\000Y\000.\000m\000d}{}% 5
\BOOKMARK [1][-]{section.6}{\376\377\000P\000r\000o\000l\000o\000g\000/\000a\000u\000t\000o\000m\000a\000t\000a\000.\000p\000l}{}% 6
\BOOKMARK [1][-]{section.7}{\376\377\000P\000r\000o\000l\000o\000g\000/\000c\000r\000i\000t\000i\000q\000u\000e\000.\000p\000l}{}% 7
\BOOKMARK [1][-]{section.8}{\376\377\000P\000r\000o\000l\000o\000g\000/\000d\000i\000a\000l\000e\000c\000t\000i\000c\000a\000l\000-\000i\000n\000t\000e\000r\000p\000r\000e\000t\000e\000r\000-\000R\000E\000A\000D\000M\000E\000.\000m\000d}{}% 8
\BOOKMARK [1][-]{section.9}{\376\377\000P\000r\000o\000l\000o\000g\000/\000d\000i\000a\000l\000e\000c\000t\000i\000c\000a\000l\000-\000i\000n\000t\000e\000r\000p\000r\000e\000t\000e\000r\000.\000j\000s\000x}{}% 9
\BOOKMARK [1][-]{section.10}{\376\377\000P\000r\000o\000l\000o\000g\000/\000d\000i\000a\000l\000e\000c\000t\000i\000c\000a\000l\000\137\000e\000n\000g\000i\000n\000e\000.\000p\000l}{}% 10
\BOOKMARK [1][-]{section.11}{\376\377\000P\000r\000o\000l\000o\000g\000/\000d\000o\000c\000u\000m\000e\000n\000t\000a\000t\000i\000o\000n\000/\000C\000R\000I\000T\000I\000Q\000U\000E\000\137\000I\000M\000P\000L\000E\000M\000E\000N\000T\000A\000T\000I\000O\000N\000.\000m\000d}{}% 11
\BOOKMARK [1][-]{section.12}{\376\377\000P\000r\000o\000l\000o\000g\000/\000d\000o\000c\000u\000m\000e\000n\000t\000a\000t\000i\000o\000n\000/\000G\000R\000O\000U\000N\000D\000E\000D\000\137\000I\000N\000F\000R\000A\000S\000T\000R\000U\000C\000T\000U\000R\000E\000\137\000C\000O\000M\000P\000L\000E\000T\000E\000.\000m\000d}{}% 12
\BOOKMARK [1][-]{section.13}{\376\377\000P\000r\000o\000l\000o\000g\000/\000d\000o\000c\000u\000m\000e\000n\000t\000a\000t\000i\000o\000n\000/\000I\000N\000T\000E\000G\000R\000A\000T\000I\000O\000N\000\137\000S\000T\000A\000T\000U\000S\000.\000m\000d}{}% 13
\BOOKMARK [1][-]{section.14}{\376\377\000P\000r\000o\000l\000o\000g\000/\000d\000o\000c\000u\000m\000e\000n\000t\000a\000t\000i\000o\000n\000/\000L\000A\000K\000O\000F\000F\000\137\000B\000R\000A\000N\000D\000O\000M\000\137\000I\000N\000T\000E\000G\000R\000A\000T\000I\000O\000N\000.\000m\000d}{}% 14
\BOOKMARK [1][-]{section.15}{\376\377\000P\000r\000o\000l\000o\000g\000/\000d\000o\000c\000u\000m\000e\000n\000t\000a\000t\000i\000o\000n\000/\000L\000A\000K\000O\000F\000F\000\137\000B\000R\000A\000N\000D\000O\000M\000\137\000R\000E\000A\000D\000M\000E\000.\000m\000d}{}% 15
\BOOKMARK [1][-]{section.16}{\376\377\000P\000r\000o\000l\000o\000g\000/\000d\000o\000c\000u\000m\000e\000n\000t\000a\000t\000i\000o\000n\000/\000M\000A\000T\000H\000\137\000A\000U\000T\000O\000M\000A\000T\000A\000\137\000R\000E\000V\000I\000E\000W\000.\000m\000d}{}% 16
\BOOKMARK [1][-]{section.17}{\376\377\000P\000r\000o\000l\000o\000g\000/\000d\000o\000c\000u\000m\000e\000n\000t\000a\000t\000i\000o\000n\000/\000R\000E\000O\000R\000G\000A\000N\000I\000Z\000A\000T\000I\000O\000N\000\137\000C\000O\000M\000P\000L\000E\000T\000E\000.\000m\000d}{}% 17
\BOOKMARK [1][-]{section.18}{\376\377\000P\000r\000o\000l\000o\000g\000/\000d\000o\000c\000u\000m\000e\000n\000t\000a\000t\000i\000o\000n\000/\000T\000E\000S\000T\000\137\000S\000U\000M\000M\000A\000R\000Y\000.\000m\000d}{}% 18
\BOOKMARK [1][-]{section.19}{\376\377\000P\000r\000o\000l\000o\000g\000/\000e\000v\000o\000l\000v\000e\000d\000\137\000a\000x\000i\000o\000m\000s\000.\000p\000l}{}% 19
\BOOKMARK [1][-]{section.20}{\376\377\000P\000r\000o\000l\000o\000g\000/\000i\000n\000c\000o\000m\000p\000a\000t\000i\000b\000i\000l\000i\000t\000y\000\137\000s\000e\000m\000a\000n\000t\000i\000c\000s\000.\000p\000l}{}% 20
\BOOKMARK [1][-]{section.21}{\376\377\000P\000r\000o\000l\000o\000g\000/\000i\000n\000t\000e\000r\000s\000u\000b\000j\000e\000c\000t\000i\000v\000e\000\137\000p\000r\000a\000x\000i\000s\000.\000p\000l}{}% 21
\BOOKMARK [1][-]{section.22}{\376\377\000P\000r\000o\000l\000o\000g\000/\000l\000o\000a\000d\000.\000p\000l}{}% 22
\BOOKMARK [1][-]{section.23}{\376\377\000P\000r\000o\000l\000o\000g\000/\000m\000a\000t\000h\000/\000R\000E\000A\000D\000M\000E\000.\000m\000d}{}% 23
\BOOKMARK [1][-]{section.24}{\376\377\000P\000r\000o\000l\000o\000g\000/\000m\000a\000t\000h\000/\000a\000r\000i\000t\000h\000m\000e\000t\000i\000c\000\137\000s\000t\000r\000a\000t\000e\000g\000i\000e\000s\000.\000p\000l}{}% 24
\BOOKMARK [1][-]{section.25}{\376\377\000P\000r\000o\000l\000o\000g\000/\000m\000a\000t\000h\000/\000c\000o\000m\000p\000o\000s\000i\000t\000i\000o\000n\000\137\000e\000n\000g\000i\000n\000e\000.\000p\000l}{}% 25
\BOOKMARK [1][-]{section.26}{\376\377\000P\000r\000o\000l\000o\000g\000/\000m\000a\000t\000h\000/\000c\000o\000u\000n\000t\000i\000n\000g\0002\000.\000p\000l}{}% 26
\BOOKMARK [1][-]{section.27}{\376\377\000P\000r\000o\000l\000o\000g\000/\000m\000a\000t\000h\000/\000c\000o\000u\000n\000t\000i\000n\000g\000\137\000o\000n\000\137\000b\000a\000c\000k\000.\000p\000l}{}% 27
\BOOKMARK [1][-]{section.28}{\376\377\000P\000r\000o\000l\000o\000g\000/\000m\000a\000t\000h\000/\000f\000r\000a\000c\000t\000i\000o\000n\000\137\000s\000e\000m\000a\000n\000t\000i\000c\000s\000.\000p\000l}{}% 28
\BOOKMARK [1][-]{section.29}{\376\377\000P\000r\000o\000l\000o\000g\000/\000m\000a\000t\000h\000/\000f\000r\000a\000c\000t\000i\000o\000n\000s\000\137\000f\000s\000m\000.\000p\000l}{}% 29
\BOOKMARK [1][-]{section.30}{\376\377\000P\000r\000o\000l\000o\000g\000/\000m\000a\000t\000h\000/\000f\000s\000m\000\137\000e\000n\000g\000i\000n\000e\000.\000p\000l}{}% 30
\BOOKMARK [1][-]{section.31}{\376\377\000P\000r\000o\000l\000o\000g\000/\000m\000a\000t\000h\000/\000f\000s\000m\000\137\000s\000y\000n\000t\000h\000e\000s\000i\000s\000\137\000e\000n\000g\000i\000n\000e\000.\000p\000l}{}% 31
\BOOKMARK [1][-]{section.32}{\376\377\000P\000r\000o\000l\000o\000g\000/\000m\000a\000t\000h\000/\000g\000r\000o\000u\000n\000d\000e\000d\000\137\000a\000r\000i\000t\000h\000m\000e\000t\000i\000c\000.\000p\000l}{}% 32
\BOOKMARK [1][-]{section.33}{\376\377\000P\000r\000o\000l\000o\000g\000/\000m\000a\000t\000h\000/\000g\000r\000o\000u\000n\000d\000e\000d\000\137\000u\000t\000i\000l\000s\000.\000p\000l}{}% 33
\BOOKMARK [1][-]{section.34}{\376\377\000P\000r\000o\000l\000o\000g\000/\000m\000a\000t\000h\000/\000j\000a\000s\000o\000n\000\137\000d\000e\000p\000r\000e\000c\000a\000t\000e\000d\000.\000p\000l}{}% 34
\BOOKMARK [1][-]{section.35}{\376\377\000P\000r\000o\000l\000o\000g\000/\000m\000a\000t\000h\000/\000l\000a\000k\000o\000f\000f\000\137\000b\000r\000a\000n\000d\000o\000m\000\137\000r\000e\000s\000u\000l\000t\000s\000.\000t\000x\000t}{}% 35
\BOOKMARK [1][-]{section.36}{\376\377\000P\000r\000o\000l\000o\000g\000/\000m\000a\000t\000h\000/\000l\000a\000k\000o\000f\000f\000\137\000b\000r\000a\000n\000d\000o\000m\000\137\000t\000e\000s\000t\000.\000p\000l}{}% 36
\BOOKMARK [1][-]{section.37}{\376\377\000P\000r\000o\000l\000o\000g\000/\000m\000a\000t\000h\000/\000l\000a\000k\000o\000f\000f\000\137\000m\000e\000t\000a\000p\000h\000o\000r\000s\000.\000p\000l}{}% 37
\BOOKMARK [1][-]{section.38}{\376\377\000P\000r\000o\000l\000o\000g\000/\000m\000a\000t\000h\000/\000l\000o\000a\000d\000\137\000m\000a\000t\000h\000.\000p\000l}{}% 38
\BOOKMARK [1][-]{section.39}{\376\377\000P\000r\000o\000l\000o\000g\000/\000m\000a\000t\000h\000/\000n\000o\000r\000m\000a\000l\000i\000z\000a\000t\000i\000o\000n\000.\000p\000l}{}% 39
\BOOKMARK [1][-]{section.40}{\376\377\000P\000r\000o\000l\000o\000g\000/\000m\000a\000t\000h\000/\000s\000a\000r\000\137\000a\000d\000d\000\137\000c\000h\000u\000n\000k\000i\000n\000g\000.\000p\000l}{}% 40
\BOOKMARK [1][-]{section.41}{\376\377\000P\000r\000o\000l\000o\000g\000/\000m\000a\000t\000h\000/\000s\000a\000r\000\137\000a\000d\000d\000\137\000c\000o\000b\000o\000.\000p\000l}{}% 41
\BOOKMARK [1][-]{section.42}{\376\377\000P\000r\000o\000l\000o\000g\000/\000m\000a\000t\000h\000/\000s\000a\000r\000\137\000a\000d\000d\000\137\000r\000m\000b\000.\000p\000l}{}% 42
\BOOKMARK [1][-]{section.43}{\376\377\000P\000r\000o\000l\000o\000g\000/\000m\000a\000t\000h\000/\000s\000a\000r\000\137\000a\000d\000d\000\137\000r\000o\000u\000n\000d\000i\000n\000g\000.\000p\000l}{}% 43
\BOOKMARK [1][-]{section.44}{\376\377\000P\000r\000o\000l\000o\000g\000/\000m\000a\000t\000h\000/\000s\000a\000r\000\137\000s\000u\000b\000\137\000c\000b\000b\000o\000\137\000t\000a\000k\000e\000\137\000a\000w\000a\000y\000.\000p\000l}{}% 44
\BOOKMARK [1][-]{section.45}{\376\377\000P\000r\000o\000l\000o\000g\000/\000m\000a\000t\000h\000/\000s\000a\000r\000\137\000s\000u\000b\000\137\000c\000h\000u\000n\000k\000i\000n\000g\000\137\000a\000.\000p\000l}{}% 45
\BOOKMARK [1][-]{section.46}{\376\377\000P\000r\000o\000l\000o\000g\000/\000m\000a\000t\000h\000/\000s\000a\000r\000\137\000s\000u\000b\000\137\000c\000h\000u\000n\000k\000i\000n\000g\000\137\000b\000.\000p\000l}{}% 46
\BOOKMARK [1][-]{section.47}{\376\377\000P\000r\000o\000l\000o\000g\000/\000m\000a\000t\000h\000/\000s\000a\000r\000\137\000s\000u\000b\000\137\000c\000h\000u\000n\000k\000i\000n\000g\000\137\000c\000.\000p\000l}{}% 47
\BOOKMARK [1][-]{section.48}{\376\377\000P\000r\000o\000l\000o\000g\000/\000m\000a\000t\000h\000/\000s\000a\000r\000\137\000s\000u\000b\000\137\000c\000o\000b\000o\000\137\000m\000i\000s\000s\000i\000n\000g\000\137\000a\000d\000d\000e\000n\000d\000.\000p\000l}{}% 48
\BOOKMARK [1][-]{section.49}{\376\377\000P\000r\000o\000l\000o\000g\000/\000m\000a\000t\000h\000/\000s\000a\000r\000\137\000s\000u\000b\000\137\000d\000e\000c\000o\000m\000p\000o\000s\000i\000t\000i\000o\000n\000.\000p\000l}{}% 49
\BOOKMARK [1][-]{section.50}{\376\377\000P\000r\000o\000l\000o\000g\000/\000m\000a\000t\000h\000/\000s\000a\000r\000\137\000s\000u\000b\000\137\000r\000o\000u\000n\000d\000i\000n\000g\000.\000p\000l}{}% 50
\BOOKMARK [1][-]{section.51}{\376\377\000P\000r\000o\000l\000o\000g\000/\000m\000a\000t\000h\000/\000s\000a\000r\000\137\000s\000u\000b\000\137\000s\000l\000i\000d\000i\000n\000g\000.\000p\000l}{}% 51
\BOOKMARK [1][-]{section.52}{\376\377\000P\000r\000o\000l\000o\000g\000/\000m\000a\000t\000h\000/\000s\000m\000r\000\137\000d\000i\000v\000\137\000c\000b\000o\000.\000p\000l}{}% 52
\BOOKMARK [1][-]{section.53}{\376\377\000P\000r\000o\000l\000o\000g\000/\000m\000a\000t\000h\000/\000s\000m\000r\000\137\000d\000i\000v\000\137\000d\000e\000a\000l\000i\000n\000g\000\137\000b\000y\000\137\000o\000n\000e\000s\000.\000p\000l}{}% 53
\BOOKMARK [1][-]{section.54}{\376\377\000P\000r\000o\000l\000o\000g\000/\000m\000a\000t\000h\000/\000s\000m\000r\000\137\000d\000i\000v\000\137\000i\000d\000p\000.\000p\000l}{}% 54
\BOOKMARK [1][-]{section.55}{\376\377\000P\000r\000o\000l\000o\000g\000/\000m\000a\000t\000h\000/\000s\000m\000r\000\137\000d\000i\000v\000\137\000u\000c\000r\000.\000p\000l}{}% 55
\BOOKMARK [1][-]{section.56}{\376\377\000P\000r\000o\000l\000o\000g\000/\000m\000a\000t\000h\000/\000s\000m\000r\000\137\000m\000u\000l\000t\000\137\000c\0002\000c\000.\000p\000l}{}% 56
\BOOKMARK [1][-]{section.57}{\376\377\000P\000r\000o\000l\000o\000g\000/\000m\000a\000t\000h\000/\000s\000m\000r\000\137\000m\000u\000l\000t\000\137\000c\000b\000o\000.\000p\000l}{}% 57
\BOOKMARK [1][-]{section.58}{\376\377\000P\000r\000o\000l\000o\000g\000/\000m\000a\000t\000h\000/\000s\000m\000r\000\137\000m\000u\000l\000t\000\137\000c\000o\000m\000m\000u\000t\000a\000t\000i\000v\000e\000\137\000r\000e\000a\000s\000o\000n\000i\000n\000g\000.\000p\000l}{}% 58
\BOOKMARK [1][-]{section.59}{\376\377\000P\000r\000o\000l\000o\000g\000/\000m\000a\000t\000h\000/\000s\000m\000r\000\137\000m\000u\000l\000t\000\137\000d\000r\000.\000p\000l}{}% 59
\BOOKMARK [1][-]{section.60}{\376\377\000P\000r\000o\000l\000o\000g\000/\000m\000a\000t\000h\000/\000t\000e\000s\000t\000\137\000g\000r\000o\000u\000n\000d\000e\000d\000.\000p\000l}{}% 60
\BOOKMARK [1][-]{section.61}{\376\377\000P\000r\000o\000l\000o\000g\000/\000p\000m\000l\000\137\000o\000p\000e\000r\000a\000t\000o\000r\000s\000.\000p\000l}{}% 61
\BOOKMARK [1][-]{section.62}{\376\377\000P\000r\000o\000l\000o\000g\000/\000p\000r\000a\000g\000m\000a\000t\000i\000c\000\137\000a\000x\000i\000o\000m\000s\000.\000p\000l}{}% 62
\BOOKMARK [1][-]{section.63}{\376\377\000P\000r\000o\000l\000o\000g\000/\000s\000e\000m\000a\000n\000t\000i\000c\000\137\000a\000x\000i\000o\000m\000s\000.\000p\000l}{}% 63
\BOOKMARK [1][-]{section.64}{\376\377\000P\000r\000o\000l\000o\000g\000/\000t\000e\000s\000t\000s\000/\000c\000o\000r\000e\000\137\000t\000e\000s\000t\000.\000p\000l}{}% 64
\BOOKMARK [1][-]{section.65}{\376\377\000P\000r\000o\000l\000o\000g\000/\000t\000e\000s\000t\000s\000/\000c\000r\000i\000t\000i\000q\000u\000e\000\137\000r\000e\000s\000u\000l\000t\000s\000.\000t\000x\000t}{}% 65
\BOOKMARK [1][-]{section.66}{\376\377\000P\000r\000o\000l\000o\000g\000/\000t\000e\000s\000t\000s\000/\000c\000r\000i\000t\000i\000q\000u\000e\000\137\000t\000e\000s\000t\000.\000p\000l}{}% 66
\BOOKMARK [1][-]{section.67}{\376\377\000P\000r\000o\000l\000o\000g\000/\000t\000e\000s\000t\000s\000/\000s\000i\000m\000p\000l\000e\000\137\000t\000e\000s\000t\000.\000p\000l}{}% 67
\BOOKMARK [1][-]{section.68}{\376\377\000P\000r\000o\000l\000o\000g\000/\000t\000e\000s\000t\000s\000/\000t\000e\000s\000t\000\137\000r\000e\000s\000u\000l\000t\000s\000.\000t\000x\000t}{}% 68
\BOOKMARK [1][-]{section.69}{\376\377\000P\000r\000o\000l\000o\000g\000/\000u\000t\000i\000l\000s\000.\000p\000l}{}% 69
