This is XeTeX, Version 3.141592653-2.6-0.999997 (TeX Live 2025) (preloaded format=xelatex 2025.10.2)  3 DEC 2025 12:44
entering extended mode
 \write18 enabled.
 %&-line parsing enabled.
**Root.tex
(./Root.tex
LaTeX2e <2025-06-01> patch level 1
L3 programming layer <2025-09-02>
(/usr/local/texlive/2025/texmf-dist/tex/latex/base/article.cls
Document Class: article 2025/01/22 v1.4n Standard LaTeX document class
(/usr/local/texlive/2025/texmf-dist/tex/latex/base/size10.clo
File: size10.clo 2025/01/22 v1.4n Standard LaTeX file (size option)
)
\c@part=\count271
\c@section=\count272
\c@subsection=\count273
\c@subsubsection=\count274
\c@paragraph=\count275
\c@subparagraph=\count276
\c@figure=\count277
\c@table=\count278
\abovecaptionskip=\skip49
\belowcaptionskip=\skip50
\bibindent=\dimen148
)
(/usr/local/texlive/2025/texmf-dist/tex/latex/fontspec/fontspec.sty
(/usr/local/texlive/2025/texmf-dist/tex/latex/l3packages/xparse/xparse.sty
(/usr/local/texlive/2025/texmf-dist/tex/latex/l3kernel/expl3.sty
Package: expl3 2025-09-02 L3 programming layer (loader) 

(/usr/local/texlive/2025/texmf-dist/tex/latex/l3backend/l3backend-xetex.def
File: l3backend-xetex.def 2025-06-09 L3 backend support: XeTeX
\g__graphics_track_int=\count279
\g__pdfannot_backend_int=\count280
\g__pdfannot_backend_link_int=\count281
))
Package: xparse 2024-08-16 L3 Experimental document command parser
)
Package: fontspec 2025/09/29 v2.9g Font selection for XeLaTeX and LuaLaTeX

(/usr/local/texlive/2025/texmf-dist/tex/latex/fontspec/fontspec-xetex.sty
Package: fontspec-xetex 2025/09/29 v2.9g Font selection for XeLaTeX and LuaLaTe
X
\l__fontspec_script_int=\count282
\l__fontspec_language_int=\count283
\l__fontspec_strnum_int=\count284
\l__fontspec_tmp_int=\count285
\l__fontspec_tmpa_int=\count286
\l__fontspec_tmpb_int=\count287
\l__fontspec_tmpc_int=\count288
\l__fontspec_em_int=\count289
\l__fontspec_emdef_int=\count290
\l__fontspec_strong_int=\count291
\l__fontspec_strongdef_int=\count292
\l__fontspec_tmpa_dim=\dimen149
\l__fontspec_tmpb_dim=\dimen150
\l__fontspec_tmpc_dim=\dimen151

(/usr/local/texlive/2025/texmf-dist/tex/latex/base/fontenc.sty
Package: fontenc 2024/12/21 v2.1c Standard LaTeX package
)
(/usr/local/texlive/2025/texmf-dist/tex/latex/fontspec/fontspec.cfg)))
(/usr/local/texlive/2025/texmf-dist/tex/latex/minted/minted.sty
Package: minted 2025/05/14 v3.7.0 Yet another Pygments shim for LaTeX

(/usr/local/texlive/2025/texmf-dist/tex/generic/catchfile/catchfile.sty
Package: catchfile 2019/12/09 v1.8 Catch the contents of a file (HO)

(/usr/local/texlive/2025/texmf-dist/tex/generic/infwarerr/infwarerr.sty
Package: infwarerr 2019/12/03 v1.5 Providing info/warning/error messages (HO)
)
(/usr/local/texlive/2025/texmf-dist/tex/generic/ltxcmds/ltxcmds.sty
Package: ltxcmds 2023-12-04 v1.26 LaTeX kernel commands for general use (HO)
)
(/usr/local/texlive/2025/texmf-dist/tex/generic/etexcmds/etexcmds.sty
Package: etexcmds 2019/12/15 v1.7 Avoid name clashes with e-TeX commands (HO)

(/usr/local/texlive/2025/texmf-dist/tex/generic/iftex/iftex.sty
Package: iftex 2024/12/12 v1.0g TeX engine tests
)))
(/usr/local/texlive/2025/texmf-dist/tex/latex/etoolbox/etoolbox.sty
Package: etoolbox 2025/10/02 v2.5m e-TeX tools for LaTeX (JAW)
\etb@tempcnta=\count293
)
(/usr/local/texlive/2025/texmf-dist/tex/latex/fvextra/fvextra.sty
Package: fvextra 2025/05/29 v1.13.2 fvextra - extensions and patches for fancyv
rb

(/usr/local/texlive/2025/texmf-dist/tex/latex/fancyvrb/fancyvrb.sty
Package: fancyvrb 2025/07/28 4.6 verbatim text (tvz,hv)

(/usr/local/texlive/2025/texmf-dist/tex/latex/graphics/keyval.sty
Package: keyval 2022/05/29 v1.15 key=value parser (DPC)
\KV@toks@=\toks17
)
\FV@CodeLineNo=\count294
\FV@InFile=\read2
\FV@TabBox=\box53
\c@FancyVerbLine=\count295
\FV@StepNumber=\count296
\FV@OutFile=\write3
)
(/usr/local/texlive/2025/texmf-dist/tex/generic/pdftexcmds/pdftexcmds.sty
Package: pdftexcmds 2020-06-27 v0.33 Utility functions of pdfTeX for LuaTeX (HO
)
Package pdftexcmds Info: \pdf@primitive is available.
Package pdftexcmds Info: \pdf@ifprimitive is available.
Package pdftexcmds Info: \pdfdraftmode not found.
)
(/usr/local/texlive/2025/texmf-dist/tex/latex/upquote/upquote.sty
Package: upquote 2012/04/19 v1.3 upright-quote and grave-accent glyphs in verba
tim

(/usr/local/texlive/2025/texmf-dist/tex/latex/base/textcomp.sty
Package: textcomp 2024/04/24 v2.1b Standard LaTeX package
))
(/usr/local/texlive/2025/texmf-dist/tex/latex/lineno/lineno.sty
Package: lineno 2025/05/13 line numbers on paragraphs v5.5

(/usr/local/texlive/2025/texmf-dist/tex/latex/kvoptions/kvoptions.sty
Package: kvoptions 2022-06-15 v3.15 Key value format for package options (HO)

(/usr/local/texlive/2025/texmf-dist/tex/latex/kvsetkeys/kvsetkeys.sty
Package: kvsetkeys 2022-10-05 v1.19 Key value parser (HO)
))
\linenopenalty=\count297
\output=\toks18
\linenoprevgraf=\count298
\linenumbersep=\dimen152
\linenumberwidth=\dimen153
\c@linenumber=\count299
\c@pagewiselinenumber=\count300
\c@LN@truepage=\count301
\c@internallinenumber=\count302
\c@internallinenumbers=\count303
\quotelinenumbersep=\dimen154
\bframerule=\dimen155
\bframesep=\dimen156
\bframebox=\box54
)
\c@FancyVerbWriteLine=\count304
\c@FancyVerbBufferLine=\count305
\c@FV@TrueTabGroupLevel=\count306
\c@FV@TrueTabCounter=\count307
\FV@TabBox@Group=\box55
\FV@bgcolorstructbox=\box56
\FV@TmpLength=\skip51
\c@FV@HighlightLinesStart=\count308
\c@FV@HighlightLinesStop=\count309
\FV@LoopCount=\count310
\FV@NCharsBox=\box57
\FV@BreakIndent=\dimen157
\FV@BreakIndentNChars=\count311
\FV@BreakSymbolSepLeft=\dimen158
\FV@BreakSymbolSepLeftNChars=\count312
\FV@BreakSymbolSepRight=\dimen159
\FV@BreakSymbolSepRightNChars=\count313
\FV@BreakSymbolIndentLeft=\dimen160
\FV@BreakSymbolIndentLeftNChars=\count314
\FV@BreakSymbolIndentRight=\dimen161
\FV@BreakSymbolIndentRightNChars=\count315
\c@FancyVerbLineBreakLast=\count316
\FV@LineBox=\box58
\FV@LineIndentBox=\box59
\c@FV@BreakBufferDepth=\count317
\FV@LineWidth=\dimen162
)
(/usr/local/texlive/2025/texmf-dist/tex/latex/latex2pydata/latex2pydata.sty
Package: latex2pydata 2025/03/26 v0.6.0 latex2pydata - write data to file in Py
thon literal format
)
(/usr/local/texlive/2025/texmf-dist/tex/latex/pgf/utilities/pgfkeys.sty
(/usr/local/texlive/2025/texmf-dist/tex/generic/pgf/utilities/pgfkeys.code.tex
\pgfkeys@pathtoks=\toks19
\pgfkeys@temptoks=\toks20

(/usr/local/texlive/2025/texmf-dist/tex/generic/pgf/utilities/pgfkeyslibraryfil
tered.code.tex
\pgfkeys@tmptoks=\toks21
)))
(/usr/local/texlive/2025/texmf-dist/tex/latex/pgfopts/pgfopts.sty
Package: pgfopts 2014/07/10 v2.1a LaTeX package options with pgfkeys
\pgfopts@list@add@a@toks=\toks22
\pgfopts@list@add@b@toks=\toks23
)
(/usr/local/texlive/2025/texmf-dist/tex/latex/tools/shellesc.sty
Package: shellesc 2023/07/08 v1.0d unified shell escape interface for LaTeX
Package shellesc Info: Unrestricted shell escape enabled on input line 75.
)
(/usr/local/texlive/2025/texmf-dist/tex/latex/float/float.sty
Package: float 2001/11/08 v1.3d Float enhancements (AL)
\c@float@type=\count318
\float@exts=\toks24
\float@box=\box60
\@float@everytoks=\toks25
\@floatcapt=\box61
)
\c@minted@FancyVerbLineTemp=\count319
\@float@every@listing=\toks26
\c@listing=\count320
)
(/usr/local/texlive/2025/texmf-dist/tex/latex/hyperref/hyperref.sty
Package: hyperref 2025-07-12 v7.01o Hypertext links for LaTeX

(/usr/local/texlive/2025/texmf-dist/tex/generic/kvdefinekeys/kvdefinekeys.sty
Package: kvdefinekeys 2019-12-19 v1.6 Define keys (HO)
)
(/usr/local/texlive/2025/texmf-dist/tex/generic/pdfescape/pdfescape.sty
Package: pdfescape 2019/12/09 v1.15 Implements pdfTeX's escape features (HO)
)
(/usr/local/texlive/2025/texmf-dist/tex/latex/hycolor/hycolor.sty
Package: hycolor 2020-01-27 v1.10 Color options for hyperref/bookmark (HO)
)
(/usr/local/texlive/2025/texmf-dist/tex/latex/hyperref/nameref.sty
Package: nameref 2025-06-21 v2.57 Cross-referencing by name of section

(/usr/local/texlive/2025/texmf-dist/tex/latex/refcount/refcount.sty
Package: refcount 2019/12/15 v3.6 Data extraction from label references (HO)
)
(/usr/local/texlive/2025/texmf-dist/tex/generic/gettitlestring/gettitlestring.s
ty
Package: gettitlestring 2019/12/15 v1.6 Cleanup title references (HO)
)
\c@section@level=\count321
) (/usr/local/texlive/2025/texmf-dist/tex/generic/stringenc/stringenc.sty
Package: stringenc 2019/11/29 v1.12 Convert strings between diff. encodings (HO
)
)
\@linkdim=\dimen163
\Hy@linkcounter=\count322
\Hy@pagecounter=\count323

(/usr/local/texlive/2025/texmf-dist/tex/latex/hyperref/pd1enc.def
File: pd1enc.def 2025-07-12 v7.01o Hyperref: PDFDocEncoding definition (HO)
)
(/usr/local/texlive/2025/texmf-dist/tex/generic/intcalc/intcalc.sty
Package: intcalc 2019/12/15 v1.3 Expandable calculations with integers (HO)
)
\Hy@SavedSpaceFactor=\count324

(/usr/local/texlive/2025/texmf-dist/tex/latex/hyperref/puenc.def
File: puenc.def 2025-07-12 v7.01o Hyperref: PDF Unicode definition (HO)
)
Package hyperref Info: Hyper figures OFF on input line 4195.
Package hyperref Info: Link nesting OFF on input line 4200.
Package hyperref Info: Hyper index ON on input line 4203.
Package hyperref Info: Plain pages OFF on input line 4210.
Package hyperref Info: Backreferencing OFF on input line 4215.
Package hyperref Info: Implicit mode ON; LaTeX internals redefined.
Package hyperref Info: Bookmarks ON on input line 4462.
\c@Hy@tempcnt=\count325

(/usr/local/texlive/2025/texmf-dist/tex/latex/url/url.sty
\Urlmuskip=\muskip17
Package: url 2013/09/16  ver 3.4  Verb mode for urls, etc.
)
LaTeX Info: Redefining \url on input line 4801.
\XeTeXLinkMargin=\dimen164

(/usr/local/texlive/2025/texmf-dist/tex/generic/bitset/bitset.sty
Package: bitset 2019/12/09 v1.3 Handle bit-vector datatype (HO)

(/usr/local/texlive/2025/texmf-dist/tex/generic/bigintcalc/bigintcalc.sty
Package: bigintcalc 2019/12/15 v1.5 Expandable calculations on big integers (HO
)
))
\Fld@menulength=\count326
\Field@Width=\dimen165
\Fld@charsize=\dimen166
Package hyperref Info: Hyper figures OFF on input line 6078.
Package hyperref Info: Link nesting OFF on input line 6083.
Package hyperref Info: Hyper index ON on input line 6086.
Package hyperref Info: backreferencing OFF on input line 6093.
Package hyperref Info: Link coloring OFF on input line 6098.
Package hyperref Info: Link coloring with OCG OFF on input line 6103.
Package hyperref Info: PDF/A mode OFF on input line 6108.
\Hy@abspage=\count327
\c@Item=\count328
\c@Hfootnote=\count329
)
Package hyperref Info: Driver (autodetected): hxetex.

(/usr/local/texlive/2025/texmf-dist/tex/latex/hyperref/hxetex.def
File: hxetex.def 2025-07-12 v7.01o Hyperref driver for XeTeX
\pdfm@box=\box62
\c@Hy@AnnotLevel=\count330
\HyField@AnnotCount=\count331
\Fld@listcount=\count332
\c@bookmark@seq@number=\count333

(/usr/local/texlive/2025/texmf-dist/tex/latex/rerunfilecheck/rerunfilecheck.sty
Package: rerunfilecheck 2025-06-21 v1.11 Rerun checks for auxiliary files (HO)

(/usr/local/texlive/2025/texmf-dist/tex/generic/uniquecounter/uniquecounter.sty
Package: uniquecounter 2019/12/15 v1.4 Provide unlimited unique counter (HO)
)
Package uniquecounter Info: New unique counter `rerunfilecheck' on input line 2
84.
)
\Hy@SectionHShift=\skip52
) (/usr/local/texlive/2025/texmf-dist/tex/latex/geometry/geometry.sty
Package: geometry 2020/01/02 v5.9 Page Geometry

(/usr/local/texlive/2025/texmf-dist/tex/generic/iftex/ifvtex.sty
Package: ifvtex 2019/10/25 v1.7 ifvtex legacy package. Use iftex instead.
)
\Gm@cnth=\count334
\Gm@cntv=\count335
\c@Gm@tempcnt=\count336
\Gm@bindingoffset=\dimen167
\Gm@wd@mp=\dimen168
\Gm@odd@mp=\dimen169
\Gm@even@mp=\dimen170
\Gm@layoutwidth=\dimen171
\Gm@layoutheight=\dimen172
\Gm@layouthoffset=\dimen173
\Gm@layoutvoffset=\dimen174
\Gm@dimlist=\toks27
)
(/usr/local/texlive/2025/texmf-dist/tex/latex/xcolor/xcolor.sty
Package: xcolor 2024/09/29 v3.02 LaTeX color extensions (UK)

(/usr/local/texlive/2025/texmf-dist/tex/latex/graphics-cfg/color.cfg
File: color.cfg 2016/01/02 v1.6 sample color configuration
)
Package xcolor Info: Driver file: xetex.def on input line 274.

(/usr/local/texlive/2025/texmf-dist/tex/latex/graphics-def/xetex.def
File: xetex.def 2025/09/29 v5.0o Graphics/color driver for xetex
)
(/usr/local/texlive/2025/texmf-dist/tex/latex/graphics/mathcolor.ltx)
Package xcolor Info: Model `cmy' substituted by `cmy0' on input line 1349.
Package xcolor Info: Model `RGB' extended on input line 1365.
Package xcolor Info: Model `HTML' substituted by `rgb' on input line 1367.
Package xcolor Info: Model `Hsb' substituted by `hsb' on input line 1368.
Package xcolor Info: Model `tHsb' substituted by `hsb' on input line 1369.
Package xcolor Info: Model `HSB' substituted by `hsb' on input line 1370.
Package xcolor Info: Model `Gray' substituted by `gray' on input line 1371.
Package xcolor Info: Model `wave' substituted by `hsb' on input line 1372.
)
(/usr/local/texlive/2025/texmf-dist/tex/latex/fancyhdr/fancyhdr.sty
Package: fancyhdr 2025/02/07 v5.2 Extensive control of page headers and footers

\f@nch@headwidth=\skip53
\f@nch@offset@elh=\skip54
\f@nch@offset@erh=\skip55
\f@nch@offset@olh=\skip56
\f@nch@offset@orh=\skip57
\f@nch@offset@elf=\skip58
\f@nch@offset@erf=\skip59
\f@nch@offset@olf=\skip60
\f@nch@offset@orf=\skip61
\f@nch@height=\skip62
\f@nch@footalignment=\skip63
\f@nch@widthL=\skip64
\f@nch@widthC=\skip65
\f@nch@widthR=\skip66
\@temptokenb=\toks28
)

Package fontspec Info: 
(fontspec)             Menlo scale = 0.7910670975908946.


Package fontspec Info: 
(fontspec)             Menlo scale = 0.7910670975908946.


Package fontspec Info: 
(fontspec)             Menlo/B scale = 0.7910670975908946.


Package fontspec Info: 
(fontspec)             Menlo/I scale = 0.7910670975908946.


Package fontspec Info: 
(fontspec)             Menlo/BI scale = 0.7910670975908946.


Package fontspec Info: 
(fontspec)             Font family 'Menlo(0)' created for font 'Menlo' with
(fontspec)             options
(fontspec)             [WordSpace={1,0,0},HyphenChar=None,PunctuationSpace=Word
Space,Scale=MatchLowercase].
(fontspec)              
(fontspec)              This font family consists of the following NFSS
(fontspec)             series/shapes:
(fontspec)              
(fontspec)             - 'normal' (m/n) with NFSS spec.:
(fontspec)             <->s*[0.7910670975908946]"Menlo/AAT"
(fontspec)             - 'bold' (b/n) with NFSS spec.:
(fontspec)             <->s*[0.7910670975908946]"Menlo/B/AAT"
(fontspec)             - 'italic' (m/it) with NFSS spec.:
(fontspec)             <->s*[0.7910670975908946]"Menlo/I/AAT"
(fontspec)             - 'bold italic' (b/it) with NFSS spec.:
(fontspec)             <->s*[0.7910670975908946]"Menlo/BI/AAT"


(./Root.aux)
\openout1 = `Root.aux'.

LaTeX Font Info:    Checking defaults for OML/cmm/m/it on input line 23.
LaTeX Font Info:    ... okay on input line 23.
LaTeX Font Info:    Checking defaults for OMS/cmsy/m/n on input line 23.
LaTeX Font Info:    ... okay on input line 23.
LaTeX Font Info:    Checking defaults for OT1/cmr/m/n on input line 23.
LaTeX Font Info:    ... okay on input line 23.
LaTeX Font Info:    Checking defaults for T1/cmr/m/n on input line 23.
LaTeX Font Info:    ... okay on input line 23.
LaTeX Font Info:    Checking defaults for TS1/cmr/m/n on input line 23.
LaTeX Font Info:    ... okay on input line 23.
LaTeX Font Info:    Checking defaults for TU/lmr/m/n on input line 23.
LaTeX Font Info:    ... okay on input line 23.
LaTeX Font Info:    Checking defaults for OMX/cmex/m/n on input line 23.
LaTeX Font Info:    ... okay on input line 23.
LaTeX Font Info:    Checking defaults for U/cmr/m/n on input line 23.
LaTeX Font Info:    ... okay on input line 23.
LaTeX Font Info:    Checking defaults for PD1/pdf/m/n on input line 23.
LaTeX Font Info:    ... okay on input line 23.
LaTeX Font Info:    Checking defaults for PU/pdf/m/n on input line 23.
LaTeX Font Info:    ... okay on input line 23.

Package fontspec Info: 
(fontspec)             Adjusting the maths setup (use [no-math] to avoid
(fontspec)             this).

\symlegacymaths=\mathgroup4
LaTeX Font Info:    Overwriting symbol font `legacymaths' in version `bold'
(Font)                  OT1/cmr/m/n --> OT1/cmr/bx/n on input line 23.
LaTeX Font Info:    Redeclaring math accent \acute on input line 23.
LaTeX Font Info:    Redeclaring math accent \grave on input line 23.
LaTeX Font Info:    Redeclaring math accent \ddot on input line 23.
LaTeX Font Info:    Redeclaring math accent \tilde on input line 23.
LaTeX Font Info:    Redeclaring math accent \bar on input line 23.
LaTeX Font Info:    Redeclaring math accent \breve on input line 23.
LaTeX Font Info:    Redeclaring math accent \check on input line 23.
LaTeX Font Info:    Redeclaring math accent \hat on input line 23.
LaTeX Font Info:    Redeclaring math accent \dot on input line 23.
LaTeX Font Info:    Redeclaring math accent \mathring on input line 23.
LaTeX Font Info:    Redeclaring math symbol \colon on input line 23.
LaTeX Font Info:    Redeclaring math symbol \Gamma on input line 23.
LaTeX Font Info:    Redeclaring math symbol \Delta on input line 23.
LaTeX Font Info:    Redeclaring math symbol \Theta on input line 23.
LaTeX Font Info:    Redeclaring math symbol \Lambda on input line 23.
LaTeX Font Info:    Redeclaring math symbol \Xi on input line 23.
LaTeX Font Info:    Redeclaring math symbol \Pi on input line 23.
LaTeX Font Info:    Redeclaring math symbol \Sigma on input line 23.
LaTeX Font Info:    Redeclaring math symbol \Upsilon on input line 23.
LaTeX Font Info:    Redeclaring math symbol \Phi on input line 23.
LaTeX Font Info:    Redeclaring math symbol \Psi on input line 23.
LaTeX Font Info:    Redeclaring math symbol \Omega on input line 23.
LaTeX Font Info:    Redeclaring math symbol \mathdollar on input line 23.
LaTeX Font Info:    Redeclaring symbol font `operators' on input line 23.
LaTeX Font Info:    Encoding `OT1' has changed to `TU' for symbol font
(Font)              `operators' in the math version `normal' on input line 23.
LaTeX Font Info:    Overwriting symbol font `operators' in version `normal'
(Font)                  OT1/cmr/m/n --> TU/lmr/m/n on input line 23.
LaTeX Font Info:    Encoding `OT1' has changed to `TU' for symbol font
(Font)              `operators' in the math version `bold' on input line 23.
LaTeX Font Info:    Overwriting symbol font `operators' in version `bold'
(Font)                  OT1/cmr/bx/n --> TU/lmr/m/n on input line 23.
LaTeX Font Info:    Overwriting symbol font `operators' in version `normal'
(Font)                  TU/lmr/m/n --> TU/lmr/m/n on input line 23.
LaTeX Font Info:    Overwriting math alphabet `\mathit' in version `normal'
(Font)                  OT1/cmr/m/it --> TU/lmr/m/it on input line 23.
LaTeX Font Info:    Overwriting math alphabet `\mathbf' in version `normal'
(Font)                  OT1/cmr/bx/n --> TU/lmr/b/n on input line 23.
LaTeX Font Info:    Overwriting math alphabet `\mathsf' in version `normal'
(Font)                  OT1/cmss/m/n --> TU/lmss/m/n on input line 23.
LaTeX Font Info:    Overwriting math alphabet `\mathtt' in version `normal'
(Font)                  OT1/cmtt/m/n --> TU/Menlo(0)/m/n on input line 23.
LaTeX Font Info:    Overwriting symbol font `operators' in version `bold'
(Font)                  TU/lmr/m/n --> TU/lmr/b/n on input line 23.
LaTeX Font Info:    Overwriting math alphabet `\mathit' in version `bold'
(Font)                  OT1/cmr/bx/it --> TU/lmr/b/it on input line 23.
LaTeX Font Info:    Overwriting math alphabet `\mathsf' in version `bold'
(Font)                  OT1/cmss/bx/n --> TU/lmss/b/n on input line 23.
LaTeX Font Info:    Overwriting math alphabet `\mathtt' in version `bold'
(Font)                  OT1/cmtt/m/n --> TU/Menlo(0)/b/n on input line 23.
Package hyperref Info: Link coloring OFF on input line 23.
 (./Root.out) (./Root.out)
\@outlinefile=\write4
\openout4 = `Root.out'.


*geometry* driver: auto-detecting
*geometry* detected driver: xetex
*geometry* verbose mode - [ preamble ] result:
* driver: xetex
* paper: a4paper
* layout: <same size as paper>
* layoutoffset:(h,v)=(0.0pt,0.0pt)
* modes: 
* h-part:(L,W,R)=(72.26999pt, 452.9679pt, 72.26999pt)
* v-part:(T,H,B)=(72.26999pt, 700.50687pt, 72.26999pt)
* \paperwidth=597.50787pt
* \paperheight=845.04684pt
* \textwidth=452.9679pt
* \textheight=700.50687pt
* \oddsidemargin=0.0pt
* \evensidemargin=0.0pt
* \topmargin=-37.0pt
* \headheight=12.0pt
* \headsep=25.0pt
* \topskip=10.0pt
* \footskip=30.0pt
* \marginparwidth=65.0pt
* \marginparsep=11.0pt
* \columnsep=10.0pt
* \skip\footins=9.0pt plus 4.0pt minus 2.0pt
* \hoffset=0.0pt
* \voffset=0.0pt
* \mag=1000
* \@twocolumnfalse
* \@twosidefalse
* \@mparswitchfalse
* \@reversemarginfalse
* (1in=72.27pt=25.4mm, 1cm=28.453pt)

LaTeX Font Info:    External font `cmex10' loaded for size
(Font)              <12> on input line 26.
LaTeX Font Info:    External font `cmex10' loaded for size
(Font)              <8> on input line 26.
LaTeX Font Info:    External font `cmex10' loaded for size
(Font)              <6> on input line 26.
(./Root.toc)
\tf@toc=\write5
\openout5 = `Root.toc'.



[1

]
\pydata@fh@0=\write6
\openout6 = `_FA03EB688AD8AA1DB593D33DABD89BAD.data.minted'.

runsystem(latexminted config  --timestamp 20251203124458 FA03EB688AD8AA1DB593D3
3DABD89BAD)...executed.

 (./_FA03EB688AD8AA1DB593D33DABD89BAD.config.minted)
runsystem(latexminted cleanconfig  --timestamp 20251203124458 FA03EB688AD8AA1DB
593D33DABD89BAD)...executed.


(./_minted/friendly.style.minted)
(./_minted/7A833915BD4F03ADDFB86748D5D190A6.highlight.minted
LaTeX Font Info:    Font shape `TU/Menlo(0)/m/n' will be
(Font)              scaled to size 7.11955pt on input line 1.
LaTeX Font Info:    Font shape `TU/Menlo(0)/b/n' will be
(Font)              scaled to size 7.11955pt on input line 2.
LaTeX Font Info:    Font shape `TU/Menlo(0)/m/it' will be
(Font)              scaled to size 7.11955pt on input line 4.
LaTeX Font Info:    Font shape `TU/Menlo(0)/m/n' will be
(Font)              scaled to size 3.9553pt on input line 4.
LaTeX Font Info:    External font `cmex10' loaded for size
(Font)              <5> on input line 4.


[2]

[3]

[4]

[5]

[6]
Missing character: There is no ✅ (U+2705) in font Menlo Bold/AAT!
Missing character: There is no ✅ (U+2705) in font Menlo Bold/AAT!
Missing character: There is no ✅ (U+2705) in font Menlo Bold/AAT!
Missing character: There is no ✅ (U+2705) in font Menlo Bold/AAT!
Missing character: There is no ✅ (U+2705) in font Menlo Bold/AAT!
Missing character: There is no ✅ (U+2705) in font Menlo Bold/AAT!
Missing character: There is no ✅ (U+2705) in font Menlo Bold/AAT!
Missing character: There is no ✅ (U+2705) in font Menlo Bold/AAT!
Missing character: There is no ✅ (U+2705) in font Menlo Bold/AAT!
Missing character: There is no ✅ (U+2705) in font Menlo Bold/AAT!
Missing character: There is no ✅ (U+2705) in font Menlo Bold/AAT!
Missing character: There is no ✅ (U+2705) in font Menlo Bold/AAT!
Missing character: There is no ✅ (U+2705) in font Menlo Bold/AAT!
Missing character: There is no ✅ (U+2705) in font Menlo Bold/AAT!


[7])

[8] (./_minted/FC479D0CC1352E562FF3E0A7D62B30B0.highlight.minted

[9])

[10] (./_minted/EFF557C6880483278E237BD93543FDD8.highlight.minted

[11]

[12]

[13])

[14] (./_minted/EFC4234D9288B8DBBE23E1B3A7E370FB.highlight.minted

[15]

[16]

[17]

[18]

[19]

[20]

[21]

[22]

[23]

[24]

[25]

[26])

[27] (./_minted/CBC1089173879B0FC363466DC8460295.highlight.minted)

[28] (./_minted/B209CFE7EEE768E5E69D836B3A9D68D6.highlight.minted

[29]

[30])

[31] (./_minted/96D31A5D16E6EA4AE84087EC431DF0D9.highlight.minted

[32]

[33])

[34] (./_minted/A4EA0025B72DD333900898F047D9EA54.highlight.minted)

[35] (./_minted/92F29B6335AF1C56E374E64CEC12F84E.highlight.minted
Overfull \hbox (16.75595pt too wide) in paragraph at lines 27--27
[][]\TU/Menlo(0)/m/n/9 "sha512[]cjQ7ZlQ0Mv3b47hABuTevyTuYN4i+loJKGeV9flcCgIK37c
CXRh+L1bd3iBHlynerhQ7BhCkn2BPbQUL+rGqFg=="[],|  
 []


Overfull \hbox (16.75595pt too wide) in paragraph at lines 41--41
[][]\TU/Menlo(0)/m/n/9 "sha512[]6uFXyCayocRbqhZOB+6XcuZbkMNimwfVGFji8CTZnCzOHVG
vDqzvitu1re2AU5LROliz7eQPhB8CpAMvnx9EjA=="[],|  
 []


Overfull \hbox (16.75595pt too wide) in paragraph at lines 50--50
[][]\TU/Menlo(0)/m/n/9 "sha512[]e7jT4DxYvIDLk1ZHmU/m/mB19rex9sv0c2ftBtjSBv+kVM/
902eh0fINUzD7UwLLNR+jU585GxUJ8/EBfAM5fw=="[],|  
 []



[36]
Overfull \hbox (16.75595pt too wide) in paragraph at lines 80--80
[][]\TU/Menlo(0)/m/n/9 "sha512[]3EwLFhZ38J4VyIP6WNtt2kUdW9dokXA9Cr4IVIFHuCpZ3H8
/YFOl5JjZHisrn1fATPBmKKqXzDFvh9fUwHz6CQ=="[],|  
 []


Overfull \hbox (38.18762pt too wide) in paragraph at lines 95--95
[][]\TU/Menlo(0)/m/n/9 "https://registry.npmjs.org/@babel/helper[]compilation[]
targets/[]/helper[]compilation[]targets[]7.27.2.tgz"[],|  
 []


Overfull \hbox (16.75595pt too wide) in paragraph at lines 96--96
[][]\TU/Menlo(0)/m/n/9 "sha512[]2+1thGUUWWjLTYTHZWK1n8Yga0ijBz1XAhUXcKy81rd5g6y
h7hGqMp45v7cadSbEHc9G3OTv45SyneRN3ps4DQ=="[],|  
 []


Overfull \hbox (16.75595pt too wide) in paragraph at lines 112--112
[][]\TU/Menlo(0)/m/n/9 "sha512[]+W6cISkXFa1jXsDEdYA8HeevQT/FULhxzR99pxphltZcVau
gps53THCeiWA8SguxxpSp3gKPiuYfSWopkLQ4hw=="[],|  
 []


Overfull \hbox (16.75595pt too wide) in paragraph at lines 121--121
[][]\TU/Menlo(0)/m/n/9 "sha512[]0gSFWUPNXNopqtIPQvlD5WgXYI5GY2kP2cCvoT8kczjbfcf
uIljTbcWrulD1CIPIX2gt1wghbDy08yE1p+/r3w=="[],|  
 []



[37]
Overfull \hbox (21.04228pt too wide) in paragraph at lines 133--133
[][]\TU/Menlo(0)/m/n/9 "https://registry.npmjs.org/@babel/helper[]module[]trans
forms/[]/helper[]module[]transforms[]7.28.3.tgz"[],|  
 []


Overfull \hbox (16.75595pt too wide) in paragraph at lines 134--134
[][]\TU/Menlo(0)/m/n/9 "sha512[]gytXUbs8k2sXS9PnQptz5o0QnpLL51SwASIORY6XaBKF88n
sOT0Zw9szLqlSGQDP/4TljBAD5y98p2U1fqkdsw=="[],|  
 []


Overfull \hbox (16.75595pt too wide) in paragraph at lines 151--151
[][]\TU/Menlo(0)/m/n/9 "sha512[]1gn1Up5YXka3YYAHGKpbideQ5Yjf1tDa9qYcgysz+cNCXuk
yLl6DjPXhD3VRwSb8c0J9tA4b2+rHEZtc6R0tlw=="[],|  
 []


Overfull \hbox (16.75595pt too wide) in paragraph at lines 160--160
[][]\TU/Menlo(0)/m/n/9 "sha512[]qMlSxKbpRlAridDExk92nSobyDdpPijUq2DW6oDnUqd0iOG
xmQjyqhMIihI9+zv4LPyZdRje2cavWPbCbWm3eA=="[],|  
 []


Overfull \hbox (46.7603pt too wide) in paragraph at lines 168--168
[][]\TU/Menlo(0)/m/n/9 "https://registry.npmjs.org/@babel/helper[]validator[]id
entifier/[]/helper[]validator[]identifier[]7.28.5.tgz"[],|  
 []


Overfull \hbox (16.75595pt too wide) in paragraph at lines 169--169
[][]\TU/Menlo(0)/m/n/9 "sha512[]qSs4ifwzKJSV39ucNjsvc6WVHs6b7S03sOh2OcHF9UHfVPq
WWALUsNUVzhSBiItjRZoLHx7nIarVjqKVusUZ1Q=="[],|  
 []


Overfull \hbox (12.46962pt too wide) in paragraph at lines 177--177
[][]\TU/Menlo(0)/m/n/9 "https://registry.npmjs.org/@babel/helper[]validator[]op
tion/[]/helper[]validator[]option[]7.27.1.tgz"[],|  
 []



[38]
Overfull \hbox (16.75595pt too wide) in paragraph at lines 178--178
[][]\TU/Menlo(0)/m/n/9 "sha512[]YvjJow9FxbhFFKDSuFnVCe2WxXk1zWc22fFePVNEaWJEu8I
rZVlda6N0uHwzZrUM1il7NC9Mlp4MaJYbYd9JSg=="[],|  
 []


Overfull \hbox (16.75595pt too wide) in paragraph at lines 187--187
[][]\TU/Menlo(0)/m/n/9 "sha512[]HFN59MmQXGHVyYadKLVumYsA9dBFun/ldYxipEjzA4196jp
LZd8UjEEBLkbEkvfYreDqJhZxYAWFPtrfhNpj4w=="[],|  
 []


Overfull \hbox (16.75595pt too wide) in paragraph at lines 200--200
[][]\TU/Menlo(0)/m/n/9 "sha512[]KKBU1VGYR7ORr3At5HAtUQ+TV3SzRCXmA/8OdDZiLDBIZxV
yzXuztPjfLd3BV1PRAQGCMWWSHYhL0F8d5uHBDQ=="[],|  
 []


Overfull \hbox (81.05092pt too wide) in paragraph at lines 214--214
[][]\TU/Menlo(0)/m/n/9 "https://registry.npmjs.org/@babel/plugin[]transform[]re
act[]jsx[]self/[]/plugin[]transform[]react[]jsx[]self[]7.27.1.tgz"[],|  
 []


Overfull \hbox (16.75595pt too wide) in paragraph at lines 215--215
[][]\TU/Menlo(0)/m/n/9 "sha512[]6UzkCs+ejGdZ5mFFC/OCUrv028ab2fp1znZmCZjAOBKiBK2
jXD1O+BPSfX8X2qjJ75fZBMSnQn3Rq2mrBJK2mw=="[],|  
 []


Overfull \hbox (98.19624pt too wide) in paragraph at lines 229--229
[][]\TU/Menlo(0)/m/n/9 "https://registry.npmjs.org/@babel/plugin[]transform[]re
act[]jsx[]source/[]/plugin[]transform[]react[]jsx[]source[]7.27.1.tgz"[],|  
 []


Overfull \hbox (16.75595pt too wide) in paragraph at lines 230--230
[][]\TU/Menlo(0)/m/n/9 "sha512[]zbwoTsBruTeKB9hSq73ha66iFeJHuaFkUbwvqElnygoNbj/
jHRsSeokowZFN3CZ64IvEqcmmkVe89OPXc7ldAw=="[],|  
 []



[39]
Overfull \hbox (16.75595pt too wide) in paragraph at lines 245--245
[][]\TU/Menlo(0)/m/n/9 "sha512[]LPDZ85aEJyYSd18/DkjNh4/y1ntkE5KwUHWTiqgRxruuZL2
F1yuHligVHLvcHY2vMHXttKFpJn6LwfI7cw7ODw=="[],|  
 []


Overfull \hbox (16.75595pt too wide) in paragraph at lines 259--259
[][]\TU/Menlo(0)/m/n/9 "sha512[]TCCj4t55U90khlYkVV/0TfkJkAkUg3jZFA3Neb7unZT8CPo
k7iiRfaX0F+WnqWqt7OxhOn0uBKXCw4lbL8W0aQ=="[],|  
 []


Overfull \hbox (16.75595pt too wide) in paragraph at lines 277--277
[][]\TU/Menlo(0)/m/n/9 "sha512[]qQ5m48eI/MFLQ5PxQj4PFaprjyCTLI37ElWMmNs0K8Lk3dV
eOdNpB3ks8jc7yM5CDmVC73eMVk/trk3fgmrUpA=="[],|  
 []


Overfull \hbox (16.75595pt too wide) in paragraph at lines 290--290
[][]\TU/Menlo(0)/m/n/9 "sha512[]Hhmwd6CInZ3dwpuGTF8fJG6yoWmsToE+vYgD4nytZVxcu1u
lHpUQRAB1UJ8+N1Am3Mz4+xOByoQoSZf4D+CpkA=="[],|  
 []



[40]
Overfull \hbox (16.75595pt too wide) in paragraph at lines 306--306
[][]\TU/Menlo(0)/m/n/9 "sha512[]VJ+sKvNA/GE7Ccacc9Cha7bpS8nyzVv0jdVgwNDaR4gDMC/
2TTRc33Ip8qrNYUcpkOHUT5OZ0bUcNNVZQ9RLlg=="[],|  
 []


Overfull \hbox (16.75595pt too wide) in paragraph at lines 322--322
[][]\TU/Menlo(0)/m/n/9 "sha512[]6AAmLG7zwD1Z159jCKPvAxZd4y/VTO0VkprYy+3N2FtJ8+B
QWFXU+OxARIwA46c5tdD9SsKGZ/1ocqBS/gAKHg=="[],|  
 []


Overfull \hbox (16.75595pt too wide) in paragraph at lines 338--338
[][]\TU/Menlo(0)/m/n/9 "sha512[]5jbb+2hhDHx5phYR2By8GTWEzn6I9UqR11Kwf22iKbNpYrs
mRB18aX/9ivc5cabcUiAT/wM+YIZ6SG9QO6a8kg=="[],|  
 []


Overfull \hbox (16.75595pt too wide) in paragraph at lines 354--354
[][]\TU/Menlo(0)/m/n/9 "sha512[]N3zl+lxHCifgIlcMUP5016ESkeQjLj/959RxxNYIthIg+CQ
HInujFuXeWbWMgnTo4cp5XVHqFPmpyu9J65C1Yg=="[],|  
 []



[41]
Overfull \hbox (16.75595pt too wide) in paragraph at lines 370--370
[][]\TU/Menlo(0)/m/n/9 "sha512[]HQ9ka4Kx21qHXwtlTUVbKJOAnmG1ipXhdWTmNXiPzPfWKpX
qASVcWdnf2bnL73wgjNrFXAa3yYvBSd9pzfEIpA=="[],|  
 []


Overfull \hbox (16.75595pt too wide) in paragraph at lines 386--386
[][]\TU/Menlo(0)/m/n/9 "sha512[]gA0Bx759+7Jve03K1S0vkOu5Lg/85dou3EseOGUes8flVOG
xbhDDh/iZaoek11Y8mtyKPGF3vP8XhnkDEAmzeg=="[],|  
 []


Overfull \hbox (16.75595pt too wide) in paragraph at lines 402--402
[][]\TU/Menlo(0)/m/n/9 "sha512[]TGbO26Yw2xsHzxtbVFGEXBFH0FRAP7gtcPE7P5yP7wGy7cX
K2oO7RyOhL5NLiqTlBh47XhmIUXuGciXEqYFfBQ=="[],|  
 []


Overfull \hbox (16.75595pt too wide) in paragraph at lines 418--418
[][]\TU/Menlo(0)/m/n/9 "sha512[]lPDGyC1JPDou8kGcywY0YILzWlhhnRjdof3UlcoqYmS9El8
18LLfJJc3PXXgZHrHCAKs/Z2SeZtDJr5MrkxtOw=="[],|  
 []



[42]
Overfull \hbox (16.75595pt too wide) in paragraph at lines 434--434
[][]\TU/Menlo(0)/m/n/9 "sha512[]8bwX7a8FghIgrupcxb4aUmYDLp8pX06rGh5HqDT7bB+8Rde
lls6mHvrFHHW2JAOPZUbnjUpKTLg6ECyzvas2AQ=="[],|  
 []


Overfull \hbox (16.75595pt too wide) in paragraph at lines 450--450
[][]\TU/Menlo(0)/m/n/9 "sha512[]0y9KrdVnbMM2/vG8KfU0byhUN+EFCny9+8g202gYqSSVMon
bsCfLjUO+rCci7pM0WBEtz+oK/PIwHkzxkyharA=="[],|  
 []


Overfull \hbox (16.75595pt too wide) in paragraph at lines 466--466
[][]\TU/Menlo(0)/m/n/9 "sha512[]h///Lr5a9rib/v1GGqXVGzjL4TMvVTv+s1DPoxQdz7l/AYv
6LDSxdIwzxkrPW438oUXiDtwM10o9PmwS/6Z0Ng=="[],|  
 []



[43]
Overfull \hbox (16.75595pt too wide) in paragraph at lines 482--482
[][]\TU/Menlo(0)/m/n/9 "sha512[]iyRrM1Pzy9GFMDLsXn1iHUm18nhKnNMWscjmp4+hpafcZjr
r2WbT//d20xaGljXDBYHqRcl8HnxbX6uaA/eGVw=="[],|  
 []


Overfull \hbox (16.75595pt too wide) in paragraph at lines 498--498
[][]\TU/Menlo(0)/m/n/9 "sha512[]9meM/lRXxMi5PSUqEXRCtVjEZBGwB7P/D4yT8UG/mwIdze2
aV4Vo6U5gD3+RsoHXKkHCfSxZKzmDssVlRj1QQA=="[],|  
 []


Overfull \hbox (16.75595pt too wide) in paragraph at lines 514--514
[][]\TU/Menlo(0)/m/n/9 "sha512[]Zr7KR4hgKUpWAwb1f3o5ygT04MzqVrGEGXGLnj15YQDJErY
u/BGg+wmFlIDOdJp0PmB0lLvxFIOXZgFRrdjR0w=="[],|  
 []


Overfull \hbox (16.75595pt too wide) in paragraph at lines 530--530
[][]\TU/Menlo(0)/m/n/9 "sha512[]MsKncOcgTNvdtiISc/jZs/Zf8d0cl/t3gYWX8J9ubBnVOwl
k65UIEEvgBORTiljloIWnBzLs4qhzPkJcitIzIg=="[],|  
 []



[44]
Overfull \hbox (16.75595pt too wide) in paragraph at lines 546--546
[][]\TU/Menlo(0)/m/n/9 "sha512[]uqZMTLr/zR/ed4jIGnwSLkaHmPjOjJvnm6TVVitAa08SLS9
Z0VM8wIRx7gWbJB5/J54YuIMInDquWyYvQLZkgw=="[],|  
 []


Overfull \hbox (16.75595pt too wide) in paragraph at lines 562--562
[][]\TU/Menlo(0)/m/n/9 "sha512[]xXwcTq4GhRM7J9A8Gv5boanHhRa/Q9KLVmcyXHCTaM4wKfI
pWkdXiMog/KsnxzJ0A1+nD+zoecuzqPmCRyBGjg=="[],|  
 []


Overfull \hbox (16.75595pt too wide) in paragraph at lines 578--578
[][]\TU/Menlo(0)/m/n/9 "sha512[]Ld5pTlzPy3YwGec4OuHh1aCVCRvOXdH8DgRjfDy/oumVovm
uSzWfnSJg+VtakB9Cm0gxNO9BzWkj6mtO1FMXkQ=="[],|  
 []


Overfull \hbox (16.75595pt too wide) in paragraph at lines 594--594
[][]\TU/Menlo(0)/m/n/9 "sha512[]fF96T6KsBo/pkQI950FARU9apGNTSlZGsv1jZBAlcLL1MLj
LNIWPBkj5NlSz8aAzYKg+eNqknrUJ24QBybeR5A=="[],|  
 []



[45]
Overfull \hbox (16.75595pt too wide) in paragraph at lines 610--610
[][]\TU/Menlo(0)/m/n/9 "sha512[]MZyXUkZHjQxUvzK7rN8DJ3SRmrVrke8ZyRusHlP+kuwqTcf
WLyqMOE3sScPPyeIXN/mDJIfGXvcMqCgYKekoQw=="[],|  
 []


Overfull \hbox (16.75595pt too wide) in paragraph at lines 626--626
[][]\TU/Menlo(0)/m/n/9 "sha512[]rm0YWsqUSRrjncSXGA7Zv78Nbnw4XL6/dzr20cyrQf7ZmRc
sovpcRBdhD43Nuk3y7XIoW2OxMVvwuRvk9XdASg=="[],|  
 []


Overfull \hbox (16.75595pt too wide) in paragraph at lines 642--642
[][]\TU/Menlo(0)/m/n/9 "sha512[]3wGSCDyuTHQUzt0nV7bocDy72r2lI33QL3gkDNGkod22EsY
l04sMf0qLb8luNKTOmgF/eDEDP5BFNwoBKH441w=="[],|  
 []


Overfull \hbox (16.75595pt too wide) in paragraph at lines 658--658
[][]\TU/Menlo(0)/m/n/9 "sha512[]rMmLrur64A7+DKlnSuwqUdRKyd3UE7oPJZmnljqEptesKM8
wx9J8gx5u0+9Pq0fQQW8vqeKebwNXdfOyP+8Bsg=="[],|  
 []



[46]
Overfull \hbox (16.75595pt too wide) in paragraph at lines 674--674
[][]\TU/Menlo(0)/m/n/9 "sha512[]HkqnmmBoCbCwxUKKNPBixiWDGCpQGVsrQfJoVGYLPT41XWF
8lHuE5N6WhVia2n4o5QK5M4tYr21827fNhi4byQ=="[],|  
 []


Overfull \hbox (16.75595pt too wide) in paragraph at lines 690--690
[][]\TU/Menlo(0)/m/n/9 "sha512[]alJC0uCZpTFrSL0CCDjcgleBXPnCrEAhTBILpeAp7M/OFgo
qtAetfBzX0xM00MUsVVPpVjlPuMbREqnZCXaTnA=="[],|  
 []


Overfull \hbox (16.75595pt too wide) in paragraph at lines 706--706
[][]\TU/Menlo(0)/m/n/9 "sha512[]2kkt/7niJ6MgEPxF0bYdQ6etZaA+fQvDcLKckhy1yIQOzao
KjBBjSj63/aLVjYE3qhRt5dvM+uUyfCg6UKCBbA=="[],|  
 []


Overfull \hbox (16.75595pt too wide) in paragraph at lines 716--716
[][]\TU/Menlo(0)/m/n/9 "sha512[]LI9u/+laYG4Ds1TDKSJW2YPrIlcVYOwi2fUC6xB43lueCjg
xV4lffOCZCtYFiH6TNOX+tQKXx97T4IKHbhyHEQ=="[],|  
 []



[47]
Overfull \hbox (16.75595pt too wide) in paragraph at lines 726--726
[][]\TU/Menlo(0)/m/n/9 "sha512[]bRISgCIjP20/tbWSPWMEi54QVPRZExkuD9lJL+UIxUKtwVJ
A8wW1Trb1jMs1RFXo1CBTNZ/5hpC9QvmKWdopKw=="[],|  
 []


Overfull \hbox (16.75595pt too wide) in paragraph at lines 735--735
[][]\TU/Menlo(0)/m/n/9 "sha512[]cYQ9310grqxueWbl+WuIUIaiUaDcj7WOq5fVhEljNVgRfOU
hY9fy2zTvfoqWsnebh8Sl70VScFbICvJnLKB0Og=="[],|  
 []


Overfull \hbox (16.75595pt too wide) in paragraph at lines 741--741
[][]\TU/Menlo(0)/m/n/9 "sha512[]zzNR+SdQSDJzc8joaeP8QQoCQr8NuYx2dIIytl1QeBEZHJ9
uW6hebsrYgbz8hJwUQao3TWCMtmfV8Nu1twOLAw=="[],|  
 []


Overfull \hbox (16.75595pt too wide) in paragraph at lines 751--751
[][]\TU/Menlo(0)/m/n/9 "sha512[]5Uxg7fQUCmfhax7FJke2+8B6cqgeUJUD9o2uXIKXhD+mG0m
L6NObmVoi9wXEU1tY89mZKgAYA6fTbftx3q2ZPQ=="[],|  
 []


Overfull \hbox (16.75592pt too wide) in paragraph at lines 756--756
[][]\TU/Menlo(0)/m/n/9 "https://registry.npmjs.org/@rollup/rollup[]android[]arm
[]eabi/[]/rollup[]android[]arm[]eabi[]4.52.5.tgz"[],|  
 []


Overfull \hbox (16.75595pt too wide) in paragraph at lines 757--757
[][]\TU/Menlo(0)/m/n/9 "sha512[]8c1vW4ocv3UOMp9K+gToY5zL2XiiVw3k7f1ksf4yO1FlDFQ
1C2u72iACFnSOceJFsWskc2WZNqeRhFRPzv+wtQ=="[],|  
 []


Overfull \hbox (16.75595pt too wide) in paragraph at lines 770--770
[][]\TU/Menlo(0)/m/n/9 "sha512[]mQGfsIEFcu21mvqkEKKu2dYmtuSZOBMmAl5CFlPGLY94Vlc
m+zWApK7F/eocsNzp8tKmbeBP8yXyAbx0XHsFNA=="[],|  
 []



[48]
Overfull \hbox (16.75595pt too wide) in paragraph at lines 783--783
[][]\TU/Menlo(0)/m/n/9 "sha512[]takF3CR71mCAGA+v794QUZ0b6ZSrgJkArC+gUiG6LB6TQty
9T0Mqh3m2ImRBOxS2IeYBo4lKWIieSvnEk2OQWA=="[],|  
 []


Overfull \hbox (16.75595pt too wide) in paragraph at lines 796--796
[][]\TU/Menlo(0)/m/n/9 "sha512[]W901Pla8Ya95WpxDn//VF9K9u2JbocwV/v75TE0YIHNTbhq
UTv9w4VuQ9MaWlNOkkEfFwkdNhXgcLqPSmHy0fA=="[],|  
 []


Overfull \hbox (16.75595pt too wide) in paragraph at lines 809--809
[][]\TU/Menlo(0)/m/n/9 "sha512[]QofO7i7JycsYOWxe0GFqhLmF6l1TqBswJMvICnRUjqCx8b4
7MTo46W8AoeQwiokAx3zVryVnxtBMcGcnX12LvA=="[],|  
 []


Overfull \hbox (16.75595pt too wide) in paragraph at lines 822--822
[][]\TU/Menlo(0)/m/n/9 "sha512[]jr21b/99ew8ujZubPo9skbrItHEIE50WdV86cdSoRkKtmWa
+DDr6fu2c/xyRT0F/WazZpam6kk7IHBerSL7LDQ=="[],|  
 []


Overfull \hbox (42.47394pt too wide) in paragraph at lines 834--834
[][]\TU/Menlo(0)/m/n/9 "https://registry.npmjs.org/@rollup/rollup[]linux[]arm[]
gnueabihf/[]/rollup[]linux[]arm[]gnueabihf[]4.52.5.tgz"[],|  
 []


Overfull \hbox (16.75595pt too wide) in paragraph at lines 835--835
[][]\TU/Menlo(0)/m/n/9 "sha512[]PsNAbcyv9CcecAUagQefwX8fQn9LQ4nZkpDboBOttmyffnI
nRy8R8dSg6hxxl2Re5QhHBf6FYIDhIj5v982ATQ=="[],|  
 []



[49]
Overfull \hbox (51.0466pt too wide) in paragraph at lines 847--847
[][]\TU/Menlo(0)/m/n/9 "https://registry.npmjs.org/@rollup/rollup[]linux[]arm[]
musleabihf/[]/rollup[]linux[]arm[]musleabihf[]4.52.5.tgz"[],|  
 []


Overfull \hbox (16.75595pt too wide) in paragraph at lines 848--848
[][]\TU/Menlo(0)/m/n/9 "sha512[]Fw4tysRutyQc/wwkmcyoqFtJhh0u31K+Q6jYjeicsGJJ7bb
Eq8LwPWV/w0cnzOqR2m694/Af6hpFayLJZkG2VQ=="[],|  
 []


Overfull \hbox (8.18326pt too wide) in paragraph at lines 860--860
[][]\TU/Menlo(0)/m/n/9 "https://registry.npmjs.org/@rollup/rollup[]linux[]arm64
[]gnu/[]/rollup[]linux[]arm64[]gnu[]4.52.5.tgz"[],|  
 []


Overfull \hbox (16.75595pt too wide) in paragraph at lines 861--861
[][]\TU/Menlo(0)/m/n/9 "sha512[]a+3wVnAYdQClOTlyapKmyI6BLPAFYs0JM8HRpgYZQO02rMR
09ZcV9LbQB+NL6sljzG38869YqThrRnfPMCDtZg=="[],|  
 []


Overfull \hbox (16.75592pt too wide) in paragraph at lines 873--873
[][]\TU/Menlo(0)/m/n/9 "https://registry.npmjs.org/@rollup/rollup[]linux[]arm64
[]musl/[]/rollup[]linux[]arm64[]musl[]4.52.5.tgz"[],|  
 []


Overfull \hbox (16.75595pt too wide) in paragraph at lines 874--874
[][]\TU/Menlo(0)/m/n/9 "sha512[]AvttBOMwO9Pcuuf7m9PkC1PUIKsfaAJ4AYhy944qeTJgQOq
JYJ9oVl2nYgY7Rk0mkbsuOpCAYSs6wLYB2Xiw0Q=="[],|  
 []


Overfull \hbox (25.32858pt too wide) in paragraph at lines 886--886
[][]\TU/Menlo(0)/m/n/9 "https://registry.npmjs.org/@rollup/rollup[]linux[]loong
64[]gnu/[]/rollup[]linux[]loong64[]gnu[]4.52.5.tgz"[],|  
 []


Overfull \hbox (16.75595pt too wide) in paragraph at lines 887--887
[][]\TU/Menlo(0)/m/n/9 "sha512[]DkDk8pmXQV2wVrF6oq5tONK6UHLz/XcEVow4JTTerdeV1uq
PeHxwcg7aFsfnSm9L+OO8WJsWotKM2JJPMWrQtA=="[],|  
 []



[50]
Overfull \hbox (8.18326pt too wide) in paragraph at lines 899--899
[][]\TU/Menlo(0)/m/n/9 "https://registry.npmjs.org/@rollup/rollup[]linux[]ppc64
[]gnu/[]/rollup[]linux[]ppc64[]gnu[]4.52.5.tgz"[],|  
 []


Overfull \hbox (16.75595pt too wide) in paragraph at lines 900--900
[][]\TU/Menlo(0)/m/n/9 "sha512[]W/b9ZN/U9+hPQVvlGwjzi+Wy4xdoH2I8EjaCkMvzpI7wJUs
8sWJ03Rq96jRnHkSrcHTpQe8h5Tg3ZzUPGauvAw=="[],|  
 []


Overfull \hbox (25.32858pt too wide) in paragraph at lines 912--912
[][]\TU/Menlo(0)/m/n/9 "https://registry.npmjs.org/@rollup/rollup[]linux[]riscv
64[]gnu/[]/rollup[]linux[]riscv64[]gnu[]4.52.5.tgz"[],|  
 []


Overfull \hbox (16.75595pt too wide) in paragraph at lines 913--913
[][]\TU/Menlo(0)/m/n/9 "sha512[]sjQLr9BW7R/ZiXnQiWPkErNfLMkkWIoCz7YMn27HldKsADE
Ka5WYdobaa1hmN6slu9oWQbB6/jFpJ+P2IkVrmw=="[],|  
 []


Overfull \hbox (33.90125pt too wide) in paragraph at lines 925--925
[][]\TU/Menlo(0)/m/n/9 "https://registry.npmjs.org/@rollup/rollup[]linux[]riscv
64[]musl/[]/rollup[]linux[]riscv64[]musl[]4.52.5.tgz"[],|  
 []


Overfull \hbox (16.75595pt too wide) in paragraph at lines 926--926
[][]\TU/Menlo(0)/m/n/9 "sha512[]hq3jU/kGyjXWTvAh2awn8oHroCbrPm8JqM7RUpKjalIRWWX
E01CQOf/tUNWNHjmbMHg/hmNCwc/Pz3k1T/j/Lg=="[],|  
 []


Overfull \hbox (8.18326pt too wide) in paragraph at lines 938--938
[][]\TU/Menlo(0)/m/n/9 "https://registry.npmjs.org/@rollup/rollup[]linux[]s390x
[]gnu/[]/rollup[]linux[]s390x[]gnu[]4.52.5.tgz"[],|  
 []


Overfull \hbox (16.75595pt too wide) in paragraph at lines 939--939
[][]\TU/Menlo(0)/m/n/9 "sha512[]gn8kHOrku8D4NGHMK1Y7NA7INQTRdVOntt1OCYypZPRt6sk
Gbddska44K8iocdpxHTMMNui5oH4elPH4QOLrFQ=="[],|  
 []



[51]
Overfull \hbox (16.75595pt too wide) in paragraph at lines 952--952
[][]\TU/Menlo(0)/m/n/9 "sha512[]hXGLYpdhiNElzN770+H2nlx+jRog8TyynpTVzdlc6bndktj
KWyZyiCsuDAlpd+j+W+WNqfcyAWz9HxxIGfZm1Q=="[],|  
 []


Overfull \hbox (16.75595pt too wide) in paragraph at lines 965--965
[][]\TU/Menlo(0)/m/n/9 "sha512[]arCGIcuNKjBoKAXD+y7XomR9gY6Mw7HnFBv5Rw7wQRvwYLR
7gBAgV7Mb2QTyjXfTveBNFAtPt46/36vV9STLNg=="[],|  
 []


Overfull \hbox (25.32861pt too wide) in paragraph at lines 977--977
[][]\TU/Menlo(0)/m/n/9 "https://registry.npmjs.org/@rollup/rollup[]openharmony[
]arm64/[]/rollup[]openharmony[]arm64[]4.52.5.tgz"[],|  
 []


Overfull \hbox (16.75595pt too wide) in paragraph at lines 978--978
[][]\TU/Menlo(0)/m/n/9 "sha512[]QoFqB6+/9Rly/RiPjaomPLmR/13cgkIGfA40LHly9zcH1S0
bN2HVFYk3a1eAyHQyjs3ZJYlXvIGtcCs5tko9Cw=="[],|  
 []


Overfull \hbox (16.75592pt too wide) in paragraph at lines 990--990
[][]\TU/Menlo(0)/m/n/9 "https://registry.npmjs.org/@rollup/rollup[]win32[]arm64
[]msvc/[]/rollup[]win32[]arm64[]msvc[]4.52.5.tgz"[],|  
 []


Overfull \hbox (16.75595pt too wide) in paragraph at lines 991--991
[][]\TU/Menlo(0)/m/n/9 "sha512[]w0cDWVR6MlTstla1cIfOGyl8+qb93FlAVutcor14Gf5Md5a
p5ySfQ7R9S/NjNaMLSFdUnKGEasmVnu3lCMqB7w=="[],|  
 []


Overfull \hbox (8.18326pt too wide) in paragraph at lines 1003--1003
[][]\TU/Menlo(0)/m/n/9 "https://registry.npmjs.org/@rollup/rollup[]win32[]ia32[
]msvc/[]/rollup[]win32[]ia32[]msvc[]4.52.5.tgz"[],|  
 []


Overfull \hbox (16.75595pt too wide) in paragraph at lines 1004--1004
[][]\TU/Menlo(0)/m/n/9 "sha512[]Aufdpzp7DpOTULJCuvzqcItSGDH73pF3ko/f+ckJhxQyHtp
67rHw3HMNxoIdDMUITJESNE6a8uh4Lo4SLouOUg=="[],|  
 []



[52]
Overfull \hbox (16.75595pt too wide) in paragraph at lines 1017--1017
[][]\TU/Menlo(0)/m/n/9 "sha512[]UGBUGPFp1vkj6p8wCRraqNhqwX/4kNQPS57BCFc8wYh0g94
iVIW33wJtQAx3G7vrjjNtRaxiMUylM0ktp/TRSQ=="[],|  
 []


Overfull \hbox (16.75595pt too wide) in paragraph at lines 1030--1030
[][]\TU/Menlo(0)/m/n/9 "sha512[]TAcgQh2sSkykPRWLrdyy2AiceMckNf5loITqXxFI5VuQjS5
tSuw3WlwdN8qv8vzjLAUTvYaH/mVjSFpbkFbpTg=="[],|  
 []


Overfull \hbox (16.75595pt too wide) in paragraph at lines 1043--1043
[][]\TU/Menlo(0)/m/n/9 "sha512[]qoQprZvz5wQFJwMDqeseRXWv3rqMvhgpbXFfVyWhbx9X47P
OIA6i/+dXefEmZKoAgOaTdaIgNSMqMIU61yRyzA=="[],|  
 []


Overfull \hbox (16.75595pt too wide) in paragraph at lines 1056--1056
[][]\TU/Menlo(0)/m/n/9 "sha512[]ufFd2Xi92OAVPYsy+P4n7/U7e68fex0+Ee8gSG9KX7eo084
CWiQ4sdxktvdl0bOPupXtVJPY19zk6EwWqUQ8lg=="[],|  
 []



[53]
Overfull \hbox (16.75595pt too wide) in paragraph at lines 1065--1065
[][]\TU/Menlo(0)/m/n/9 "sha512[]h/NUaSyG5EyxBIp8YRxo4RMe2/qQgvyowRwVMzhYhBCONbW
8PUsg4lkFMrhgZhUe5z3L3MiLDuvyJ/CaPa2A8A=="[],|  
 []


Overfull \hbox (16.75595pt too wide) in paragraph at lines 1075--1075
[][]\TU/Menlo(0)/m/n/9 "sha512[]8PvcXf70gTDZBgt9ptxJ8elBeBjcLOAcOtoO/mPJjtji1+C
dGbHgm77om1GrsPxsiE+uXIpNSK64UYaIwQXd4Q=="[],|  
 []


Overfull \hbox (16.75595pt too wide) in paragraph at lines 1084--1084
[][]\TU/Menlo(0)/m/n/9 "sha512[]dWHzHa2WqEXI/O1E9OjrocMTKJl2mSrEolh1Iomrv6U+JuN
waHXsXx9bLu5gG7BUWFIN0skIQJQ/L1rIex4X6w=="[],|  
 []


Overfull \hbox (16.75595pt too wide) in paragraph at lines 1090--1090
[][]\TU/Menlo(0)/m/n/9 "sha512[]4LuWrg7EKWgQaMJfnN+wcmbAW+VSsCmqGohftWjuct47bv8
uE4n/nPpq4XjJPsxgq00GGG5J8dvBczp8uxScew=="[],|  
 []


Overfull \hbox (16.75595pt too wide) in paragraph at lines 1110--1110
[][]\TU/Menlo(0)/m/n/9 "sha512[]5cvg6CtKwfgdmVqY1WIiXKc3Q1bkRqGLi+2W/6ao+6Y7gu/
RCwRuAhGEzh5B4KlszSuTLgZYuqFqo5bImjNKng=="[],|  
 []



[54]
Overfull \hbox (16.75595pt too wide) in paragraph at lines 1123--1123
[][]\TU/Menlo(0)/m/n/9 "sha512[]quJQXlTSUGL2LH9SUXo8VwsY4soanhgo6LNSm84E1LBcE8s
3O0wpdiRzyR9z/ZZJMlMWv37qOOb9pdJlMUEKFQ=="[],|  
 []


Overfull \hbox (16.75595pt too wide) in paragraph at lines 1132--1132
[][]\TU/Menlo(0)/m/n/9 "sha512[]zbB9rCJAT1rbjiVDb2hqKFHNYLxgtk8NURxZ3IZwD3F6Ntx
bXZQCnnSi1Lkx+IDohdPlFp222wVALIheZJQSEg=="[],|  
 []


Overfull \hbox (16.75595pt too wide) in paragraph at lines 1147--1147
[][]\TU/Menlo(0)/m/n/9 "sha512[]616V5YX4bepJFzNyOfce5Fa8fDJMfoxzOIzDCZwaGL8MKVp
FrXqfNUoIpRn9YMI5pXf/VKgzjB4htFMsFKKdiQ=="[],|  
 []


Overfull \hbox (16.75595pt too wide) in paragraph at lines 1156--1156
[][]\TU/Menlo(0)/m/n/9 "sha512[]02qvAaxv8tp7fBa/mw1ga98OGm+eCbqzJOKoRt70sLmfEEi
+jyBYVTDGfCL/k06/4EMk/z01gCe7HoCH/f2LTg=="[],|  
 []


Overfull \hbox (16.75595pt too wide) in paragraph at lines 1176--1176
[][]\TU/Menlo(0)/m/n/9 "sha512[]AXVQwdhot1eqLihwasPElhX2tAZiBjWdJ9i/Zcj2S6QYIjk
x62OKSfnobkriB81C3l4w0rVy3Nt4jaTBltYEpw=="[],|  
 []



[55]
Overfull \hbox (16.75595pt too wide) in paragraph at lines 1209--1209
[][]\TU/Menlo(0)/m/n/9 "sha512[]/Nf7TyzTx6S3yRJObOAV7956r8cr2+Oj8AC5dt8wSP3BQAo
eX58NoHyCU8P8zGkNXStjTSi6fzO6F0pBdcYbEg=="[],|  
 []


Overfull \hbox (16.75595pt too wide) in paragraph at lines 1218--1218
[][]\TU/Menlo(0)/m/n/9 "sha512[]Sp1ablJ0ivDkSzjcaJdxEunN5/XvksFJ2sMBFfq6x0ryhQV
/2b/KwFe21cMpmHtPOSij8K99/wSfoEuTObmuMQ=="[],|  
 []


Overfull \hbox (16.75595pt too wide) in paragraph at lines 1231--1231
[][]\TU/Menlo(0)/m/n/9 "sha512[]+ys997U96po4Kx/ABpBCqhA9EuxJaQWDQg7295H4hBphv3I
Zg0boBKuwYpt4YXp6MZ5AmZQnU/tyMTlRpaSejg=="[],|  
 []



[56]
Overfull \hbox (16.75595pt too wide) in paragraph at lines 1247--1247
[][]\TU/Menlo(0)/m/n/9 "sha512[]Bj5H35MD/ebaOV4iDLqPEtiliTN29qkGtEHCwawWn4cYm+b
PJM2NsaP30vtZcnERClMzp52J4+aw2UNbK4o+zw=="[],|  
 []


Overfull \hbox (16.75595pt too wide) in paragraph at lines 1267--1267
[][]\TU/Menlo(0)/m/n/9 "sha512[]oKnbhFyRIXpUuez8iBMmyEa4nbj4IOQyuhc/wy9kY7/WVPc
wIO9VA668Pu8RkO7+0G76SLROeyw9CpQ061i4mA=="[],|  
 []


Overfull \hbox (16.75595pt too wide) in paragraph at lines 1283--1283
[][]\TU/Menlo(0)/m/n/9 "sha512[]qpCAvRl9stuOHveKsn7HncJRvv501qIacKzQlO/+Lwxc9+0
q2wLyv4Dfvt80/DPn2pqOBsJdDiogXGR9+OvwRw=="[],|  
 []


Overfull \hbox (16.75595pt too wide) in paragraph at lines 1295--1295
[][]\TU/Menlo(0)/m/n/9 "sha512[]BSeNnyus75C4//NQ9gQt1/csTXyo/8Sb+afLAkzAptFuMso
d9HFokGNudZpi/oQV73hnVK+sR+5PVRMd+Dr7YQ=="[],|  
 []



[57]
Overfull \hbox (16.75595pt too wide) in paragraph at lines 1309--1309
[][]\TU/Menlo(0)/m/n/9 "sha512[]RRECPsj7iu/xb5oKYcsFHSppFNnsj/52OVTRKb4zP5onXwV
F3zVmmToNcOfGC+CRDpfK/U584fMg38ZHCaElKQ=="[],|  
 []


Overfull \hbox (16.75595pt too wide) in paragraph at lines 1321--1321
[][]\TU/Menlo(0)/m/n/9 "sha512[]dOy+3AuW3a2wNbZHIuMZpTcgjGuLU/uBL/ubcZF9OXbDo8f
f4O8yVp5Bf0efS8uEoYo5q4Fx7dY9OgQGXgAsQA=="[],|  
 []


Overfull \hbox (16.75595pt too wide) in paragraph at lines 1327--1327
[][]\TU/Menlo(0)/m/n/9 "sha512[]fsfrO0MxV64Znoy8/l1vVIjjHa29SZyyqPgQBwhiDcaW8wJ
c2W3XWVOGx4M3oJBnv/zdUZIIp1gDeS98GzP8Ng=="[],|  
 []


Overfull \hbox (16.75595pt too wide) in paragraph at lines 1351--1351
[][]\TU/Menlo(0)/m/n/9 "sha512[]Au9nRL8VNUut/XSzbQA38+M78dzP4D+eqg3gfJHMIHHYa3b
g067xj1KxMUWj+VULbiZMowKngFFbKczUrNJ1mg=="[],|  
 []


Overfull \hbox (16.75595pt too wide) in paragraph at lines 1363--1363
[][]\TU/Menlo(0)/m/n/9 "sha512[]nTjqfcBFEipKdXCv4YDQWCfmcLZKm81ldF0pAopTvyrFGVb
cR6P/VAAd5G7N+0tTr8QqiU0tFadD6FK4NtJwOA=="[],|  
 []



[58]
Overfull \hbox (16.75595pt too wide) in paragraph at lines 1372--1372
[][]\TU/Menlo(0)/m/n/9 "sha512[]Kvp459HrV2FEJ1CAsi1Ku+MY3kasH19TFykTz2xWmMeq6bk
2NU3XXvfJ+Q61m0xktWwt+1HSYf3JZsTms3aRJg=="[],|  
 []


Overfull \hbox (16.75595pt too wide) in paragraph at lines 1378--1378
[][]\TU/Menlo(0)/m/n/9 "sha512[]yki5XnKuf750l50uGTllt6kKILY4nQ1eNIQatoXEByZ5dWg
nKqbnqmTrBE5B4N7lrMJKQ2ytWMiTO2o0v6Ew/w=="[],|  
 []


Overfull \hbox (16.75595pt too wide) in paragraph at lines 1387--1387
[][]\TU/Menlo(0)/m/n/9 "sha512[]D76uU73ulSXrD1UXF4KE2TMxVVwhsnCgfAyTg9k8P6KGZjl
XKrOLe4dJQKI3Bxi5wjesZoFXJWElNWBjPZMbhg=="[],|  
 []


Overfull \hbox (16.75595pt too wide) in paragraph at lines 1396--1396
[][]\TU/Menlo(0)/m/n/9 "sha512[]KIHbLJqu73RGr/hnbrO9uBeixNGuvSQjul/jdFvS/KFSIH1
hWVd1ng7zOHx+YrEfInLG7q4n6GHQ9cDtxv/P6g=="[],|  
 []


Overfull \hbox (16.75595pt too wide) in paragraph at lines 1409--1409
[][]\TU/Menlo(0)/m/n/9 "sha512[]RGwwWnwQvkVfavKVt22FGLw+xYSdzARwm0ru6DhTVA3umU5
hZc28V3kO4stgYryrTlLpuvgI9GiijltAjNbcqA=="[],|  
 []



[59]
Overfull \hbox (16.75595pt too wide) in paragraph at lines 1426--1426
[][]\TU/Menlo(0)/m/n/9 "sha512[]g7nH6P6dyDioJogAAGprGpCtVImJhpPk/roCzdb3fIh61/s
/nPsfR6onyMwkCAR/OlC3yBC0lESvUoQEAssIrw=="[],|  
 []


Overfull \hbox (16.75595pt too wide) in paragraph at lines 1435--1435
[][]\TU/Menlo(0)/m/n/9 "sha512[]JVUnt+DUIzu87TABbhPmNfVdBDt18BLOWjMUFJMSi/Qqg7N
TYtabbvSNJGOJ7afbRuv9D/lngizHtP7QyLQ+9w=="[],|  
 []


Overfull \hbox (16.75595pt too wide) in paragraph at lines 1447--1447
[][]\TU/Menlo(0)/m/n/9 "sha512[]KIN/nDJBQRcXw0MLVhZE9iQHmG68qAVIBg9CqmUYjmQIhgi
j9U5MFvrqkUL5FbtyyzZuOeOt0zdeRe4UY7ct+A=="[],|  
 []


Overfull \hbox (16.75595pt too wide) in paragraph at lines 1461--1461
[][]\TU/Menlo(0)/m/n/9 "sha512[]WMwm9LhRUo+WUaRN+vRuETqG89IgZphVSNkdFgeb6sS/E4O
rDIN7t48CAewSHXc6C8lefD8KKfr5vY61brQlow=="[],|  
 []


Overfull \hbox (16.75595pt too wide) in paragraph at lines 1467--1467
[][]\TU/Menlo(0)/m/n/9 "sha512[]OszpBN7xZX4vWMPJwB9illkN/znA8M36GQqQxi6MNy9axWx
hOfJyZZJtSLQCpEFLHP2xK33BiWx9aIuIEXVCcw=="[],|  
 []


Overfull \hbox (16.75595pt too wide) in paragraph at lines 1473--1473
[][]\TU/Menlo(0)/m/n/9 "sha512[]MSjYzcWNOA0ewAHpz0MxpYFvwg6yjy1NG3xteoqz644VCo/
RPgnr1/GGt+ic3iJTzQ8Eu3TdM14SawnVUmGE6A=="[],|  
 []


Overfull \hbox (16.75595pt too wide) in paragraph at lines 1479--1479
[][]\TU/Menlo(0)/m/n/9 "sha512[]Q0n9HRi4m6JuGIV1eFlmvJB7ZEVxu93IrMyiMsGC0lrMJMW
zRgx6WGquyfQgZVb31vhGgXnfmPNNXmxnOkRBrg=="[],|  
 []



[60]
Overfull \hbox (16.75595pt too wide) in paragraph at lines 1488--1488
[][]\TU/Menlo(0)/m/n/9 "sha512[]e3nRfgfUZ4rNGL232gUgX06QNyyez04KdjFrF+LTRoOXmrO
gFKDg4BCdsjW8EnT69eqdYGmRpJwiPVYNrCaW3g=="[],|  
 []


Overfull \hbox (16.75595pt too wide) in paragraph at lines 1497--1497
[][]\TU/Menlo(0)/m/n/9 "sha512[]Zf5H2Kxt2xjTvbJvP2ZWLEICxA6j+hAmMzIlypy4xcBg1vK
Vnx89Wy0GbS+kf5cwCVFFzdCFh2XSCFNULS6csw=="[],|  
 []


Overfull \hbox (16.75595pt too wide) in paragraph at lines 1506--1506
[][]\TU/Menlo(0)/m/n/9 "sha512[]FGgH2h8zKNim9ljj7dankFPcICIK9Cp5bm+c2gQSYePhpaG
5+esrLODihIorn+Pe6FGJzWhXQotPv73jTaldXA=="[],|  
 []


Overfull \hbox (16.75595pt too wide) in paragraph at lines 1518--1518
[][]\TU/Menlo(0)/m/n/9 "sha512[]bbPBYYrtZbkt6Os6FiTLCTFxvq4tt3JKall1vRwshA3fdVz
tsLAatFaZobhkBC8/BrPetoa0oksYoKXoG4ryJg=="[],|  
 []



[61]
Overfull \hbox (16.75595pt too wide) in paragraph at lines 1559--1559
[][]\TU/Menlo(0)/m/n/9 "sha512[]WUj2qlxaQtO4g6Pq5c29GTcWGDyd8itL8zTlipgECz3JesA
iiOKotd8JU6otB3PACgG6xkJUyVhboMS+bje/jA=="[],|  
 []


Overfull \hbox (16.75595pt too wide) in paragraph at lines 1568--1568
[][]\TU/Menlo(0)/m/n/9 "sha512[]NiSupZ4OeuGwr68lGIeym/ksIZMJodUGOSCZ/FSnTxcrekb
vqrgdUxlJOMpijaKZVjAJrWrGs/6Jy8OMuyj9ow=="[],|  
 []


Overfull \hbox (16.75595pt too wide) in paragraph at lines 1574--1574
[][]\TU/Menlo(0)/m/n/9 "sha512[]aIL5Fx7mawVa300al2BnEE4iNvo1qETxLrPI/o05L7z6go7
fCw1J6EQmbK4FmJ2AS7kgVF/KEZWufBfdClMcPg=="[],|  
 []


Overfull \hbox (16.75595pt too wide) in paragraph at lines 1583--1583
[][]\TU/Menlo(0)/m/n/9 "sha512[]DT9ck5YIRU+8GYzzU5kT3eHGA5iL+1Zd0EutOmTE9Dtk+Tv
uzd23VBU+ec7HPNSTxXYO55gPV/hq4pSBJDjFpA=="[],|  
 []



[62]
Overfull \hbox (16.75595pt too wide) in paragraph at lines 1625--1625
[][]\TU/Menlo(0)/m/n/9 "sha512[]tIbYtZbucOs0BRGqPJkshJUYdL+SDH7dVM8gjy+ERp3WAUj
LEFJE+02kanyHtwjWOnwrKYBiwAmM0p4kLJAnXg=="[],|  
 []


Overfull \hbox (16.75595pt too wide) in paragraph at lines 1642--1642
[][]\TU/Menlo(0)/m/n/9 "sha512[]/t88Ty3d5JWQbWYgaOGCCYfXRwV1+be02WqYYlL6h0lEiUA
MPM8o8qKGO01YIkOHzka2up08wvgYD0mDiI+q3Q=="[],|  
 []


Overfull \hbox (16.75595pt too wide) in paragraph at lines 1659--1659
[][]\TU/Menlo(0)/m/n/9 "sha512[]buRG0fpBtRHSTCOASe6hD258tEubFoRLb4ZNA6NxMVHNw2g
OcwHo9wyablzMzOA5z9xA9L1KNjk/Nt6MT9aYow=="[],|  
 []



[63]
Overfull \hbox (16.75595pt too wide) in paragraph at lines 1668--1668
[][]\TU/Menlo(0)/m/n/9 "sha512[]Rx/WycZ60HOaqLKAi6cHRKKI7zxWbJ31MhntmtwMoaTeF7X
FH9hhBp8vITaMidfljRQ6eYWCKkaTK+ykVJHP2A=="[],|  
 []


Overfull \hbox (16.75595pt too wide) in paragraph at lines 1677--1677
[][]\TU/Menlo(0)/m/n/9 "sha512[]5xoDfX+fL7faATnagmWPpbFtwh/R77WmMMqqHGS65C3vvB0
YHrgF+B1YmZ3441tMj5n63k0212XNoJwzlhffQw=="[],|  
 []


Overfull \hbox (16.75595pt too wide) in paragraph at lines 1691--1691
[][]\TU/Menlo(0)/m/n/9 "sha512[]7XHNxH7qX9xG5mIwxkhumTox/MIRNcOgDrxWsMt2pAr23WH
p6MrRlN7FBSFpCpr+oVO0F744iUgR82nJMfG2SA=="[],|  
 []


Overfull \hbox (16.75595pt too wide) in paragraph at lines 1700--1700
[][]\TU/Menlo(0)/m/n/9 "sha512[]3hN7NaskYvMDLQY55gnW3NQ+mesEAepTqlg+VEbj7zzqEMB
VNhzcGYYeqFo/TlYz6eQiFcp1HcsCZO+nGgS8zg=="[],|  
 []


Overfull \hbox (16.75595pt too wide) in paragraph at lines 1709--1709
[][]\TU/Menlo(0)/m/n/9 "sha512[]DyFP3BM/3YHTQOCUL/w0OZHR0lpKeGrxotcHWcqNEdnltqF
wXVfhEBQ94eIo34AfQpo0rGki4cyIiftY06h2Fg=="[],|  
 []


Overfull \hbox (16.75595pt too wide) in paragraph at lines 1718--1718
[][]\TU/Menlo(0)/m/n/9 "sha512[]9fSjSaos/fRIVIp+xSJlE6lfwhES7LNtKaCBIamHsjr2na1
BiABJPo0mOjjz8GJDURarmCPGqaiVg5mfjb98CQ=="[],|  
 []



[64]
Overfull \hbox (16.75595pt too wide) in paragraph at lines 1742--1742
[][]\TU/Menlo(0)/m/n/9 "sha512[]sTSfBjoXBp89JvIKIefqw7U2CCebsc74kiY6awiGogKtoSG
bgjYE/G/+l9sF3MWFPNc9IcoOC4ODfKHfxFmp0g=="[],|  
 []


Overfull \hbox (16.75595pt too wide) in paragraph at lines 1755--1755
[][]\TU/Menlo(0)/m/n/9 "sha512[]ZUKRh6/kUFoAiTAtTYPZJ3hw9wNxx+BIBOijnlG9PnrJsCc
Sjs1wyyD6vJpaYtgnzDrKYRSqf3OO6Rfa93xsRg=="[],|  
 []


Overfull \hbox (16.75595pt too wide) in paragraph at lines 1767--1767
[][]\TU/Menlo(0)/m/n/9 "sha512[]EykJT/Q1KjTWctppgIAgfSO0tKVuZUjhgMr17kqTumMl6Af
v3EISleU7qZUzoXDFTAHTDC4NOoG/ZxU3EvlMPQ=="[],|  
 []


Overfull \hbox (16.75595pt too wide) in paragraph at lines 1776--1776
[][]\TU/Menlo(0)/m/n/9 "sha512[]1cDNdwJ2Jaohmb3sg4OmKaMBwuC48sYni5HUw2DvsC8LjGT
LK9h+eb1X6RyuOHe4hT0ULCW68iomhjUoKUqlPQ=="[],|  
 []



[65]
Overfull \hbox (16.75595pt too wide) in paragraph at lines 1788--1788
[][]\TU/Menlo(0)/m/n/9 "sha512[]0hJU9SCPvmMzIBdZFqNPXWa6dqh7WdH0cII9y+CyS8rG3nL
48Bclra9HmKhVVUHyPWNH5Y7xDwAB7bfgSjkUMQ=="[],|  
 []


Overfull \hbox (16.75595pt too wide) in paragraph at lines 1800--1800
[][]\TU/Menlo(0)/m/n/9 "sha512[]FtwrG/euBzaEjYeRqOgly7G0qviiXoJWnvEH2Z1plBdXgby
jv34pHTSb9zoeHMyDy33+DWy5Wt9Wo+TURtOYSQ=="[],|  
 []


Overfull \hbox (16.75595pt too wide) in paragraph at lines 1816--1816
[][]\TU/Menlo(0)/m/n/9 "sha512[]RwNA9Z/7PrK06rYLIzFMlaF+l73iwpzsqRIFgbMLbTcLD6c
Oao82TaWefPXQvB2fOC4AjuYSEndS7N/mTCbkdQ=="[],|  
 []


Overfull \hbox (16.75595pt too wide) in paragraph at lines 1825--1825
[][]\TU/Menlo(0)/m/n/9 "sha512[]4fCk79wshMdzMp2rH06qWrJE4iolqLhCUH+OiuIgU++RB0+
94NlDL81atO7GX55uUKueo0txHNtvEyI6D7WdMw=="[],|  
 []


Overfull \hbox (16.75595pt too wide) in paragraph at lines 1837--1837
[][]\TU/Menlo(0)/m/n/9 "sha512[]k/vGaX4/Yla3WzyMCvTQOXYeIHvqOKtnqBduzTHpzpQZzAs
kKMhZ2K+EnBiSM9zGSoIFeMpXKxa4dYeZIQqewQ=="[],|  
 []


Overfull \hbox (16.75595pt too wide) in paragraph at lines 1843--1843
[][]\TU/Menlo(0)/m/n/9 "sha512[]0KI/607xoxSToH7GjN1FfSbLoU0+btTicjsQSWQlh/hZykN
8KpmMf7uYwPW3R+akZ6R/w18ZlXSHBYXiYUPO3g=="[],|  
 []



[66]
Overfull \hbox (16.75595pt too wide) in paragraph at lines 1852--1852
[][]\TU/Menlo(0)/m/n/9 "sha512[]zymm5+u+sCsSWyD9qNaejV3DFvhCKclKdizYaJUuHA83RLj
b7nSuGnddCHGv0hk+KY7BMAlsWeK4Ueg6EV6XQg=="[],|  
 []


Overfull \hbox (16.75595pt too wide) in paragraph at lines 1861--1861
[][]\TU/Menlo(0)/m/n/9 "sha512[]hvpoI6korhJMnej285dSg6nu1+e6uxs7zG3BYAm5byqDsgJ
NWwxzM6z6iZiAgQR4TJ30JmBTOwqZUw3WlyH3AQ=="[],|  
 []


Overfull \hbox (16.75595pt too wide) in paragraph at lines 1867--1867
[][]\TU/Menlo(0)/m/n/9 "sha512[]RdJUflcE3cUzKiMqQgsCu06FPu9UdIJO0beYbPhHN4k6apg
JtifcoCtT9bcxOpYBtpD2kCM6Sbzg4CausW/PKQ=="[],|  
 []


Overfull \hbox (16.75595pt too wide) in paragraph at lines 1873--1873
[][]\TU/Menlo(0)/m/n/9 "sha512[]/sM3dO2FOzXjKQhJuo0Q173wf2KOo8t4I8vHy6lF9poUp7b
KT0/NHE8fPX23PwfhnykfqnC2xRxOnVw5XuGIaA=="[],|  
 []


Overfull \hbox (16.75595pt too wide) in paragraph at lines 1885--1885
[][]\TU/Menlo(0)/m/n/9 "sha512[]XmOWe7eyHYH14cLdVPoyg+GOH3rYX++KpzrylJwSW98t3Nk
+U8XOl8FWKOgwtzdb8lXGf6zYwDUzeHMWfxasyg=="[],|  
 []


Overfull \hbox (16.75595pt too wide) in paragraph at lines 1897--1897
[][]\TU/Menlo(0)/m/n/9 "sha512[]KpNARQA3Iwv+jTA0utUVVbrh+Jlrr1Fv0e56GGzAFOXN7dk
/FviaDW8LHmK52DlcH4WP2n6gI8vN1aesBFgo9w=="[],|  
 []



[67]
Overfull \hbox (16.75595pt too wide) in paragraph at lines 1906--1906
[][]\TU/Menlo(0)/m/n/9 "sha512[]g9WCjmfwqbexSnZE+2cl21PCfXOcqnGeWeMTNAOGEfpPbm/
ZF4YIq77Z8qWrxbu660EKuLB4nSLggoKnCb+isw=="[],|  
 []


Overfull \hbox (16.75595pt too wide) in paragraph at lines 1915--1915
[][]\TU/Menlo(0)/m/n/9 "sha512[]/IXtbwEk5HTPyEwyKX6hGkYXxM9nbj64B+ilVJnC/R6B0pH
5G4V3b0pVbL7DBj4tkhBAppbQUlf6F6Xl9LHu1g=="[],|  
 []


Overfull \hbox (16.75595pt too wide) in paragraph at lines 1924--1924
[][]\TU/Menlo(0)/m/n/9 "sha512[]aisnrDP4GNe06UcKFnV5bfMNPBUw4jsLGaWwWfnH3v02GnB
uXX2MCVn5RbrWo0j3pczUilYblq7fQ7Nw2t5XKw=="[],|  
 []


Overfull \hbox (16.75595pt too wide) in paragraph at lines 1933--1933
[][]\TU/Menlo(0)/m/n/9 "sha512[]Snk314V5ayFLhp3fkUREub6WtjBfPdCPY1Ln8/8munuLuiY
hsABgBVWsozAG+MWMbVEvcdcpbi9R7ww22l9Q3g=="[],|  
 []


Overfull \hbox (16.75595pt too wide) in paragraph at lines 1945--1945
[][]\TU/Menlo(0)/m/n/9 "sha512[]aU5EJuIN2WDemCcAp2vFBfp/m4EAhWJnUNSSw0ixs7/kXbd
6Pg64EmwJkNdFhB8aWt1sH2CTXrLxo/iAGV3oPQ=="[],|  
 []


Overfull \hbox (16.75595pt too wide) in paragraph at lines 1954--1954
[][]\TU/Menlo(0)/m/n/9 "sha512[]xRc4oEhT6eaBpU1XF7AjpOFD+xQmXNB5OVKwp4tqCuBpHLS
/ZbBDrc07mYTDqVMg6PfxUjjNp85O6Cd2Z/5HWA=="[],|  
 []



[68]
Overfull \hbox (16.75595pt too wide) in paragraph at lines 1966--1966
[][]\TU/Menlo(0)/m/n/9 "sha512[]6FlzubTLZG3J2a/NVCAleEhjzq5oxgHyaCU9yYXvcLsvoVa
HJq/s5xXI6/XXP6tz7R9xAOtHnSO/tXtF3WRTlA=="[],|  
 []


Overfull \hbox (16.75595pt too wide) in paragraph at lines 1972--1972
[][]\TU/Menlo(0)/m/n/9 "sha512[]N8SpfPUnUp1bK+PMYW8qSWdl9U+wwNWI4QKxOYDy9JAro3W
MX7p2OeVRF9v+347pnakNevPmiHhNmZ2HbFA76w=="[],|  
 []


Overfull \hbox (16.75595pt too wide) in paragraph at lines 1990--1990
[][]\TU/Menlo(0)/m/n/9 "sha512[]8Ofs/AUQh8MaEcrlq5xOX0CQ9ypTF5dl78mjlMNfOK08fzp
gTHQRQPBxcPlEtIw0yRpws+Zo/3r+5WRby7u3Gg=="[],|  
 []


Overfull \hbox (16.75595pt too wide) in paragraph at lines 1999--1999
[][]\TU/Menlo(0)/m/n/9 "sha512[]nmh3lCkYZ3grZvqcCH+fjmQ7X+H0OeZgP40OierEaAptX4X
ofMh5kwNbWh7lBduUzCcV/8kZ+NDLCwm2iorIlA=="[],|  
 []


Overfull \hbox (16.75595pt too wide) in paragraph at lines 2005--2005
[][]\TU/Menlo(0)/m/n/9 "sha512[]rJgTQnkUnH1sFw8yT6VSU3zD3sWmu6sZhIseY8VX+GRu3P6
F7Fu+JNDoXfklElbLJSnc3FUQHVe4cU5hj+BcUg=="[],|  
 []


Overfull \hbox (16.75595pt too wide) in paragraph at lines 2014--2014
[][]\TU/Menlo(0)/m/n/9 "sha512[]W67iLl4J2EXEGTbfeHCffrjDfitvLANg0UlX3wFUUSTx92K
XRFegMHUVgSqE+wvhAbi4WqjGg9czysTV2Epbew=="[],|  
 []



[69]
Overfull \hbox (16.75595pt too wide) in paragraph at lines 2026--2026
[][]\TU/Menlo(0)/m/n/9 "sha512[]oVlzkg3ENAhCk2zdv7IJwd/QUD4z2RxRwpkcGY8psCVcCYZ
Nq4wYnVWALHM+brtuJjePWiYF/ClmuDr8Ch5+kg=="[],|  
 []


Overfull \hbox (16.75595pt too wide) in paragraph at lines 2038--2038
[][]\TU/Menlo(0)/m/n/9 "sha512[]lNaJgI+2Q5URQBkccEKHTQOPaXdUxnZZElQTZY0MFUAuaEq
e1E+Nyvgdz/aIyNi6Z9MzO5dv1H8n58/GELp3+w=="[],|  
 []


Overfull \hbox (16.75595pt too wide) in paragraph at lines 2047--2047
[][]\TU/Menlo(0)/m/n/9 "sha512[]CiyeOxFT/JZyN5m0z9PfXw4SCBJ6Sygz1Dpl0wqjlhDEGGB
P1GnsUVEL0p63hoG1fcj3fHynXi9NYO4nWOL+qQ=="[],|  
 []


Overfull \hbox (16.75595pt too wide) in paragraph at lines 2056--2056
[][]\TU/Menlo(0)/m/n/9 "sha512[]7jdwVIRtsP8MYpdXSwOS0YdD0Du+qOoF/AEPIt88PcCFrZC
zx41oxku1jD88hZBwbNUIEfpqvuhjFaMAqMTWnA=="[],|  
 []


Overfull \hbox (16.75595pt too wide) in paragraph at lines 2066--2066
[][]\TU/Menlo(0)/m/n/9 "sha512[]xceH2snhtb5M9liqDsmEw56le376mTZkEX/jEb/RxNFyegN
ul7eNslCXP9FDj/Lcu0X8KEyMceP2ntpaHrDEVA=="[],|  
 []


Overfull \hbox (16.75595pt too wide) in paragraph at lines 2072--2072
[][]\TU/Menlo(0)/m/n/9 "sha512[]5gTmgEY/sqK6gFXLIsQNH19lWb4ebPDLA4SdLP7dsWkIXHW
lG66oPuVvXSGFPppYZz8ZDZq0dYYrbHfBCVUb1Q=="[],|  
 []



[70]
Overfull \hbox (16.75595pt too wide) in paragraph at lines 2084--2084
[][]\TU/Menlo(0)/m/n/9 "sha512[]3Ybi1tAuwAP9s0r1UQ2J4n5Y0G05bJkpUIO0/bI9MhwmD70
S5aTWbXGBwxHrelT+XM1k6dM0pk+SwNkpTRN7Pg=="[],|  
 []


Overfull \hbox (16.75595pt too wide) in paragraph at lines 2112--2112
[][]\TU/Menlo(0)/m/n/9 "sha512[]llQsMLSUDUPT44jdrU/O37qlnifitDP+ZwrmmZcoSKyLKvt
ZxpyV0n2/bD/N4tBAAZ/gJEdZU7KMraoK1+XYAg=="[],|  
 []


Overfull \hbox (16.75595pt too wide) in paragraph at lines 2125--2125
[][]\TU/Menlo(0)/m/n/9 "sha512[]YWWTjgABSKcvs/nWBi9PycY/JiPJqOD4JA6o9Sej2AtvSGa
rXxKC3OQSk4pAarbdQlKAh5D4FCQkJNkW+GAn3w=="[],|  
 []



[71]
Overfull \hbox (16.75595pt too wide) in paragraph at lines 2140--2140
[][]\TU/Menlo(0)/m/n/9 "sha512[]Hrgsx+orqoygnmhFbKaHE6c296J+HTAQXoxEF6gNupROmmG
JRoyzfG3ccAveqCBrwr/2yxQ5BVd/GTl5agOwSg=="[],|  
 []


Overfull \hbox (16.75595pt too wide) in paragraph at lines 2149--2149
[][]\TU/Menlo(0)/m/n/9 "sha512[]9G8cA+tuMS75+6G/TzW8OtLzmBDMo8p1JRxN5AZ+LAp8uxG
A8V8GZm4GQ4/N5QNQEnLmg6SS7wyuSmbKepiKqA=="[],|  
 []


Overfull \hbox (16.75595pt too wide) in paragraph at lines 2164--2164
[][]\TU/Menlo(0)/m/n/9 "sha512[]cf6L2Ds3h57VVmkZe+Pn+5APsT7FpqJtEhhieDCvrE2MK5Q
k9MyffgQyuxQTm6BChfeZNtcOLHp9IcWRVcIcBQ=="[],|  
 []


Overfull \hbox (16.75595pt too wide) in paragraph at lines 2180--2180
[][]\TU/Menlo(0)/m/n/9 "sha512[]tmbWg6W31tQLeB5cdIBOicJDJRR2KzXsV7uSK9iNfLWQ5bI
ZfxuPEHp7M8wiHyHnn0DD1i7w3Zmin0FtkrwoCQ=="[],|  
 []


Overfull \hbox (16.75595pt too wide) in paragraph at lines 2189--2189
[][]\TU/Menlo(0)/m/n/9 "sha512[]UlbRu4cAiGaIewkPyiRGJk0imDN2T3JjieT6spoL2UeSf5o
d4n5LB/mQ4ejmxhCFT1tYe8IvaFulzynWovsEFQ=="[],|  
 []



[72]
Overfull \hbox (16.75595pt too wide) in paragraph at lines 2201--2201
[][]\TU/Menlo(0)/m/n/9 "sha512[]QgT5//D3jfjJb6Gsjxv0Slpj23ip+HtOpnNgnb2S5zU3CB2
6G/IDPGoy4RJB42wzFE46DRsstbW6tKHoKbhAxw=="[],|  
 []


Overfull \hbox (16.75595pt too wide) in paragraph at lines 2210--2210
[][]\TU/Menlo(0)/m/n/9 "sha512[]fGxEI7+wsG9xrvdjsrlmL22OMTTiHRwAMroiEeMgq8gzoLC
/PQr7RsRDSTLUg/bZAZtF+TVIkHc6/4RIKrui+Q=="[],|  
 []


Overfull \hbox (16.75595pt too wide) in paragraph at lines 2219--2219
[][]\TU/Menlo(0)/m/n/9 "sha512[]3GuObel8h7Kqdjt0gxkEzaifHTqLVW56Y/bjN7PSQtkKr0w
3V/QYSdt6QWYtd7A1xUtYQigtdUfgj1RvWVtorw=="[],|  
 []


Overfull \hbox (16.75595pt too wide) in paragraph at lines 2260--2260
[][]\TU/Menlo(0)/m/n/9 "sha512[]nLTrUKm2UyiL7rlhapu/Zl45FwNgkZGaCpZbIHajDYgwlJC
OzLSk+cIPAnsEqV955GjILJnKbdQC1nVPz+gAYQ=="[],|  
 []



[73]
Overfull \hbox (16.75595pt too wide) in paragraph at lines 2276--2276
[][]\TU/Menlo(0)/m/n/9 "sha512[]dhKf903U/PQZY6boNNtAGdWbG85WAbjT/1xYoZIC7FAY0yW
apOBQVsVrDl58W86//e1VpMNBtRV4MaXfdMySFA=="[],|  
 []


Overfull \hbox (16.75595pt too wide) in paragraph at lines 2285--2285
[][]\TU/Menlo(0)/m/n/9 "sha512[]rp3So07KcdmmKbGvgaNxQSJr7bGVSVk5S9Eq1F+ppbRo70+
YeaDxkw5Dd8NPN+GD6bjnYm2VuPuCXmpuYvmCXQ=="[],|  
 []


Overfull \hbox (16.75595pt too wide) in paragraph at lines 2305--2305
[][]\TU/Menlo(0)/m/n/9 "sha512[]YZo3K82SD7Riyi0E1EQPojLz7kpepnSQI9IyPbHHg1XXXev
b5dJI7tpyN2ADxGcQbHG7vcyRHk0cbwqcQriUtg=="[],|  
 []


Overfull \hbox (16.75595pt too wide) in paragraph at lines 2311--2311
[][]\TU/Menlo(0)/m/n/9 "sha512[]eNv+WrVbKu1f3vbYJT/xtiF5syA5HPIMtf9IgY/nKg0sWqz
AUEvqY/xm7OcZc/qafLx/iO9FgOmeSAp4v5ti/Q=="[],|  
 []


Overfull \hbox (16.75595pt too wide) in paragraph at lines 2317--2317
[][]\TU/Menlo(0)/m/n/9 "sha512[]BR7VvDCVHO+q2xBEWskxS6DJE1qRnb7DxzUrogb71CWoSfi
cBxYsiAGd+Kl0mmq/MprG9yArRkyrQxTO6XjMzA=="[],|  
 []



[74]
Overfull \hbox (16.75595pt too wide) in paragraph at lines 2326--2326
[][]\TU/Menlo(0)/m/n/9 "sha512[]uaW0WwXKpL9blXE2o0bRhoL2EGXIrZxQ2ZQ4mgcfoBxdFmQ
old+qWsD2jLrfZ0trjKL6vOw0j//eAwcALFjKSw=="[],|  
 []


Overfull \hbox (16.75595pt too wide) in paragraph at lines 2348--2348
[][]\TU/Menlo(0)/m/n/9 "sha512[]61g9pCh0Vnh7IutZjtLGGpTA355+OPn2TyDv/6ivP2h/AdA
VX9azsoxmg2/M6nZeQZNYBEwIcsne1mJd9oQItQ=="[],|  
 []


Overfull \hbox (16.75595pt too wide) in paragraph at lines 2363--2363
[][]\TU/Menlo(0)/m/n/9 "sha512[]E5LDX7Wrp85Kil5bhZv46j8jOeboKq5JMmYM3gVGdGH8xFp
PWXUMsNrlODCrkoxMEeNi/XZIwuRvY4XNwYMJpw=="[],|  
 []


Overfull \hbox (16.75595pt too wide) in paragraph at lines 2369--2369
[][]\TU/Menlo(0)/m/n/9 "sha512[]ObmnIF4hXNg1BqhnHmgbDETF8dLPCggZWBjkQfhZpbszZnY
ur5DUljTcCHii5LC3J5E0yeO/1LIMyH+UvHQgyw=="[],|  
 []



[75]
Overfull \hbox (16.75595pt too wide) in paragraph at lines 2381--2381
[][]\TU/Menlo(0)/m/n/9 "sha512[]ZX99e6tRweoUXqR+VBrslhda51Nh5MTQwou5tnUDgbtyM0d
BgmhEDtWGP/xbKn6hqfPRHujUNwz5fy/wbbhnpw=="[],|  
 []


Overfull \hbox (16.75595pt too wide) in paragraph at lines 2400--2400
[][]\TU/Menlo(0)/m/n/9 "sha512[]FCLHtRD/gnpCiCHEiJLOwdmFP+wzCmDEkc9y7NsYxeF4u7B
tsn1ZuwgwJGxImImHicJArLP4R0yX4c2KCrMrTA=="[],|  
 []


Overfull \hbox (16.75595pt too wide) in paragraph at lines 2416--2416
[][]\TU/Menlo(0)/m/n/9 "sha512[]VCjCNfgMsby3tTdo02nbjtM/ewra6jPHmpThenkTYh8pG9u
cZ/1P8So4u4FGBek/BjpOVsDCMoLA/iuBKIFXRA=="[],|  
 []


Overfull \hbox (16.75595pt too wide) in paragraph at lines 2434--2434
[][]\TU/Menlo(0)/m/n/9 "sha512[]WPS/HvHQTYnHisLo9McqBHOJk2FkHO/tlpvldyrnem4aeQp
4hai3gythswg6p01oSoTl58rcpiFAjF2br2Ak2A=="[],|  
 []



[76]
Overfull \hbox (16.75595pt too wide) in paragraph at lines 2453--2453
[][]\TU/Menlo(0)/m/n/9 "sha512[]UXWMKhLOwVKb728IUtQPXxfYU+usdybtUrK/8uGE8CQMvrh
OpwvzDBwj0QhSL7MQc7vIsISBG8VQ8+IDQxpfQA=="[],|  
 []


Overfull \hbox (16.75595pt too wide) in paragraph at lines 2462--2462
[][]\TU/Menlo(0)/m/n/9 "sha512[]DvEy55V3DB7uknRo+4iOGT5fP1slR8wQohVdknigZPMpMst
aKJQWhwiYBACJE3Ul2pTnATihhBYnRhZQHGBiRw=="[],|  
 []


Overfull \hbox (16.75595pt too wide) in paragraph at lines 2471--2471
[][]\TU/Menlo(0)/m/n/9 "sha512[]wKyQRQpjJ0sIp62ErSZdGsjMJWsap5oRNihHhu6G7JVO/9j
IB6UyevL+tXuOqrng8j/cxKTWyWUwvSTriiZz/g=="[],|  
 []


Overfull \hbox (16.75595pt too wide) in paragraph at lines 2485--2485
[][]\TU/Menlo(0)/m/n/9 "sha512[]Y38VPSHcqkFrCpFnQ9vuSXmquuv5oXOKpGeT6aGrr3o3Gc9
AlVa6JBfUSOCnbxGGZF+/0ooI7KrPuUSztUdU5A=="[],|  
 []


Overfull \hbox (16.75595pt too wide) in paragraph at lines 2497--2497
[][]\TU/Menlo(0)/m/n/9 "sha512[]MpUEN2OodtUzxvKQl72cUF7RQ5EiHsGvSsVG0ia9c5RbWGL
2CI4C7EpPS8UTBIplnlzZiNuV56w+FuNxy3ty2Q=="[],|  
 []



[77]
Overfull \hbox (16.75595pt too wide) in paragraph at lines 2512--2512
[][]\TU/Menlo(0)/m/n/9 "sha512[]j2Zq4NyQYG5XMST4cbs02Ak8iJUdxRM0XI5QyxXuZOzKOIN
mWurp3smXu3y5wDcJrptwpSjgXHzIQxR0omXljQ=="[],|  
 []


Overfull \hbox (16.75595pt too wide) in paragraph at lines 2528--2528
[][]\TU/Menlo(0)/m/n/9 "sha512[]o5sSPKEkg/DIQNmH43V0/uerLrpzVedkUh8tGNvaeXpfpuw
jKenlSox/2O/BTlZUtEe+JG7s5YhEz608PlAHRA=="[],|  
 []


Overfull \hbox (16.75595pt too wide) in paragraph at lines 2537--2537
[][]\TU/Menlo(0)/m/n/9 "sha512[]L0Orpi8qGpRG//Nd+H90vFB+3iHnue1zSSGmNOOCh1GLJ7r
UKVwV2HvijphGQS2UmhUZewS9VgvxYIdgr+fG1A=="[],|  
 []


Overfull \hbox (16.75595pt too wide) in paragraph at lines 2546--2546
[][]\TU/Menlo(0)/m/n/9 "sha512[]oJFu94HQb+KVduSUQL7wnpmqnfmLsOA/nAh6b6EH0wCEoK0
/mPeXU6c3wKDV83MkOuHPRHtSXKKU99IBazS/2w=="[],|  
 []


Overfull \hbox (16.75595pt too wide) in paragraph at lines 2552--2552
[][]\TU/Menlo(0)/m/n/9 "sha512[]OZs6gsjF4vMp32qrCbiVSkrFmXtG/AZhY3t0iAMrMBiAZyV
9oALtXO8hsrHbMXF9x6L3grlFuwW2oAz7cav+Gw=="[],|  
 []



[78]
Overfull \hbox (16.75595pt too wide) in paragraph at lines 2566--2566
[][]\TU/Menlo(0)/m/n/9 "sha512[]pjy2bYhSsufwWlKwPc+l3cN7+wuJlK6uz0YdJEOlQDbl6jo
/YlPi4mb8agUkVC8BF7V8NuzeyPNqRksA3hztKQ=="[],|  
 []


Overfull \hbox (16.75595pt too wide) in paragraph at lines 2575--2575
[][]\TU/Menlo(0)/m/n/9 "sha512[]q0SPT4xyU84saUX+tomz1WLkxUbuaJnR1xWt17M7fJtEJig
JeWUNGUqrauFXsHnqev9y9JTRGwk13tFBuKby4A=="[],|  
 []


Overfull \hbox (16.75595pt too wide) in paragraph at lines 2605--2605
[][]\TU/Menlo(0)/m/n/9 "sha512[]BNGbWLfd0eUPabhkXUVm0j8uuvREyTh5ovRa/dyow/BqAbZ
JyC+5fU+IzQOzmAKzYqYRAISoRhdQr3eIZ/PXqg=="[],|  
 []


Overfull \hbox (16.75595pt too wide) in paragraph at lines 2614--2614
[][]\TU/Menlo(0)/m/n/9 "sha512[]ZWyE8YXEXqJrrSLvYgrRP7p62OziLW7xI5HYGWFzOvupfAl
rLvURSzv/FyGyy0eidogEM3ujU+kUG1zuHgb6Ug=="[],|  
 []



[79]

[80]
Overfull \hbox (16.75595pt too wide) in paragraph at lines 2688--2688
[][]\TU/Menlo(0)/m/n/9 "sha512[]YVGIj2kamLSTxw6NsZjoBxfSwsn0ycdesmc4p+Q21c5zPuZ
1pl+NfxVdxPtdHvmNVOQ6XSYG4AUtyt/Fi7D16Q=="[],|  
 []


Overfull \hbox (16.75595pt too wide) in paragraph at lines 2705--2705
[][]\TU/Menlo(0)/m/n/9 "sha512[]l4Sp/DRseor9wL6EvV2+TuQn63dMkPjZ/sp9XkghTEbV9Kl
PS1xUsZ3u7/IQO4wxtcFB4bgpQPRcR3QCvezPcQ=="[],|  
 []


Overfull \hbox (16.75595pt too wide) in paragraph at lines 2711--2711
[][]\TU/Menlo(0)/m/n/9 "sha512[]0pfFzegeDWJHJIAmTLRP2DwHjdF5s7jo9tuztdQxAhINCdv
S+3nGINqPd00AphqJR/0LhANUS6/+7SCb98YOfA=="[],|  
 []


Overfull \hbox (16.75595pt too wide) in paragraph at lines 2720--2720
[][]\TU/Menlo(0)/m/n/9 "sha512[]a4UGQaWPH59mOXUYnAG2ewncQS4i4F43Tv3JoAM+s2VDAmS
9NsK8GpDMLrCHPksFT7h3K6TOoUNn2pb7RoXx4g=="[],|  
 []


Overfull \hbox (16.75595pt too wide) in paragraph at lines 2726--2726
[][]\TU/Menlo(0)/m/n/9 "sha512[]7dSzzRQ++CKnNI/krKnYRV7JKKPUXMEh61soaHKg9mrWEhz
FWhFnxPxGl+69cD1Ou63C13NUPCnmIcrvqCuM6w=="[],|  
 []


Overfull \hbox (16.75595pt too wide) in paragraph at lines 2744--2744
[][]\TU/Menlo(0)/m/n/9 "sha512[]tVpsJW7DdjecAiFpbIB1e3qxIQsE6NoPc5/eTdrbbIC4h0L
VsWhnoa3g+m2HclBIujHzsxZ4VJVA+GUuc2/LBw=="[],|  
 []



[81])

[82] (./_minted/91951929C0F40A4E780CA1201FBC5530.highlight.minted)

[83] (./_minted/368FA794AC605E8807BBE1BC22D251DF.highlight.minted
Missing character: There is no 🚀 (U+1F680) in font Menlo Regular/AAT!
Missing character: There is no 🚀 (U+1F680) in font Menlo Regular/AAT!
Missing character: There is no 📡 (U+1F4E1) in font Menlo Regular/AAT!
Missing character: There is no 📡 (U+1F4E1) in font Menlo Regular/AAT!
)

[84] (./_minted/6744962D41FF9DC233DBE7632BF576C8.highlight.minted

[85]

[86]

[87])

[88] (./_minted/5A3874720B77621F7B4DB58E3408BB96.highlight.minted)

[89] (./Root.aux)
 ***********
LaTeX2e <2025-06-01> patch level 1
L3 programming layer <2025-09-02>
 ***********
Package rerunfilecheck Info: File `Root.out' has not changed.
(rerunfilecheck)             Checksum: 8715A6B296294CB6F0FEA44AE2F3E408;1785.
 ) 
Here is how much of TeX's memory you used:
 21694 strings out of 468389
 514203 string characters out of 5440620
 1236113 words of memory out of 5000000
 49986 multiletter control sequences out of 15000+600000
 631001 words of font info for 73 fonts, out of 8000000 for 9000
 1348 hyphenation exceptions out of 8191
 85i,11n,113p,952b,4533s stack positions out of 10000i,1000n,20000p,200000b,200000s

Output written on Root.pdf (89 pages).
