\BOOKMARK [1][-]{section.1}{\376\377\000O\000v\000e\000r\000v\000i\000e\000w}{}% 1
\BOOKMARK [1][-]{section.2}{\376\377\000C\000o\000m\000p\000u\000t\000a\000t\000i\000o\000n\000a\000l\000\040\000P\000a\000t\000t\000e\000r\000n\000s}{}% 2
\BOOKMARK [1][-]{section.3}{\376\377\000K\000e\000y\000\040\000A\000l\000g\000o\000r\000i\000t\000h\000m\000i\000c\000\040\000E\000l\000a\000b\000o\000r\000a\000t\000i\000o\000n\000s}{}% 3
\BOOKMARK [1][-]{section.4}{\376\377\000M\000e\000a\000n\000i\000n\000g\000-\000U\000s\000e\000\040\000D\000i\000a\000g\000r\000a\000m\000s}{}% 4
\BOOKMARK [2][-]{subsection.4.1}{\376\377\000A\000d\000d\000i\000t\000i\000o\000n\000\040\000T\000o\000\040\000G\000e\000n\000e\000r\000a\000l}{section.4}% 5
\BOOKMARK [2][-]{subsection.4.2}{\376\377\000A\000d\000d\000i\000t\000i\000o\000n}{section.4}% 6
\BOOKMARK [2][-]{subsection.4.3}{\376\377\000A\000d\000d\000i\000t\000i\000o\000n\000\040\000T\000o\000\040\000S\000u\000b\000t\000r\000a\000c\000t\000i\000o\000n}{section.4}% 7
\BOOKMARK [2][-]{subsection.4.4}{\376\377\000A\000d\000d\000i\000t\000i\000o\000n\000\040\000T\000o\000\040\000M\000u\000l\000t\000i\000p\000l\000i\000c\000a\000t\000i\000o\000n}{section.4}% 8
\BOOKMARK [2][-]{subsection.4.5}{\376\377\000A\000d\000d\000i\000t\000i\000o\000n\000\040\000T\000o\000\040\000D\000i\000v\000i\000s\000i\000o\000n}{section.4}% 9
\BOOKMARK [2][-]{subsection.4.6}{\376\377\000G\000e\000n\000e\000r\000a\000l\000\040\000T\000o\000\040\000A\000d\000d\000i\000t\000i\000o\000n}{section.4}% 10
\BOOKMARK [2][-]{subsection.4.7}{\376\377\000G\000e\000n\000e\000r\000a\000l\000\040\000T\000o\000\040\000S\000u\000b\000t\000r\000a\000c\000t\000i\000o\000n}{section.4}% 11
\BOOKMARK [2][-]{subsection.4.8}{\376\377\000G\000e\000n\000e\000r\000a\000l}{section.4}% 12
\BOOKMARK [2][-]{subsection.4.9}{\376\377\000G\000e\000n\000e\000r\000a\000l\000\040\000T\000o\000\040\000M\000u\000l\000t\000i\000p\000l\000i\000c\000a\000t\000i\000o\000n}{section.4}% 13
\BOOKMARK [2][-]{subsection.4.10}{\376\377\000G\000e\000n\000e\000r\000a\000l\000\040\000T\000o\000\040\000D\000i\000v\000i\000s\000i\000o\000n}{section.4}% 14
\BOOKMARK [2][-]{subsection.4.11}{\376\377\000S\000u\000b\000t\000r\000a\000c\000t\000i\000o\000n\000\040\000T\000o\000\040\000A\000d\000d\000i\000t\000i\000o\000n}{section.4}% 15
\BOOKMARK [2][-]{subsection.4.12}{\376\377\000M\000u\000l\000t\000i\000p\000l\000i\000c\000a\000t\000i\000o\000n\000\040\000T\000o\000\040\000A\000d\000d\000i\000t\000i\000o\000n}{section.4}% 16
\BOOKMARK [2][-]{subsection.4.13}{\376\377\000D\000i\000v\000i\000s\000i\000o\000n\000\040\000T\000o\000\040\000A\000d\000d\000i\000t\000i\000o\000n}{section.4}% 17
\BOOKMARK [2][-]{subsection.4.14}{\376\377\000S\000u\000b\000t\000r\000a\000c\000t\000i\000o\000n}{section.4}% 18
\BOOKMARK [2][-]{subsection.4.15}{\376\377\000S\000u\000b\000t\000r\000a\000c\000t\000i\000o\000n\000\040\000T\000o\000\040\000G\000e\000n\000e\000r\000a\000l}{section.4}% 19
\BOOKMARK [2][-]{subsection.4.16}{\376\377\000S\000u\000b\000t\000r\000a\000c\000t\000i\000o\000n\000\040\000T\000o\000\040\000M\000u\000l\000t\000i\000p\000l\000i\000c\000a\000t\000i\000o\000n}{section.4}% 20
\BOOKMARK [2][-]{subsection.4.17}{\376\377\000S\000u\000b\000t\000r\000a\000c\000t\000i\000o\000n\000\040\000T\000o\000\040\000D\000i\000v\000i\000s\000i\000o\000n}{section.4}% 21
\BOOKMARK [2][-]{subsection.4.18}{\376\377\000M\000u\000l\000t\000i\000p\000l\000i\000c\000a\000t\000i\000o\000n\000\040\000T\000o\000\040\000D\000i\000v\000i\000s\000i\000o\000n}{section.4}% 22
\BOOKMARK [2][-]{subsection.4.19}{\376\377\000D\000i\000v\000i\000s\000i\000o\000n}{section.4}% 23
