\BOOKMARK [1][-]{section.1}{\376\377\000F\000S\000M\000\040\000E\000n\000g\000i\000n\000e\000\040\000C\000o\000r\000e\000\040\000A\000r\000c\000h\000i\000t\000e\000c\000t\000u\000r\000e}{}% 1
\BOOKMARK [2][-]{subsection.1.1}{\376\377\000f\000s\000m\000\137\000e\000n\000g\000i\000n\000e\000.\000p\000l}{section.1}% 2
\BOOKMARK [2][-]{subsection.1.2}{\376\377\000g\000r\000o\000u\000n\000d\000e\000d\000\137\000a\000r\000i\000t\000h\000m\000e\000t\000i\000c\000.\000p\000l}{section.1}% 3
\BOOKMARK [2][-]{subsection.1.3}{\376\377\000g\000r\000o\000u\000n\000d\000e\000d\000\137\000u\000t\000i\000l\000s\000.\000p\000l}{section.1}% 4
\BOOKMARK [1][-]{section.2}{\376\377\000C\000r\000i\000s\000i\000s\000\040\000D\000e\000t\000e\000c\000t\000i\000o\000n\000\040\000a\000n\000d\000\040\000R\000e\000o\000r\000g\000a\000n\000i\000z\000a\000t\000i\000o\000n\000\040\000S\000y\000s\000t\000e\000m}{}% 5
\BOOKMARK [2][-]{subsection.2.1}{\376\377\000c\000r\000i\000s\000i\000s\000\137\000p\000r\000o\000c\000e\000s\000s\000o\000r\000.\000p\000l}{section.2}% 6
\BOOKMARK [2][-]{subsection.2.2}{\376\377\000c\000u\000r\000r\000i\000c\000u\000l\000u\000m\000\137\000p\000r\000o\000c\000e\000s\000s\000o\000r\000.\000p\000l}{section.2}% 7
\BOOKMARK [1][-]{section.3}{\376\377\000G\000r\000o\000u\000n\000d\000e\000d\000\040\000F\000r\000a\000c\000t\000i\000o\000n\000a\000l\000\040\000A\000r\000i\000t\000h\000m\000e\000t\000i\000c\000\040\000S\000y\000s\000t\000e\000m}{}% 8
\BOOKMARK [2][-]{subsection.3.1}{\376\377\000c\000o\000m\000p\000o\000s\000i\000t\000i\000o\000n\000\137\000e\000n\000g\000i\000n\000e\000.\000p\000l}{section.3}% 9
\BOOKMARK [2][-]{subsection.3.2}{\376\377\000f\000r\000a\000c\000t\000i\000o\000n\000\137\000s\000e\000m\000a\000n\000t\000i\000c\000s\000.\000p\000l}{section.3}% 10
\BOOKMARK [2][-]{subsection.3.3}{\376\377\000g\000r\000o\000u\000n\000d\000e\000d\000\137\000e\000n\000s\000\137\000o\000p\000e\000r\000a\000t\000i\000o\000n\000s\000.\000p\000l}{section.3}% 11
\BOOKMARK [2][-]{subsection.3.4}{\376\377\000n\000o\000r\000m\000a\000l\000i\000z\000a\000t\000i\000o\000n\000.\000p\000l}{section.3}% 12
\BOOKMARK [2][-]{subsection.3.5}{\376\377\000j\000a\000s\000o\000n\000.\000p\000l}{section.3}% 13
\BOOKMARK [2][-]{subsection.3.6}{\376\377\000t\000e\000s\000t\000\137\000f\000r\000a\000c\000t\000i\000o\000n\000a\000l\000\137\000a\000r\000i\000t\000h\000m\000e\000t\000i\000c\000.\000p\000l}{section.3}% 14
\BOOKMARK [1][-]{section.4}{\376\377\000P\000r\000o\000l\000o\000g\000\040\000s\000o\000u\000r\000c\000e\000\040\000\050\000r\000o\000o\000t\000\051}{}% 15
\BOOKMARK [2][-]{subsection.4.1}{\376\377\000c\000o\000n\000f\000i\000g\000.\000p\000l}{section.4}% 16
\BOOKMARK [2][-]{subsection.4.2}{\376\377\000e\000x\000e\000c\000u\000t\000i\000o\000n\000\137\000h\000a\000n\000d\000l\000e\000r\000.\000p\000l}{section.4}% 17
\BOOKMARK [2][-]{subsection.4.3}{\376\377\000f\000s\000m\000\137\000e\000n\000g\000i\000n\000e\000.\000p\000l}{section.4}% 18
\BOOKMARK [2][-]{subsection.4.4}{\376\377\000g\000r\000o\000u\000n\000d\000e\000d\000\137\000a\000r\000i\000t\000h\000m\000e\000t\000i\000c\000.\000p\000l}{section.4}% 19
\BOOKMARK [2][-]{subsection.4.5}{\376\377\000g\000r\000o\000u\000n\000d\000e\000d\000\137\000u\000t\000i\000l\000s\000.\000p\000l}{section.4}% 20
\BOOKMARK [2][-]{subsection.4.6}{\376\377\000h\000e\000r\000m\000e\000n\000e\000u\000t\000i\000c\000\137\000c\000a\000l\000c\000u\000l\000a\000t\000o\000r\000.\000p\000l}{section.4}% 21
\BOOKMARK [2][-]{subsection.4.7}{\376\377\000i\000n\000c\000o\000m\000p\000a\000t\000i\000b\000i\000l\000i\000t\000y\000\137\000s\000e\000m\000a\000n\000t\000i\000c\000s\000.\000p\000l}{section.4}% 22
\BOOKMARK [2][-]{subsection.4.8}{\376\377\000i\000n\000t\000e\000r\000a\000c\000t\000i\000v\000e\000\137\000u\000i\000.\000p\000l}{section.4}% 23
\BOOKMARK [2][-]{subsection.4.9}{\376\377\000j\000a\000s\000o\000n\000.\000p\000l}{section.4}% 24
\BOOKMARK [2][-]{subsection.4.10}{\376\377\000l\000e\000a\000r\000n\000e\000d\000\137\000k\000n\000o\000w\000l\000e\000d\000g\000e\000.\000p\000l}{section.4}% 25
\BOOKMARK [2][-]{subsection.4.11}{\376\377\000m\000a\000i\000n\000.\000p\000l}{section.4}% 26
\BOOKMARK [2][-]{subsection.4.12}{\376\377\000m\000e\000t\000a\000\137\000i\000n\000t\000e\000r\000p\000r\000e\000t\000e\000r\000.\000p\000l}{section.4}% 27
\BOOKMARK [2][-]{subsection.4.13}{\376\377\000m\000o\000r\000e\000\137\000m\000a\000c\000h\000i\000n\000e\000\137\000l\000e\000a\000r\000n\000e\000r\000.\000p\000l}{section.4}% 28
\BOOKMARK [2][-]{subsection.4.14}{\376\377\000o\000b\000j\000e\000c\000t\000\137\000l\000e\000v\000e\000l\000.\000p\000l}{section.4}% 29
\BOOKMARK [2][-]{subsection.4.15}{\376\377\000r\000e\000f\000l\000e\000c\000t\000i\000v\000e\000\137\000m\000o\000n\000i\000t\000o\000r\000.\000p\000l}{section.4}% 30
\BOOKMARK [2][-]{subsection.4.16}{\376\377\000r\000e\000o\000r\000g\000a\000n\000i\000z\000a\000t\000i\000o\000n\000\137\000e\000n\000g\000i\000n\000e\000.\000p\000l}{section.4}% 31
\BOOKMARK [2][-]{subsection.4.17}{\376\377\000r\000e\000o\000r\000g\000a\000n\000i\000z\000a\000t\000i\000o\000n\000\137\000l\000o\000g\000.\000p\000l}{section.4}% 32
\BOOKMARK [2][-]{subsection.4.18}{\376\377\000s\000t\000r\000a\000t\000e\000g\000i\000e\000s\000.\000p\000l}{section.4}% 33
\BOOKMARK [2][-]{subsection.4.19}{\376\377\000t\000e\000s\000t\000\137\000b\000a\000s\000i\000c\000\137\000f\000u\000n\000c\000t\000i\000o\000n\000a\000l\000i\000t\000y\000.\000p\000l}{section.4}% 34
\BOOKMARK [2][-]{subsection.4.20}{\376\377\000t\000e\000s\000t\000\137\000c\000o\000m\000p\000r\000e\000h\000e\000n\000s\000i\000v\000e\000.\000p\000l}{section.4}% 35
\BOOKMARK [2][-]{subsection.4.21}{\376\377\000t\000e\000s\000t\000\137\000f\000r\000a\000c\000t\000i\000o\000n\000a\000l\000\137\000a\000r\000i\000t\000h\000m\000e\000t\000i\000c\000.\000p\000l}{section.4}% 36
\BOOKMARK [2][-]{subsection.4.22}{\376\377\000t\000e\000s\000t\000\137\000f\000u\000l\000l\000\137\000l\000o\000o\000p\000.\000p\000l}{section.4}% 37
\BOOKMARK [2][-]{subsection.4.23}{\376\377\000t\000e\000s\000t\000\137\000o\000r\000r\000\137\000c\000y\000c\000l\000e\000.\000p\000l}{section.4}% 38
\BOOKMARK [2][-]{subsection.4.24}{\376\377\000t\000e\000s\000t\000\137\000s\000y\000n\000t\000h\000e\000s\000i\000s\000.\000p\000l}{section.4}% 39
\BOOKMARK [2][-]{subsection.4.25}{\376\377\000w\000o\000r\000k\000i\000n\000g\000\137\000s\000e\000r\000v\000e\000r\000.\000p\000l}{section.4}% 40
\BOOKMARK [1][-]{section.5}{\376\377\000S\000t\000u\000d\000e\000n\000t\000\040\000s\000t\000r\000a\000t\000e\000g\000y\000\040\000m\000o\000d\000e\000l\000s\000\040\000\050\000S\000A\000R\000\040\000/\000\040\000S\000M\000R\000\051}{}% 41
\BOOKMARK [2][-]{subsection.5.1}{\376\377\000s\000a\000r\000\137\000a\000d\000d\000\137\000c\000h\000u\000n\000k\000i\000n\000g\000.\000p\000l}{section.5}% 42
\BOOKMARK [2][-]{subsection.5.2}{\376\377\000s\000a\000r\000\137\000a\000d\000d\000\137\000c\000o\000b\000o\000.\000p\000l}{section.5}% 43
\BOOKMARK [2][-]{subsection.5.3}{\376\377\000s\000a\000r\000\137\000a\000d\000d\000\137\000r\000m\000b\000.\000p\000l}{section.5}% 44
\BOOKMARK [2][-]{subsection.5.4}{\376\377\000s\000a\000r\000\137\000a\000d\000d\000\137\000r\000o\000u\000n\000d\000i\000n\000g\000.\000p\000l}{section.5}% 45
\BOOKMARK [2][-]{subsection.5.5}{\376\377\000s\000a\000r\000\137\000s\000u\000b\000\137\000c\000b\000b\000o\000\137\000t\000a\000k\000e\000\137\000a\000w\000a\000y\000.\000p\000l}{section.5}% 46
\BOOKMARK [2][-]{subsection.5.6}{\376\377\000s\000a\000r\000\137\000s\000u\000b\000\137\000c\000h\000u\000n\000k\000i\000n\000g\000\137\000a\000.\000p\000l}{section.5}% 47
\BOOKMARK [2][-]{subsection.5.7}{\376\377\000s\000a\000r\000\137\000s\000u\000b\000\137\000c\000h\000u\000n\000k\000i\000n\000g\000\137\000b\000.\000p\000l}{section.5}% 48
\BOOKMARK [2][-]{subsection.5.8}{\376\377\000s\000a\000r\000\137\000s\000u\000b\000\137\000c\000h\000u\000n\000k\000i\000n\000g\000\137\000c\000.\000p\000l}{section.5}% 49
\BOOKMARK [2][-]{subsection.5.9}{\376\377\000s\000a\000r\000\137\000s\000u\000b\000\137\000c\000o\000b\000o\000\137\000m\000i\000s\000s\000i\000n\000g\000\137\000a\000d\000d\000e\000n\000d\000.\000p\000l}{section.5}% 50
\BOOKMARK [2][-]{subsection.5.10}{\376\377\000s\000a\000r\000\137\000s\000u\000b\000\137\000d\000e\000c\000o\000m\000p\000o\000s\000i\000t\000i\000o\000n\000.\000p\000l}{section.5}% 51
\BOOKMARK [2][-]{subsection.5.11}{\376\377\000s\000a\000r\000\137\000s\000u\000b\000\137\000r\000o\000u\000n\000d\000i\000n\000g\000.\000p\000l}{section.5}% 52
\BOOKMARK [2][-]{subsection.5.12}{\376\377\000s\000a\000r\000\137\000s\000u\000b\000\137\000s\000l\000i\000d\000i\000n\000g\000.\000p\000l}{section.5}% 53
\BOOKMARK [2][-]{subsection.5.13}{\376\377\000s\000m\000r\000\137\000d\000i\000v\000\137\000c\000b\000o\000.\000p\000l}{section.5}% 54
\BOOKMARK [2][-]{subsection.5.14}{\376\377\000s\000m\000r\000\137\000d\000i\000v\000\137\000d\000e\000a\000l\000i\000n\000g\000\137\000b\000y\000\137\000o\000n\000e\000s\000.\000p\000l}{section.5}% 55
\BOOKMARK [2][-]{subsection.5.15}{\376\377\000s\000m\000r\000\137\000d\000i\000v\000\137\000i\000d\000p\000.\000p\000l}{section.5}% 56
\BOOKMARK [2][-]{subsection.5.16}{\376\377\000s\000m\000r\000\137\000d\000i\000v\000\137\000u\000c\000r\000.\000p\000l}{section.5}% 57
\BOOKMARK [2][-]{subsection.5.17}{\376\377\000s\000m\000r\000\137\000m\000u\000l\000t\000\137\000c\0002\000c\000.\000p\000l}{section.5}% 58
\BOOKMARK [2][-]{subsection.5.18}{\376\377\000s\000m\000r\000\137\000m\000u\000l\000t\000\137\000c\000b\000o\000.\000p\000l}{section.5}% 59
\BOOKMARK [2][-]{subsection.5.19}{\376\377\000s\000m\000r\000\137\000m\000u\000l\000t\000\137\000c\000o\000m\000m\000u\000t\000a\000t\000i\000v\000e\000\137\000r\000e\000a\000s\000o\000n\000i\000n\000g\000.\000p\000l}{section.5}% 60
\BOOKMARK [2][-]{subsection.5.20}{\376\377\000s\000m\000r\000\137\000m\000u\000l\000t\000\137\000d\000r\000.\000p\000l}{section.5}% 61
\BOOKMARK [1][-]{section.6}{\376\377\000S\000y\000s\000t\000e\000m\000\040\000D\000e\000m\000o\000n\000s\000t\000r\000a\000t\000i\000o\000n\000s\000\040\000a\000n\000d\000\040\000B\000e\000n\000c\000h\000m\000a\000r\000k\000s}{}% 62
\BOOKMARK [2][-]{subsection.6.1}{\376\377\000d\000e\000m\000o\000\137\000r\000e\000v\000o\000l\000u\000t\000i\000o\000n\000a\000r\000y\000\137\000s\000y\000s\000t\000e\000m\000.\000p\000l}{section.6}% 63
\BOOKMARK [2][-]{subsection.6.2}{\376\377\000f\000i\000n\000a\000l\000\137\000d\000e\000m\000o\000.\000p\000l}{section.6}% 64
\BOOKMARK [2][-]{subsection.6.3}{\376\377\000s\000h\000o\000w\000c\000a\000s\000e\000\137\000g\000r\000o\000u\000n\000d\000e\000d\000\137\000s\000y\000s\000t\000e\000m\000.\000p\000l}{section.6}% 65
\BOOKMARK [2][-]{subsection.6.4}{\376\377\000m\000a\000t\000h\000\137\000b\000e\000n\000c\000h\000m\000a\000r\000k\000.\000p\000l}{section.6}% 66
\BOOKMARK [1][-]{section.7}{\376\377\000N\000e\000u\000r\000o\000\040\000\050\000b\000r\000i\000d\000g\000e\000,\000\040\000l\000e\000a\000r\000n\000e\000d\000\040\000s\000t\000r\000a\000t\000e\000g\000i\000e\000s\000,\000\040\000t\000e\000s\000t\000s\000\051}{}% 67
\BOOKMARK [2][-]{subsection.7.1}{\376\377\000n\000e\000u\000r\000o\000/\000n\000e\000u\000r\000o\000\137\000s\000y\000m\000b\000o\000l\000i\000c\000\137\000b\000r\000i\000d\000g\000e\000.\000p\000l}{section.7}% 68
\BOOKMARK [2][-]{subsection.7.2}{\376\377\000n\000e\000u\000r\000o\000/\000l\000e\000a\000r\000n\000e\000d\000\137\000k\000n\000o\000w\000l\000e\000d\000g\000e\000\137\000v\0002\000.\000p\000l}{section.7}% 69
\BOOKMARK [2][-]{subsection.7.3}{\376\377\000n\000e\000u\000r\000o\000/\000t\000e\000s\000t\000\137\000s\000y\000n\000t\000h\000e\000s\000i\000s\000.\000p\000l}{section.7}% 70
\BOOKMARK [2][-]{subsection.7.4}{\376\377\000n\000e\000u\000r\000o\000/\000i\000n\000c\000o\000m\000p\000a\000t\000i\000b\000i\000l\000i\000t\000y\000\137\000s\000e\000m\000a\000n\000t\000i\000c\000s\000.\000p\000y}{section.7}% 71
\BOOKMARK [2][-]{subsection.7.5}{\376\377\000n\000e\000u\000r\000o\000/\000i\000n\000c\000o\000m\000p\000a\000t\000i\000b\000i\000l\000i\000t\000y\000\137\000s\000e\000m\000a\000n\000t\000i\000c\000s\000.\000p\000l}{section.7}% 72
\BOOKMARK [1][-]{section.8}{\376\377\000U\000t\000i\000l\000i\000t\000i\000e\000s\000\040\000a\000n\000d\000\040\000s\000c\000r\000i\000p\000t\000s}{}% 73
\BOOKMARK [2][-]{subsection.8.1}{\376\377\000s\000e\000r\000v\000e\000\137\000l\000o\000c\000a\000l\000.\000p\000y}{section.8}% 74
\BOOKMARK [2][-]{subsection.8.2}{\376\377\000s\000t\000a\000r\000t\000\137\000s\000y\000s\000t\000e\000m\000.\000s\000h}{section.8}% 75
\BOOKMARK [2][-]{subsection.8.3}{\376\377\000c\000o\000u\000n\000t\000i\000n\000g\0002\000.\000p\000y}{section.8}% 76
\BOOKMARK [2][-]{subsection.8.4}{\376\377\000c\000o\000u\000n\000t\000i\000n\000g\0002\000.\000p\000l}{section.8}% 77
\BOOKMARK [2][-]{subsection.8.5}{\376\377\000c\000o\000u\000n\000t\000i\000n\000g\000\137\000o\000n\000\137\000b\000a\000c\000k\000.\000p\000y}{section.8}% 78
\BOOKMARK [2][-]{subsection.8.6}{\376\377\000c\000o\000u\000n\000t\000i\000n\000g\000\137\000o\000n\000\137\000b\000a\000c\000k\000.\000p\000l}{section.8}% 79
\BOOKMARK [1][-]{section.9}{\376\377\000F\000r\000o\000n\000t\000e\000n\000d\000\040\000\050\000H\000T\000M\000L\000\040\000/\000\040\000J\000S\000\040\000/\000\040\000C\000S\000S\000\051}{}% 80
\BOOKMARK [2][-]{subsection.9.1}{\376\377\000i\000n\000d\000e\000x\000.\000h\000t\000m\000l}{section.9}% 81
\BOOKMARK [2][-]{subsection.9.2}{\376\377\000c\000o\000g\000n\000i\000t\000i\000o\000n\000\137\000v\000i\000z\000.\000h\000t\000m\000l}{section.9}% 82
\BOOKMARK [2][-]{subsection.9.3}{\376\377\000s\000c\000r\000i\000p\000t\000.\000j\000s}{section.9}% 83
\BOOKMARK [2][-]{subsection.9.4}{\376\377\000s\000t\000y\000l\000e\000.\000c\000s\000s}{section.9}% 84
\BOOKMARK [1][-]{section.10}{\376\377\000F\000r\000a\000c\000t\000i\000o\000n\000\040\000a\000n\000d\000\040\000a\000r\000i\000t\000h\000m\000e\000t\000i\000c\000\040\000h\000e\000l\000p\000e\000r\000s}{}% 85
\BOOKMARK [1][-]{section.11}{\376\377\000O\000t\000h\000e\000r\000\040\000n\000o\000t\000a\000b\000l\000e\000\040\000f\000i\000l\000e\000s}{}% 86
\BOOKMARK [2][-]{subsection.11.1}{\376\377\000c\000o\000n\000f\000i\000g\000.\000p\000l}{section.11}% 87
\BOOKMARK [2][-]{subsection.11.2}{\376\377\000m\000o\000r\000e\000\137\000m\000a\000c\000h\000i\000n\000e\000\137\000l\000e\000a\000r\000n\000e\000r\000.\000p\000l}{section.11}% 88
\BOOKMARK [1][-]{section.12}{\376\377\000D\000o\000c\000u\000m\000e\000n\000t\000a\000t\000i\000o\000n\000\040\000a\000n\000d\000\040\000S\000p\000e\000c\000i\000f\000i\000c\000a\000t\000i\000o\000n\000s}{}% 89
\BOOKMARK [2][-]{subsection.12.1}{\376\377\000e\000d\000i\000t\000i\000n\000g\000\137\000g\000u\000i\000d\000e\000\137\000f\000r\000a\000c\000t\000i\000o\000n\000s\000.\000m\000d}{section.12}% 90
\BOOKMARK [2][-]{subsection.12.2}{\376\377\000m\000a\000t\000h\000e\000m\000a\000t\000i\000c\000a\000l\000\137\000c\000u\000r\000r\000i\000c\000u\000l\000u\000m\000.\000t\000x\000t}{section.12}% 91
\BOOKMARK [2][-]{subsection.12.3}{\376\377\000c\000r\000i\000s\000i\000s\000\137\000c\000u\000r\000r\000i\000c\000u\000l\000u\000m\000.\000t\000x\000t}{section.12}% 92
\BOOKMARK [1][-]{section.13}{\376\377\000R\000e\000p\000o\000s\000i\000t\000o\000r\000y\000\040\000R\000E\000A\000D\000M\000E}{}% 93
\BOOKMARK [2][-]{subsection.13.1}{\376\377\000r\000e\000a\000d\000m\000e\000.\000m\000d}{section.13}% 94
